NavCoder_Log_20110706_232519.log:06.07.2011 23:25:26.203:  BMBT --> RAD : Device status request
NavCoder_Log_20110706_232519.log:06.07.2011 23:25:36.218:  BMBT --> RAD : Device status request
NavCoder_Log_20110706_232519.log:06.07.2011 23:25:46.656:  BMBT --> RAD : Device status request
NavCoder_Log_20110706_232519.log:06.07.2011 23:25:56.250:  BMBT --> RAD : Device status request
NavCoder_Log_20110706_232519.log:06.07.2011 23:26:06.328:  BMBT --> RAD : Device status request
NavCoder_Log_20110706_232519.log:06.07.2011 23:26:16.312:  BMBT --> RAD : Device status request
NavCoder_Log_20110706_232519.log:06.07.2011 23:26:26.312:  BMBT --> RAD : Device status request
NavCoder_Log_20110706_232519.log:06.07.2011 23:26:36.328:  BMBT --> RAD : Device status request
NavCoder_Log_20110706_232519.log:06.07.2011 23:26:46.343:  BMBT --> RAD : Device status request
NavCoder_Log_20110706_232519.log:06.07.2011 23:26:56.375:  BMBT --> RAD : Device status request
NavCoder_Log_20110706_232519.log:06.07.2011 23:27:06.390:  BMBT --> RAD : Device status request
NavCoder_Log_20110706_232519.log:06.07.2011 23:27:16.406:  BMBT --> RAD : Device status request
NavCoder_Log_20110706_232519.log:06.07.2011 23:27:26.421:  BMBT --> RAD : Device status request
NavCoder_Log_20110706_232519.log:06.07.2011 23:27:36.437:  BMBT --> RAD : Device status request
NavCoder_Log_20110706_232519.log:06.07.2011 23:27:46.468:  BMBT --> RAD : Device status request
NavCoder_Log_20110706_232519.log:06.07.2011 23:27:57.437:  BMBT --> RAD : Device status request
NavCoder_Log_20110706_232519.log:06.07.2011 23:28:06.500:  BMBT --> RAD : Device status request
NavCoder_Log_20110706_232519.log:06.07.2011 23:28:16.515:  BMBT --> RAD : Device status request
NavCoder_Log_20110706_232519.log:06.07.2011 23:28:26.531:  BMBT --> RAD : Device status request
NavCoder_Log_20110706_232519.log:06.07.2011 23:28:36.546:  BMBT --> RAD : Device status request
NavCoder_Log_20110706_232519.log:06.07.2011 23:28:46.578:  BMBT --> RAD : Device status request
NavCoder_Log_20110706_232519.log:06.07.2011 23:28:56.593:  BMBT --> RAD : Device status request
NavCoder_Log_20110707_165752.log:07.07.2011 16:58:01.187:  BMBT --> RAD : Device status request
NavCoder_Log_20110707_165752.log:07.07.2011 16:58:11.203:  BMBT --> RAD : Device status request
NavCoder_Log_20110707_165752.log:07.07.2011 16:58:21.234:  BMBT --> RAD : Device status request
NavCoder_Log_20110707_165752.log:07.07.2011 16:58:31.250:  BMBT --> RAD : Device status request
NavCoder_Log_20110707_165752.log:07.07.2011 16:58:41.265:  BMBT --> RAD : Device status request
NavCoder_Log_20110707_165752.log:07.07.2011 16:58:51.281:  BMBT --> RAD : Device status request
NavCoder_Log_20110707_165752.log:07.07.2011 16:59:01.312:  BMBT --> RAD : Device status request
NavCoder_Log_20110707_165752.log:07.07.2011 16:59:11.328:  BMBT --> RAD : Device status request
NavCoder_Log_20110707_165752.log:07.07.2011 16:59:21.343:  BMBT --> RAD : Device status request
NavCoder_Log_20110720_220634.log:20.07.2011 22:06:43.312:  BMBT --> RAD : Device status request
NavCoder_Log_20110720_220634.log:20.07.2011 22:06:53.515:  BMBT --> RAD : Device status request
NavCoder_Log_20110720_220634.log:20.07.2011 22:07:03.312:  BMBT --> RAD : Device status request
NavCoder_Log_20110720_220634.log:20.07.2011 22:07:13.312:  BMBT --> RAD : Device status request
NavCoder_Log_20110720_220634.log:20.07.2011 22:07:23.343:  BMBT --> RAD : Device status request
NavCoder_Log_20110720_220634.log:20.07.2011 22:07:33.359:  BMBT --> RAD : Device status request
NavCoder_Log_20110720_220634.log:20.07.2011 22:07:43.375:  BMBT --> RAD : Device status request
NavCoder_Log_20110720_220634.log:20.07.2011 22:07:53.390:  BMBT --> RAD : Device status request
NavCoder_Log_20110720_220634.log:20.07.2011 22:08:03.421:  BMBT --> RAD : Device status request
NavCoder_Log_20110724_183411.log:24.07.2011 18:34:17.870:  BMBT --> RAD : Device status request
NavCoder_Log_20110724_183411.log:24.07.2011 18:34:27.885:  BMBT --> RAD : Device status request
NavCoder_Log_20110724_183411.log:24.07.2011 18:34:37.917:  BMBT --> RAD : Device status request
NavCoder_Log_20110724_183411.log:24.07.2011 18:34:47.917:  BMBT --> RAD : Device status request
NavCoder_Log_20110724_183411.log:24.07.2011 18:34:57.948:  BMBT --> RAD : Device status request
NavCoder_Log_20110724_183411.log:24.07.2011 18:35:07.964:  BMBT --> RAD : Device status request
NavCoder_Log_20110724_183411.log:24.07.2011 18:35:17.979:  BMBT --> RAD : Device status request
NavCoder_Log_20110724_183411.log:24.07.2011 18:35:28.010:  BMBT --> RAD : Device status request
NavCoder_Log_20110724_183411.log:24.07.2011 18:35:38.010:  BMBT --> RAD : Device status request
NavCoder_Log_20110805_164649.log:05.08.2011 16:46:57.906:  BMBT --> RAD : Device status request
NavCoder_Log_20110805_164649.log:05.08.2011 16:47:07.968:  BMBT --> RAD : Device status request
NavCoder_Log_20110805_164649.log:05.08.2011 16:47:17.937:  BMBT --> RAD : Device status request
NavCoder_Log_20110805_164649.log:05.08.2011 16:47:27.953:  BMBT --> RAD : Device status request
NavCoder_Log_20110805_164649.log:05.08.2011 16:47:37.968:  BMBT --> RAD : Device status request
NavCoder_Log_20110805_164649.log:05.08.2011 16:47:48.000:  BMBT --> RAD : Device status request
NavCoder_Log_20110805_164649.log:05.08.2011 16:47:58.062:  BMBT --> RAD : Device status request
NavCoder_Log_20110805_164649.log:05.08.2011 16:48:08.031:  BMBT --> RAD : Device status request
NavCoder_Log_20110805_164649.log:05.08.2011 16:48:18.046:  BMBT --> RAD : Device status request
NavCoder_Log_20110822_221424.log:22.08.2011 22:14:31.359:  BMBT --> RAD : Device status request
NavCoder_Log_20110822_221424.log:22.08.2011 22:14:41.375:  BMBT --> RAD : Device status request
NavCoder_Log_20110822_221424.log:22.08.2011 22:14:51.391:  BMBT --> RAD : Device status request
NavCoder_Log_20110822_221424.log:22.08.2011 22:15:01.407:  BMBT --> RAD : Device status request
NavCoder_Log_20110822_221424.log:22.08.2011 22:15:11.470:  BMBT --> RAD : Device status request
NavCoder_Log_20110822_221424.log:22.08.2011 22:15:21.440:  BMBT --> RAD : Device status request
NavCoder_Log_20110822_221424.log:22.08.2011 22:15:31.472:  BMBT --> RAD : Device status request
NavCoder_Log_20110822_221424.log:22.08.2011 22:15:41.503:  BMBT --> RAD : Device status request
NavCoder_Log_20110822_221424.log:22.08.2011 22:15:51.535:  BMBT --> RAD : Device status request
NavCoder_Log_20110822_221424.log:22.08.2011 22:16:01.520:  BMBT --> RAD : Device status request
NavCoder_Log_20110823_230430.log:23.08.2011 23:04:38.093:  BMBT --> RAD : Device status request
NavCoder_Log_20110823_230430.log:23.08.2011 23:04:48.093:  BMBT --> RAD : Device status request
NavCoder_Log_20110823_230430.log:23.08.2011 23:04:58.109:  BMBT --> RAD : Device status request
NavCoder_Log_20110823_230430.log:23.08.2011 23:05:08.156:  BMBT --> RAD : Device status request
NavCoder_Log_20110823_230430.log:23.08.2011 23:05:18.250:  BMBT --> RAD : Device status request
NavCoder_Log_20110823_230430.log:23.08.2011 23:05:28.187:  BMBT --> RAD : Device status request
NavCoder_Log_20110823_230430.log:23.08.2011 23:05:38.250:  BMBT --> RAD : Device status request
NavCoder_Log_20110823_230430.log:23.08.2011 23:05:48.296:  BMBT --> RAD : Device status request
NavCoder_Log_20110823_230430.log:23.08.2011 23:05:58.296:  BMBT --> RAD : Device status request
NavCoder_Log_20110823_230430.log:23.08.2011 23:06:08.421:  BMBT --> RAD : Device status request
NavCoder_Log_20110823_230430.log:23.08.2011 23:06:18.375:  BMBT --> RAD : Device status request
NavCoder_Log_20110823_230430.log:23.08.2011 23:06:28.421:  BMBT --> RAD : Device status request
NavCoder_Log_20110823_230430.log:23.08.2011 23:06:38.375:  BMBT --> RAD : Device status request
NavCoder_Log_20110823_230430.log:23.08.2011 23:06:48.406:  BMBT --> RAD : Device status request
NavCoder_Log_20110823_230430.log:23.08.2011 23:06:52.546:  RAD  --> BMBT: Cassette control: Power_Off
NavCoder_Log_20110823_230430.log:23.08.2011 23:06:52.593:  BMBT --> RAD : Cassette status:  No_Tape
NavCoder_Log_20110823_230430.log:23.08.2011 23:06:55.031:  VID  --> BMBT: RGB control: LCD_on GT
NavCoder_Log_20110823_230430.log:23.08.2011 23:06:55.109:  GT   --> BMBT: RGB control: LCD_on GT
NavCoder_Log_20110823_230430.log:23.08.2011 23:06:55.250:  VID  --> BMBT: RGB control: LCD_on TV
NavCoder_Log_20110823_230430.log:23.08.2011 23:06:56.093:  RAD  --> BMBT: Cassette control: State_unknown, Data="90"
NavCoder_Log_20110823_230430.log:23.08.2011 23:06:56.156:  BMBT --> RAD : Cassette status:  No_Tape
NavCoder_Log_20110823_230430.log:23.08.2011 23:06:56.250:  RAD  --> BMBT: Cassette control: Power_On
NavCoder_Log_20110823_230430.log:23.08.2011 23:06:56.312:  BMBT --> RAD : Cassette status:  No_Tape
NavCoder_Log_20110823_230430.log:23.08.2011 23:06:56.562:  RAD  --> BMBT: Cassette control: Power_Off
NavCoder_Log_20110823_230430.log:23.08.2011 23:06:56.671:  BMBT --> RAD : Cassette status:  No_Tape
NavCoder_Log_20110823_230430.log:23.08.2011 23:06:57.468:  VID  --> BMBT: RGB control: LCD_on GT
NavCoder_Log_20110823_230430.log:23.08.2011 23:06:57.515:  GT   --> BMBT: RGB control: LCD_on GT
NavCoder_Log_20110823_230430.log:23.08.2011 23:06:57.640:  VID  --> BMBT: RGB control: LCD_on TV
NavCoder_Log_20110823_230430.log:23.08.2011 23:06:58.734:  RAD  --> BMBT: Cassette control: State_unknown, Data="90"
NavCoder_Log_20110823_230430.log:23.08.2011 23:06:58.781:  BMBT --> RAD : Cassette status:  No_Tape
NavCoder_Log_20110823_230430.log:23.08.2011 23:06:58.890:  RAD  --> BMBT: Cassette control: Power_On
NavCoder_Log_20110823_230430.log:23.08.2011 23:06:58.937:  BMBT --> RAD : Cassette status:  No_Tape
NavCoder_Log_20110823_230430.log:23.08.2011 23:06:59.265:  RAD  --> BMBT: Cassette control: Power_Off
NavCoder_Log_20110823_230430.log:23.08.2011 23:06:59.328:  BMBT --> RAD : Cassette status:  No_Tape
NavCoder_Log_20110823_230430.log:23.08.2011 23:07:00.046:  VID  --> BMBT: RGB control: LCD_on GT
NavCoder_Log_20110823_230430.log:23.08.2011 23:07:00.062:  GT   --> BMBT: RGB control: LCD_on GT
NavCoder_Log_20110823_230430.log:23.08.2011 23:07:00.109:  VID  --> BMBT: RGB control: LCD_on TV
NavCoder_Log_20110823_230430.log:23.08.2011 23:07:00.390:  RAD  --> BMBT: Cassette control: State_unknown, Data="90"
NavCoder_Log_20110823_230430.log:23.08.2011 23:07:00.406:  BMBT --> RAD : Cassette status:  No_Tape
NavCoder_Log_20110823_230430.log:23.08.2011 23:07:00.703:  RAD  --> BMBT: Cassette control: Power_On
NavCoder_Log_20110823_230430.log:23.08.2011 23:07:00.734:  BMBT --> RAD : Cassette status:  No_Tape
NavCoder_Log_20110823_230430.log:23.08.2011 23:07:01.109:  RAD  --> BMBT: Cassette control: Power_Off
NavCoder_Log_20110823_230430.log:23.08.2011 23:07:01.125:  BMBT --> RAD : Cassette status:  No_Tape
NavCoder_Log_20110823_230430.log:24.08.2011 13:07:14.125:  BMBT --> RAD : Device status request
NavCoder_Log_20110823_230430.log:24.08.2011 13:07:24.203:  BMBT --> RAD : Device status request
NavCoder_Log_20110823_230430.log:24.08.2011 13:07:34.234:  BMBT --> RAD : Device status request
NavCoder_Log_20111007_150745.log:07.10.2011 15:07:55.015:  BMBT --> RAD : Device status request
NavCoder_Log_20111007_150745.log:07.10.2011 15:08:05.015:  BMBT --> RAD : Device status request
NavCoder_Log_20111007_150745.log:07.10.2011 15:08:15.046:  BMBT --> RAD : Device status request
NavCoder_Log_20111007_150745.log:07.10.2011 15:08:25.078:  BMBT --> RAD : Device status request
NavCoder_Log_20111007_150745.log:07.10.2011 15:08:35.078:  BMBT --> RAD : Device status request
NavCoder_Log_20111012_220721.log:12.10.2011 22:07:26.531:  BMBT --> RAD : Device status request
NavCoder_Log_20111012_220721.log:12.10.2011 22:07:36.562:  BMBT --> RAD : Device status request
NavCoder_Log_20111012_220721.log:12.10.2011 22:07:46.578:  BMBT --> RAD : Device status request
NavCoder_Log_20111012_220721.log:12.10.2011 22:07:56.593:  BMBT --> RAD : Device status request
NavCoder_Log_20111012_220721.log:12.10.2011 22:08:06.609:  BMBT --> RAD : Device status request
NavCoder_Log_20111012_220721.log:12.10.2011 22:08:16.640:  BMBT --> RAD : Device status request
NavCoder_Log_20111012_220721.log:12.10.2011 22:08:26.656:  BMBT --> RAD : Device status request
NavCoder_Log_20111012_220721.log:12.10.2011 22:08:36.671:  BMBT --> RAD : Device status request
NavCoder_Log_20111012_220721.log:12.10.2011 22:08:46.687:  BMBT --> RAD : Device status request
NavCoder_Log_20111013_210542.log:10/13/2011 9:05:45 PM.250:  BMBT --> RAD : Device status request
NavCoder_Log_20111013_210542.log:10/13/2011 9:05:55 PM.265:  BMBT --> RAD : Device status request
NavCoder_Log_20111013_210542.log:10/13/2011 9:06:05 PM.296:  BMBT --> RAD : Device status request
NavCoder_Log_20111013_210542.log:10/13/2011 9:06:15 PM.312:  BMBT --> RAD : Device status request
NavCoder_Log_20111013_210542.log:10/13/2011 9:06:25 PM.328:  BMBT --> RAD : Device status request
NavCoder_Log_20111015_165922.log:10/15/2011 4:59:50 PM.328:  BMBT --> RAD : Device status request
NavCoder_Log_20111015_165922.log:10/15/2011 5:00:00 PM.359:  BMBT --> RAD : Device status request
NavCoder_Log_20111015_165922.log:10/15/2011 5:00:10 PM.375:  BMBT --> RAD : Device status request
NavCoder_Log_20111015_165922.log:10/15/2011 5:00:20 PM.390:  BMBT --> RAD : Device status request
NavCoder_Log_20111015_165922.log:10/15/2011 5:00:30 PM.406:  BMBT --> RAD : Device status request
NavCoder_Log_20111015_165922.log:10/15/2011 5:00:40 PM.437:  BMBT --> RAD : Device status request
NavCoder_Log_20111015_165922.log:10/15/2011 5:00:50 PM.453:  BMBT --> RAD : Device status request
NavCoder_Log_20111015_165922.log:10/15/2011 5:01:00 PM.468:  BMBT --> RAD : Device status request
NavCoder_Log_20111025_232731.log:10/25/2011 11:30:37 PM.187:  VID  --> BMBT: RGB control: LCD_on GT
NavCoder_Log_20111025_232731.log:10/25/2011 11:31:09 PM.406:  VID  --> BMBT: RGB control: LCD_on GT
