20.07.2011 22:06:34.234:  !
20.07.2011 22:06:34.234:  ! NavCoder v2.8.350 [DE] [i/k-bus] logging started
20.07.2011 22:06:34.250:  ! Running on Windows XP Professional (Service Pack 3)  [de-DE]
20.07.2011 22:06:34.250:  ! [Procotol = i/k-bus]
20.07.2011 22:06:43.312:  F0 03 68 01 9A
20.07.2011 22:06:43.312:  BMBT --> RAD : Device status request
20.07.2011 22:06:43.328:  3B 03 80 01 B9
20.07.2011 22:06:43.328:  GT   --> IKE : Device status request
20.07.2011 22:06:43.328:  3B 03 6A 01 53
20.07.2011 22:06:43.328:  GT   --> DSP : Device status request
20.07.2011 22:06:43.343:  6A 04 FF 02 00 93
20.07.2011 22:06:43.343:  DSP  --> LOC : Device status ready
20.07.2011 22:06:43.343:  3B 03 C8 01 F1
20.07.2011 22:06:43.343:  GT   --> TEL : Device status request
20.07.2011 22:06:43.359:  80 04 BF 02 00 39
20.07.2011 22:06:43.359:  IKE  --> GLO : Device status ready
20.07.2011 22:06:43.359:  C8 04 FF 02 30 01
20.07.2011 22:06:43.359:  TEL  --> LOC : Device status ready Assist_ready_after_Reset Bit5
20.07.2011 22:06:43.375:  3B 03 ED 01 D4
20.07.2011 22:06:43.375:  GT   --> VID : Device status request
20.07.2011 22:06:43.390:  ED 04 3B 02 00 D0
20.07.2011 22:06:43.390:  VID  --> GT  : Device status ready
20.07.2011 22:06:43.390:  68 04 BF 02 00 D1
20.07.2011 22:06:43.390:  RAD  --> GLO : Device status ready
20.07.2011 22:06:53.500:  3B 03 80 01 B9
20.07.2011 22:06:53.500:  GT   --> IKE : Device status request
20.07.2011 22:06:53.515:  3B 03 6A 01 53
20.07.2011 22:06:53.515:  GT   --> DSP : Device status request
20.07.2011 22:06:53.515:  6A 04 FF 02 00 93
20.07.2011 22:06:53.515:  DSP  --> LOC : Device status ready
20.07.2011 22:06:53.515:  F0 03 68 01 9A
20.07.2011 22:06:53.515:  BMBT --> RAD : Device status request
20.07.2011 22:06:53.531:  80 04 BF 02 00 39
20.07.2011 22:06:53.531:  IKE  --> GLO : Device status ready
20.07.2011 22:06:53.531:  3B 03 C8 01 F1
20.07.2011 22:06:53.531:  GT   --> TEL : Device status request
20.07.2011 22:06:53.531:  C8 04 FF 02 30 01
20.07.2011 22:06:53.531:  TEL  --> LOC : Device status ready Assist_ready_after_Reset Bit5
20.07.2011 22:06:53.546:  3B 03 ED 01 D4
20.07.2011 22:06:53.546:  GT   --> VID : Device status request
20.07.2011 22:06:53.546:  ED 04 3B 02 00 D0
20.07.2011 22:06:53.546:  VID  --> GT  : Device status ready
20.07.2011 22:06:53.562:  68 04 BF 02 00 D1
20.07.2011 22:06:53.562:  RAD  --> GLO : Device status ready
20.07.2011 22:06:55.359:  3F 03 D0 00 EC
20.07.2011 22:06:55.359:  DIA  --> LCM : Read identity
20.07.2011 22:06:55.421:  D0 0F 3F A0 08 38 62 08 01 18 13 00 46 99 09 41 87
20.07.2011 22:06:55.421:  LCM  --> DIA : Diagnostic command acknowledged, Data="08 38 62 08 01 18 13 00 46 99 09 41"    [ 8b     F™ A]
20.07.2011 22:06:55.500:  3F 04 D0 08 00 E3
20.07.2011 22:06:55.500:  DIA  --> LCM : Read coding data, Data="00"    [ ]
20.07.2011 22:06:55.562:  D0 23 3F A0 00 86 00 08 01 00 65 71 00 00 00 00 00 00 00 AD 00 4E 40 90 08 00 0B 80 00 00 00 28 2C 01 00 00 42
20.07.2011 22:06:55.562:  LCM  --> DIA : Diagnostic command acknowledged, Data="00 86 00 08 01 00 65 71 00 00 00 00 00 00 00 AD 00 4E 40 90 08 00 0B 80 00 00 00 28 2C 01 00 00"    [ †    eq       ­ N@   €   (,   ]
20.07.2011 22:06:55.671:  ! LKM lesen - LKM Codierung erfolgreich gelesen.  NavCoder wurde mit den aktuellen LKM-Einstellungen aktualisiert.
20.07.2011 22:07:00.296:  7F 14 C8 A2 00 00 54 22 07 40 00 13 28 44 50 00 00 00 00 00 00 1F
20.07.2011 22:07:00.296:  NAV  --> TEL : Current position: 54°22'7.4"N  13°28'44.5"E
20.07.2011 22:07:00.343:  7F 23 C8 A4 00 01 50 55 54 42 55 53 00 00 00 00 00 00 00 00 00 00 00 00 00 00 00 00 00 00 00 00 00 00 00 00 24
20.07.2011 22:07:00.343:  NAV  --> TEL : Current location: Town = PUTBUS
20.07.2011 22:07:00.406:  7F 23 C8 A4 00 02 50 41 52 4B 3B 00 00 00 00 00 00 00 00 00 00 00 00 00 00 00 00 00 00 00 00 00 00 00 00 00 01
20.07.2011 22:07:00.406:  NAV  --> TEL : Current location: Street = PARK;
20.07.2011 22:07:03.234:  3B 03 80 01 B9
20.07.2011 22:07:03.234:  GT   --> IKE : Device status request
20.07.2011 22:07:03.250:  3B 03 6A 01 53
20.07.2011 22:07:03.250:  GT   --> DSP : Device status request
20.07.2011 22:07:03.265:  6A 04 FF 02 00 93
20.07.2011 22:07:03.265:  DSP  --> LOC : Device status ready
20.07.2011 22:07:03.281:  3B 03 C8 01 F1
20.07.2011 22:07:03.281:  GT   --> TEL : Device status request
20.07.2011 22:07:03.281:  80 04 BF 02 00 39
20.07.2011 22:07:03.281:  IKE  --> GLO : Device status ready
20.07.2011 22:07:03.296:  C8 04 FF 02 30 01
20.07.2011 22:07:03.296:  TEL  --> LOC : Device status ready Assist_ready_after_Reset Bit5
20.07.2011 22:07:03.312:  F0 03 68 01 9A
20.07.2011 22:07:03.312:  BMBT --> RAD : Device status request
20.07.2011 22:07:03.328:  3B 03 ED 01 D4
20.07.2011 22:07:03.328:  GT   --> VID : Device status request
20.07.2011 22:07:03.328:  ED 04 3B 02 00 D0
20.07.2011 22:07:03.328:  VID  --> GT  : Device status ready
20.07.2011 22:07:03.359:  68 04 BF 02 00 D1
20.07.2011 22:07:03.359:  RAD  --> GLO : Device status ready
20.07.2011 22:07:06.437:  7F 0B 80 1F 40 20 07 20 00 07 20 11 9A
20.07.2011 22:07:06.437:  NAV  --> IKE : Time & date: UTC  20:07 20 Juli 2011
20.07.2011 22:07:13.203:  3B 03 80 01 B9
20.07.2011 22:07:13.203:  GT   --> IKE : Device status request
20.07.2011 22:07:13.234:  3B 03 6A 01 53
20.07.2011 22:07:13.234:  GT   --> DSP : Device status request
20.07.2011 22:07:13.234:  6A 04 FF 02 00 93
20.07.2011 22:07:13.234:  DSP  --> LOC : Device status ready
20.07.2011 22:07:13.250:  3B 03 C8 01 F1
20.07.2011 22:07:13.250:  GT   --> TEL : Device status request
20.07.2011 22:07:13.265:  C8 04 FF 02 30 01
20.07.2011 22:07:13.265:  TEL  --> LOC : Device status ready Assist_ready_after_Reset Bit5
20.07.2011 22:07:13.265:  80 04 BF 02 00 39
20.07.2011 22:07:13.265:  IKE  --> GLO : Device status ready
20.07.2011 22:07:13.296:  3B 03 ED 01 D4
20.07.2011 22:07:13.296:  GT   --> VID : Device status request
20.07.2011 22:07:13.296:  ED 04 3B 02 00 D0
20.07.2011 22:07:13.296:  VID  --> GT  : Device status ready
20.07.2011 22:07:13.312:  F0 03 68 01 9A
20.07.2011 22:07:13.312:  BMBT --> RAD : Device status request
20.07.2011 22:07:13.343:  68 04 BF 02 00 D1
20.07.2011 22:07:13.343:  RAD  --> GLO : Device status ready
20.07.2011 22:07:14.859:  80 0A BF 17 49 4C 03 80 1F 02 CC 75
20.07.2011 22:07:14.859:  IKE  --> GLO : Odometer: 216.137 km
20.07.2011 22:07:23.187:  3B 03 80 01 B9
20.07.2011 22:07:23.187:  GT   --> IKE : Device status request
20.07.2011 22:07:23.203:  3B 03 6A 01 53
20.07.2011 22:07:23.203:  GT   --> DSP : Device status request
20.07.2011 22:07:23.218:  6A 04 FF 02 00 93
20.07.2011 22:07:23.218:  DSP  --> LOC : Device status ready
20.07.2011 22:07:23.234:  80 04 BF 02 00 39
20.07.2011 22:07:23.234:  IKE  --> GLO : Device status ready
20.07.2011 22:07:23.234:  3B 03 C8 01 F1
20.07.2011 22:07:23.234:  GT   --> TEL : Device status request
20.07.2011 22:07:23.250:  C8 04 FF 02 30 01
20.07.2011 22:07:23.250:  TEL  --> LOC : Device status ready Assist_ready_after_Reset Bit5
20.07.2011 22:07:23.265:  3B 03 ED 01 D4
20.07.2011 22:07:23.265:  GT   --> VID : Device status request
20.07.2011 22:07:23.281:  ED 04 3B 02 00 D0
20.07.2011 22:07:23.281:  VID  --> GT  : Device status ready
20.07.2011 22:07:23.343:  F0 03 68 01 9A
20.07.2011 22:07:23.343:  BMBT --> RAD : Device status request
20.07.2011 22:07:23.359:  68 04 BF 02 00 D1
20.07.2011 22:07:23.359:  RAD  --> GLO : Device status ready
20.07.2011 22:07:28.359:  3F 04 D0 08 00 E3
20.07.2011 22:07:28.359:  DIA  --> LCM : Read coding data, Data="00"    [ ]
20.07.2011 22:07:28.421:  D0 23 3F A0 00 86 00 08 01 00 65 71 00 00 00 00 00 00 00 AD 00 4E 40 90 08 00 0B 80 00 00 00 28 2C 01 00 00 42
20.07.2011 22:07:28.421:  LCM  --> DIA : Diagnostic command acknowledged, Data="00 86 00 08 01 00 65 71 00 00 00 00 00 00 00 AD 00 4E 40 90 08 00 0B 80 00 00 00 28 2C 01 00 00"    [ †    eq       ­ N@   €   (,   ]
20.07.2011 22:07:28.562:  3F 23 D0 09 00 86 00 08 01 00 65 6E 00 00 00 00 00 00 00 2D 00 4E 40 90 00 00 0B 80 00 00 00 28 2C 01 00 00 7C
20.07.2011 22:07:28.562:  DIA  --> LCM : Write coding data, Data="00 86 00 08 01 00 65 6E 00 00 00 00 00 00 00 2D 00 4E 40 90 00 00 0B 80 00 00 00 28 2C 01 00 00"    [ †    en       - N@   €   (,   ]
20.07.2011 22:07:28.562:  D0 03 3F A0 4C
20.07.2011 22:07:28.562:  LCM  --> DIA : Diagnostic command acknowledged
20.07.2011 22:07:28.734:  ! LKM codieren - Das LKM hat die Codierung als erfolgreich bestätigt.  Bitte die Zündung ausschalten, warte 10s, dann schalten Sie die Zündung wieden ein, um das LKM zurückzusetzen.  Bitte kontrollieren Sie ob die geändetet Einstellung richtig funktioniert.
20.07.2011 22:07:30.203:  7F 14 C8 A2 00 00 54 22 07 40 00 13 28 44 50 00 00 00 00 00 00 1F
20.07.2011 22:07:30.203:  NAV  --> TEL : Current position: 54°22'7.4"N  13°28'44.5"E
20.07.2011 22:07:30.250:  7F 23 C8 A4 00 01 50 55 54 42 55 53 00 00 00 00 00 00 00 00 00 00 00 00 00 00 00 00 00 00 00 00 00 00 00 00 24
20.07.2011 22:07:30.250:  NAV  --> TEL : Current location: Town = PUTBUS
20.07.2011 22:07:30.296:  7F 23 C8 A4 00 02 50 41 52 4B 3B 00 00 00 00 00 00 00 00 00 00 00 00 00 00 00 00 00 00 00 00 00 00 00 00 00 01
20.07.2011 22:07:30.296:  NAV  --> TEL : Current location: Street = PARK;
20.07.2011 22:07:33.171:  3B 03 80 01 B9
20.07.2011 22:07:33.171:  GT   --> IKE : Device status request
20.07.2011 22:07:33.187:  3B 03 6A 01 53
20.07.2011 22:07:33.187:  GT   --> DSP : Device status request
20.07.2011 22:07:33.187:  6A 04 FF 02 00 93
20.07.2011 22:07:33.187:  DSP  --> LOC : Device status ready
20.07.2011 22:07:33.203:  3B 03 C8 01 F1
20.07.2011 22:07:33.203:  GT   --> TEL : Device status request
20.07.2011 22:07:33.218:  C8 04 FF 02 30 01
20.07.2011 22:07:33.218:  TEL  --> LOC : Device status ready Assist_ready_after_Reset Bit5
20.07.2011 22:07:33.218:  80 04 BF 02 00 39
20.07.2011 22:07:33.218:  IKE  --> GLO : Device status ready
20.07.2011 22:07:33.250:  3B 03 ED 01 D4
20.07.2011 22:07:33.250:  GT   --> VID : Device status request
20.07.2011 22:07:33.265:  ED 04 3B 02 00 D0
20.07.2011 22:07:33.265:  VID  --> GT  : Device status ready
20.07.2011 22:07:33.359:  F0 03 68 01 9A
20.07.2011 22:07:33.359:  BMBT --> RAD : Device status request
20.07.2011 22:07:33.390:  68 04 BF 02 00 D1
20.07.2011 22:07:33.390:  RAD  --> GLO : Device status ready
20.07.2011 22:07:43.140:  3B 03 80 01 B9
20.07.2011 22:07:43.140:  GT   --> IKE : Device status request
20.07.2011 22:07:43.156:  80 04 BF 02 00 39
20.07.2011 22:07:43.156:  IKE  --> GLO : Device status ready
20.07.2011 22:07:43.171:  3B 03 6A 01 53
20.07.2011 22:07:43.171:  GT   --> DSP : Device status request
20.07.2011 22:07:43.187:  6A 04 FF 02 00 93
20.07.2011 22:07:43.187:  DSP  --> LOC : Device status ready
20.07.2011 22:07:43.187:  3B 03 C8 01 F1
20.07.2011 22:07:43.187:  GT   --> TEL : Device status request
20.07.2011 22:07:43.203:  C8 04 FF 02 30 01
20.07.2011 22:07:43.203:  TEL  --> LOC : Device status ready Assist_ready_after_Reset Bit5
20.07.2011 22:07:43.234:  3B 03 ED 01 D4
20.07.2011 22:07:43.234:  GT   --> VID : Device status request
20.07.2011 22:07:43.234:  ED 04 3B 02 00 D0
20.07.2011 22:07:43.234:  VID  --> GT  : Device status ready
20.07.2011 22:07:43.375:  F0 03 68 01 9A
20.07.2011 22:07:43.375:  BMBT --> RAD : Device status request
20.07.2011 22:07:43.406:  68 04 BF 02 00 D1
20.07.2011 22:07:43.406:  RAD  --> GLO : Device status ready
20.07.2011 22:07:53.125:  3B 03 80 01 B9
20.07.2011 22:07:53.125:  GT   --> IKE : Device status request
20.07.2011 22:07:53.140:  3B 03 6A 01 53
20.07.2011 22:07:53.140:  GT   --> DSP : Device status request
20.07.2011 22:07:53.156:  6A 04 FF 02 00 93
20.07.2011 22:07:53.156:  DSP  --> LOC : Device status ready
20.07.2011 22:07:53.156:  3B 03 C8 01 F1
20.07.2011 22:07:53.156:  GT   --> TEL : Device status request
20.07.2011 22:07:53.171:  C8 04 FF 02 30 01
20.07.2011 22:07:53.171:  TEL  --> LOC : Device status ready Assist_ready_after_Reset Bit5
20.07.2011 22:07:53.187:  80 04 BF 02 00 39
20.07.2011 22:07:53.187:  IKE  --> GLO : Device status ready
20.07.2011 22:07:53.203:  3B 03 ED 01 D4
20.07.2011 22:07:53.203:  GT   --> VID : Device status request
20.07.2011 22:07:53.218:  ED 04 3B 02 00 D0
20.07.2011 22:07:53.218:  VID  --> GT  : Device status ready
20.07.2011 22:07:53.390:  F0 03 68 01 9A
20.07.2011 22:07:53.390:  BMBT --> RAD : Device status request
20.07.2011 22:07:53.421:  68 04 BF 02 00 D1
20.07.2011 22:07:53.421:  RAD  --> GLO : Device status ready
20.07.2011 22:08:00.093:  7F 14 C8 A2 00 00 54 22 07 40 00 13 28 44 50 00 00 00 00 00 00 1F
20.07.2011 22:08:00.093:  NAV  --> TEL : Current position: 54°22'7.4"N  13°28'44.5"E
20.07.2011 22:08:00.156:  7F 23 C8 A4 00 01 50 55 54 42 55 53 00 00 00 00 00 00 00 00 00 00 00 00 00 00 00 00 00 00 00 00 00 00 00 00 24
20.07.2011 22:08:00.156:  NAV  --> TEL : Current location: Town = PUTBUS
20.07.2011 22:08:00.203:  7F 23 C8 A4 00 02 50 41 52 4B 3B 00 00 00 00 00 00 00 00 00 00 00 00 00 00 00 00 00 00 00 00 00 00 00 00 00 01
20.07.2011 22:08:00.203:  NAV  --> TEL : Current location: Street = PARK;
20.07.2011 22:08:03.109:  3B 03 80 01 B9
20.07.2011 22:08:03.109:  GT   --> IKE : Device status request
20.07.2011 22:08:03.125:  3B 03 6A 01 53
20.07.2011 22:08:03.125:  GT   --> DSP : Device status request
20.07.2011 22:08:03.125:  6A 04 FF 02 00 93
20.07.2011 22:08:03.125:  DSP  --> LOC : Device status ready
20.07.2011 22:08:03.140:  80 04 BF 02 00 39
20.07.2011 22:08:03.140:  IKE  --> GLO : Device status ready
20.07.2011 22:08:03.156:  3B 03 C8 01 F1
20.07.2011 22:08:03.156:  GT   --> TEL : Device status request
20.07.2011 22:08:03.156:  C8 04 FF 02 30 01
20.07.2011 22:08:03.156:  TEL  --> LOC : Device status ready Assist_ready_after_Reset Bit5
20.07.2011 22:08:03.187:  3B 03 ED 01 D4
20.07.2011 22:08:03.187:  GT   --> VID : Device status request
20.07.2011 22:08:03.187:  ED 04 3B 02 00 D0
20.07.2011 22:08:03.187:  VID  --> GT  : Device status ready
20.07.2011 22:08:03.421:  F0 03 68 01 9A
20.07.2011 22:08:03.421:  BMBT --> RAD : Device status request
20.07.2011 22:08:03.453:  68 04 BF 02 00 D1
20.07.2011 22:08:03.453:  RAD  --> GLO : Device status ready
20.07.2011 22:08:05.250:  7F 0B 80 1F 40 20 08 20 00 07 20 11 95
20.07.2011 22:08:05.250:  NAV  --> IKE : Time & date: UTC  20:08 20 Juli 2011
20.07.2011 22:08:07.265:  ! NavCoder logging stopped, NavCoder closed
20.07.2011 22:08:07.265:  !
