12.10.2011 22:07:21.234:  !
12.10.2011 22:07:21.234:  ! NavCoder v2.8.350 [DE] [i/k-bus] logging started
12.10.2011 22:07:21.234:  ! Running on Windows XP Professional (Service Pack 3)  [de-DE]
12.10.2011 22:07:21.234:  ! [Procotol = i/k-bus]
12.10.2011 22:07:24.234:  3B 03 ED 01 D4
12.10.2011 22:07:24.234:  GT   --> VID : Device status request
12.10.2011 22:07:24.234:  ED 04 3B 02 00 D0
12.10.2011 22:07:24.234:  VID  --> GT  : Device status ready
12.10.2011 22:07:25.562:  3B 03 80 01 B9
12.10.2011 22:07:25.562:  GT   --> IKE : Device status request
12.10.2011 22:07:25.593:  80 04 BF 02 00 39
12.10.2011 22:07:25.593:  IKE  --> GLO : Device status ready
12.10.2011 22:07:26.312:  3B 03 6A 01 53
12.10.2011 22:07:26.312:  GT   --> DSP : Device status request
12.10.2011 22:07:26.328:  6A 04 FF 02 00 93
12.10.2011 22:07:26.328:  DSP  --> LOC : Device status ready
12.10.2011 22:07:26.531:  F0 03 68 01 9A
12.10.2011 22:07:26.531:  BMBT --> RAD : Device status request
12.10.2011 22:07:26.562:  68 04 BF 02 00 D1
12.10.2011 22:07:26.562:  RAD  --> GLO : Device status ready
12.10.2011 22:07:28.218:  3B 03 C8 01 F1
12.10.2011 22:07:28.218:  GT   --> TEL : Device status request
12.10.2011 22:07:28.218:  C8 04 FF 02 30 01
12.10.2011 22:07:28.218:  TEL  --> LOC : Device status ready Assist_ready_after_Reset Bit5
12.10.2011 22:07:30.171:  7F 14 C8 A2 00 00 54 20 55 70 00 13 27 44 80 00 00 00 00 00 00 A0
12.10.2011 22:07:30.171:  NAV  --> TEL : Current position: 54°20'55.7"N  13°27'44.8"E
12.10.2011 22:07:30.234:  7F 23 C8 A4 00 01 50 55 54 42 55 53 00 00 00 00 00 00 00 00 00 00 00 00 00 00 00 00 00 00 00 00 00 00 00 00 24
12.10.2011 22:07:30.234:  NAV  --> TEL : Current location: Town = PUTBUS
12.10.2011 22:07:30.281:  7F 23 C8 A4 00 02 50 41 52 4B 3B 00 00 00 00 00 00 00 00 00 00 00 00 00 00 00 00 00 00 00 00 00 00 00 00 00 01
12.10.2011 22:07:30.281:  NAV  --> TEL : Current location: Street = PARK;
12.10.2011 22:07:30.718:  7F 0B 80 1F 40 20 07 12 00 10 20 11 BF
12.10.2011 22:07:30.718:  NAV  --> IKE : Time & date: UTC  20:07 12 Oktober 2011
12.10.2011 22:07:34.203:  3B 03 ED 01 D4
12.10.2011 22:07:34.203:  GT   --> VID : Device status request
12.10.2011 22:07:34.218:  ED 04 3B 02 00 D0
12.10.2011 22:07:34.218:  VID  --> GT  : Device status ready
12.10.2011 22:07:35.546:  3B 03 80 01 B9
12.10.2011 22:07:35.546:  GT   --> IKE : Device status request
12.10.2011 22:07:35.562:  80 04 BF 02 00 39
12.10.2011 22:07:35.562:  IKE  --> GLO : Device status ready
12.10.2011 22:07:36.296:  3B 03 6A 01 53
12.10.2011 22:07:36.296:  GT   --> DSP : Device status request
12.10.2011 22:07:36.312:  6A 04 FF 02 00 93
12.10.2011 22:07:36.312:  DSP  --> LOC : Device status ready
12.10.2011 22:07:36.562:  F0 03 68 01 9A
12.10.2011 22:07:36.562:  BMBT --> RAD : Device status request
12.10.2011 22:07:36.578:  68 04 BF 02 00 D1
12.10.2011 22:07:36.578:  RAD  --> GLO : Device status ready
12.10.2011 22:07:38.187:  3B 03 C8 01 F1
12.10.2011 22:07:38.187:  GT   --> TEL : Device status request
12.10.2011 22:07:38.203:  C8 04 FF 02 30 01
12.10.2011 22:07:38.203:  TEL  --> LOC : Device status ready Assist_ready_after_Reset Bit5
12.10.2011 22:07:44.187:  3B 03 ED 01 D4
12.10.2011 22:07:44.187:  GT   --> VID : Device status request
12.10.2011 22:07:44.203:  ED 04 3B 02 00 D0
12.10.2011 22:07:44.203:  VID  --> GT  : Device status ready
12.10.2011 22:07:45.515:  3B 03 80 01 B9
12.10.2011 22:07:45.515:  GT   --> IKE : Device status request
12.10.2011 22:07:45.546:  80 04 BF 02 00 39
12.10.2011 22:07:45.546:  IKE  --> GLO : Device status ready
12.10.2011 22:07:46.281:  3B 03 6A 01 53
12.10.2011 22:07:46.281:  GT   --> DSP : Device status request
12.10.2011 22:07:46.281:  6A 04 FF 02 00 93
12.10.2011 22:07:46.281:  DSP  --> LOC : Device status ready
12.10.2011 22:07:46.578:  F0 03 68 01 9A
12.10.2011 22:07:46.578:  BMBT --> RAD : Device status request
12.10.2011 22:07:46.593:  68 04 BF 02 00 D1
12.10.2011 22:07:46.593:  RAD  --> GLO : Device status ready
12.10.2011 22:07:48.171:  3B 03 C8 01 F1
12.10.2011 22:07:48.171:  GT   --> TEL : Device status request
12.10.2011 22:07:48.187:  C8 04 FF 02 30 01
12.10.2011 22:07:48.187:  TEL  --> LOC : Device status ready Assist_ready_after_Reset Bit5
12.10.2011 22:07:54.171:  3B 03 ED 01 D4
12.10.2011 22:07:54.171:  GT   --> VID : Device status request
12.10.2011 22:07:54.171:  ED 04 3B 02 00 D0
12.10.2011 22:07:54.171:  VID  --> GT  : Device status ready
12.10.2011 22:07:55.500:  3B 03 80 01 B9
12.10.2011 22:07:55.500:  GT   --> IKE : Device status request
12.10.2011 22:07:55.515:  80 04 BF 02 00 39
12.10.2011 22:07:55.531:  IKE  --> GLO : Device status ready
12.10.2011 22:07:56.250:  3B 03 6A 01 53
12.10.2011 22:07:56.250:  GT   --> DSP : Device status request
12.10.2011 22:07:56.265:  6A 04 FF 02 00 93
12.10.2011 22:07:56.265:  DSP  --> LOC : Device status ready
12.10.2011 22:07:56.593:  F0 03 68 01 9A
12.10.2011 22:07:56.593:  BMBT --> RAD : Device status request
12.10.2011 22:07:56.609:  68 04 BF 02 00 D1
12.10.2011 22:07:56.609:  RAD  --> GLO : Device status ready
12.10.2011 22:07:58.156:  3B 03 C8 01 F1
12.10.2011 22:07:58.156:  GT   --> TEL : Device status request
12.10.2011 22:07:58.156:  C8 04 FF 02 30 01
12.10.2011 22:07:58.156:  TEL  --> LOC : Device status ready Assist_ready_after_Reset Bit5
12.10.2011 22:08:00.078:  7F 14 C8 A2 00 00 54 20 55 70 00 13 27 44 80 00 00 00 00 00 00 A0
12.10.2011 22:08:00.078:  NAV  --> TEL : Current position: 54°20'55.7"N  13°27'44.8"E
12.10.2011 22:08:00.125:  7F 23 C8 A4 00 01 50 55 54 42 55 53 00 00 00 00 00 00 00 00 00 00 00 00 00 00 00 00 00 00 00 00 00 00 00 00 24
12.10.2011 22:08:00.125:  NAV  --> TEL : Current location: Town = PUTBUS
12.10.2011 22:08:00.187:  7F 23 C8 A4 00 02 50 41 52 4B 3B 00 00 00 00 00 00 00 00 00 00 00 00 00 00 00 00 00 00 00 00 00 00 00 00 00 01
12.10.2011 22:08:00.187:  NAV  --> TEL : Current location: Street = PARK;
12.10.2011 22:08:04.140:  3B 03 ED 01 D4
12.10.2011 22:08:04.140:  GT   --> VID : Device status request
12.10.2011 22:08:04.156:  ED 04 3B 02 00 D0
12.10.2011 22:08:04.156:  VID  --> GT  : Device status ready
12.10.2011 22:08:05.281:  3F 03 D0 00 EC
12.10.2011 22:08:05.281:  DIA  --> LCM : Read identity
12.10.2011 22:08:05.359:  D0 0F 3F A0 08 38 62 08 01 18 13 00 46 99 09 41 87
12.10.2011 22:08:05.359:  LCM  --> DIA : Diagnostic command acknowledged, Data="08 38 62 08 01 18 13 00 46 99 09 41"    [ 8b     F™ A]
12.10.2011 22:08:05.453:  3F 04 D0 08 00 E3
12.10.2011 22:08:05.453:  DIA  --> LCM : Read coding data, Data="00"    [ ]
12.10.2011 22:08:05.531:  D0 23 3F A0 00 86 00 08 01 00 65 6E 00 00 00 00 00 00 00 2D 00 4E 40 90 00 00 0B 80 00 00 00 28 2C 01 00 00 D5
12.10.2011 22:08:05.531:  LCM  --> DIA : Diagnostic command acknowledged, Data="00 86 00 08 01 00 65 6E 00 00 00 00 00 00 00 2D 00 4E 40 90 00 00 0B 80 00 00 00 28 2C 01 00 00"    [ †    en       - N@   €   (,   ]
12.10.2011 22:08:05.546:  3B 03 80 01 B9
12.10.2011 22:08:05.546:  GT   --> IKE : Device status request
12.10.2011 22:08:05.546:  80 04 BF 02 00 39
12.10.2011 22:08:05.546:  IKE  --> GLO : Device status ready
12.10.2011 22:08:05.640:  ! LKM lesen - LKM Codierung erfolgreich gelesen.  NavCoder wurde mit den aktuellen LKM-Einstellungen aktualisiert.
12.10.2011 22:08:06.234:  3B 03 6A 01 53
12.10.2011 22:08:06.234:  GT   --> DSP : Device status request
12.10.2011 22:08:06.250:  6A 04 FF 02 00 93
12.10.2011 22:08:06.250:  DSP  --> LOC : Device status ready
12.10.2011 22:08:06.609:  F0 03 68 01 9A
12.10.2011 22:08:06.609:  BMBT --> RAD : Device status request
12.10.2011 22:08:06.625:  68 04 BF 02 00 D1
12.10.2011 22:08:06.625:  RAD  --> GLO : Device status ready
12.10.2011 22:08:08.125:  3B 03 C8 01 F1
12.10.2011 22:08:08.125:  GT   --> TEL : Device status request
12.10.2011 22:08:08.140:  C8 04 FF 02 30 01
12.10.2011 22:08:08.140:  TEL  --> LOC : Device status ready Assist_ready_after_Reset Bit5
12.10.2011 22:08:14.125:  3B 03 ED 01 D4
12.10.2011 22:08:14.125:  GT   --> VID : Device status request
12.10.2011 22:08:14.125:  ED 04 3B 02 00 D0
12.10.2011 22:08:14.125:  VID  --> GT  : Device status ready
12.10.2011 22:08:15.453:  3B 03 80 01 B9
12.10.2011 22:08:15.453:  GT   --> IKE : Device status request
12.10.2011 22:08:15.484:  80 04 BF 02 00 39
12.10.2011 22:08:15.484:  IKE  --> GLO : Device status ready
12.10.2011 22:08:16.203:  3B 03 6A 01 53
12.10.2011 22:08:16.203:  GT   --> DSP : Device status request
12.10.2011 22:08:16.218:  6A 04 FF 02 00 93
12.10.2011 22:08:16.218:  DSP  --> LOC : Device status ready
12.10.2011 22:08:16.640:  F0 03 68 01 9A
12.10.2011 22:08:16.640:  BMBT --> RAD : Device status request
12.10.2011 22:08:16.656:  68 04 BF 02 00 D1
12.10.2011 22:08:16.656:  RAD  --> GLO : Device status ready
12.10.2011 22:08:18.109:  3B 03 C8 01 F1
12.10.2011 22:08:18.109:  GT   --> TEL : Device status request
12.10.2011 22:08:18.125:  C8 04 FF 02 30 01
12.10.2011 22:08:18.125:  TEL  --> LOC : Device status ready Assist_ready_after_Reset Bit5
12.10.2011 22:08:24.093:  3B 03 ED 01 D4
12.10.2011 22:08:24.093:  GT   --> VID : Device status request
12.10.2011 22:08:24.109:  ED 04 3B 02 00 D0
12.10.2011 22:08:24.109:  VID  --> GT  : Device status ready
12.10.2011 22:08:25.046:  80 0A BF 17 D4 58 03 80 1E 02 CC FD
12.10.2011 22:08:25.046:  IKE  --> GLO : Odometer: 219.348 km
12.10.2011 22:08:25.437:  3B 03 80 01 B9
12.10.2011 22:08:25.437:  GT   --> IKE : Device status request
12.10.2011 22:08:25.468:  80 04 BF 02 00 39
12.10.2011 22:08:25.468:  IKE  --> GLO : Device status ready
12.10.2011 22:08:26.187:  3B 03 6A 01 53
12.10.2011 22:08:26.187:  GT   --> DSP : Device status request
12.10.2011 22:08:26.203:  6A 04 FF 02 00 93
12.10.2011 22:08:26.203:  DSP  --> LOC : Device status ready
12.10.2011 22:08:26.656:  F0 03 68 01 9A
12.10.2011 22:08:26.656:  BMBT --> RAD : Device status request
12.10.2011 22:08:26.687:  68 04 BF 02 00 D1
12.10.2011 22:08:26.687:  RAD  --> GLO : Device status ready
12.10.2011 22:08:28.078:  3B 03 C8 01 F1
12.10.2011 22:08:28.078:  GT   --> TEL : Device status request
12.10.2011 22:08:28.093:  C8 04 FF 02 30 01
12.10.2011 22:08:28.093:  TEL  --> LOC : Device status ready Assist_ready_after_Reset Bit5
12.10.2011 22:08:28.593:  3F 04 D0 08 00 E3
12.10.2011 22:08:28.593:  DIA  --> LCM : Read coding data, Data="00"    [ ]
12.10.2011 22:08:28.671:  D0 23 3F A0 00 86 00 08 01 00 65 6E 00 00 00 00 00 00 00 2D 00 4E 40 90 00 00 0B 80 00 00 00 28 2C 01 00 00 D5
12.10.2011 22:08:28.671:  LCM  --> DIA : Diagnostic command acknowledged, Data="00 86 00 08 01 00 65 6E 00 00 00 00 00 00 00 2D 00 4E 40 90 00 00 0B 80 00 00 00 28 2C 01 00 00"    [ †    en       - N@   €   (,   ]
12.10.2011 22:08:28.828:  3F 23 D0 09 00 86 00 08 01 00 01 6E 00 00 00 00 00 00 00 AD 00 4E 40 90 08 00 0B 80 00 00 00 28 2C 01 00 00 90
12.10.2011 22:08:28.828:  DIA  --> LCM : Write coding data, Data="00 86 00 08 01 00 01 6E 00 00 00 00 00 00 00 AD 00 4E 40 90 08 00 0B 80 00 00 00 28 2C 01 00 00"    [ †     n       ­ N@   €   (,   ]
12.10.2011 22:08:28.843:  D0 03 3F A0 4C
12.10.2011 22:08:28.843:  LCM  --> DIA : Diagnostic command acknowledged
12.10.2011 22:08:29.015:  ! LKM codieren - Das LKM hat die Codierung als erfolgreich bestätigt.  Bitte die Zündung ausschalten, warte 10s, dann schalten Sie die Zündung wieden ein, um das LKM zurückzusetzen.  Bitte kontrollieren Sie ob die geändetet Einstellung richtig funktioniert.
12.10.2011 22:08:29.984:  7F 14 C8 A2 00 00 54 20 55 70 00 13 27 44 80 00 00 00 00 00 00 A0
12.10.2011 22:08:29.984:  NAV  --> TEL : Current position: 54°20'55.7"N  13°27'44.8"E
12.10.2011 22:08:30.046:  7F 23 C8 A4 00 01 50 55 54 42 55 53 00 00 00 00 00 00 00 00 00 00 00 00 00 00 00 00 00 00 00 00 00 00 00 00 24
12.10.2011 22:08:30.046:  NAV  --> TEL : Current location: Town = PUTBUS
12.10.2011 22:08:30.093:  7F 23 C8 A4 00 02 50 41 52 4B 3B 00 00 00 00 00 00 00 00 00 00 00 00 00 00 00 00 00 00 00 00 00 00 00 00 00 01
12.10.2011 22:08:30.093:  NAV  --> TEL : Current location: Street = PARK;
12.10.2011 22:08:30.515:  7F 0B 80 1F 40 20 08 12 00 10 20 11 B0
12.10.2011 22:08:30.515:  NAV  --> IKE : Time & date: UTC  20:08 12 Oktober 2011
12.10.2011 22:08:34.078:  3B 03 ED 01 D4
12.10.2011 22:08:34.078:  GT   --> VID : Device status request
12.10.2011 22:08:34.093:  ED 04 3B 02 00 D0
12.10.2011 22:08:34.093:  VID  --> GT  : Device status ready
12.10.2011 22:08:35.406:  3B 03 80 01 B9
12.10.2011 22:08:35.421:  GT   --> IKE : Device status request
12.10.2011 22:08:35.437:  80 04 BF 02 00 39
12.10.2011 22:08:35.437:  IKE  --> GLO : Device status ready
12.10.2011 22:08:36.171:  3B 03 6A 01 53
12.10.2011 22:08:36.171:  GT   --> DSP : Device status request
12.10.2011 22:08:36.187:  6A 04 FF 02 00 93
12.10.2011 22:08:36.187:  DSP  --> LOC : Device status ready
12.10.2011 22:08:36.671:  F0 03 68 01 9A
12.10.2011 22:08:36.671:  BMBT --> RAD : Device status request
12.10.2011 22:08:36.703:  68 04 BF 02 00 D1
12.10.2011 22:08:36.703:  RAD  --> GLO : Device status ready
12.10.2011 22:08:38.062:  3B 03 C8 01 F1
12.10.2011 22:08:38.062:  GT   --> TEL : Device status request
12.10.2011 22:08:38.078:  C8 04 FF 02 30 01
12.10.2011 22:08:38.078:  TEL  --> LOC : Device status ready Assist_ready_after_Reset Bit5
12.10.2011 22:08:44.062:  3B 03 ED 01 D4
12.10.2011 22:08:44.062:  GT   --> VID : Device status request
12.10.2011 22:08:44.078:  ED 04 3B 02 00 D0
12.10.2011 22:08:44.078:  VID  --> GT  : Device status ready
12.10.2011 22:08:45.390:  3B 03 80 01 B9
12.10.2011 22:08:45.390:  GT   --> IKE : Device status request
12.10.2011 22:08:45.437:  80 04 BF 02 00 39
12.10.2011 22:08:45.437:  IKE  --> GLO : Device status ready
12.10.2011 22:08:46.140:  3B 03 6A 01 53
12.10.2011 22:08:46.140:  GT   --> DSP : Device status request
12.10.2011 22:08:46.156:  6A 04 FF 02 00 93
12.10.2011 22:08:46.156:  DSP  --> LOC : Device status ready
12.10.2011 22:08:46.687:  F0 03 68 01 9A
12.10.2011 22:08:46.687:  BMBT --> RAD : Device status request
12.10.2011 22:08:46.734:  68 04 BF 02 00 D1
12.10.2011 22:08:46.734:  RAD  --> GLO : Device status ready
12.10.2011 22:08:48.046:  3B 03 C8 01 F1
12.10.2011 22:08:48.046:  GT   --> TEL : Device status request
12.10.2011 22:08:48.062:  C8 04 FF 02 30 01
12.10.2011 22:08:48.062:  TEL  --> LOC : Device status ready Assist_ready_after_Reset Bit5
12.10.2011 22:08:48.906:  ! NavCoder logging stopped, NavCoder closed
12.10.2011 22:08:48.906:  !
