10/15/2011 4:59:22 PM.953:  !
10/15/2011 4:59:22 PM.953:  ! NavCoder v2.8.350 [DE] [i/k-bus] logging started
10/15/2011 4:59:22 PM.953:  ! Running on Windows XP Professional (Service Pack 3)  [de-DE]
10/15/2011 4:59:22 PM.953:  ! [Procotol = i/k-bus]
10/15/2011 4:59:42 PM.468:  ! Setting COM port parameters for COM4
10/15/2011 4:59:42 PM.484:  ! COM4 opened
10/15/2011 4:59:43 PM.046:  68 03 18 01 72
10/15/2011 4:59:43 PM.046:  RAD  --> CDC : Device status request
10/15/2011 4:59:43 PM.046:  18 04 FF 02 00 E1
10/15/2011 4:59:43 PM.046:  CDC  --> LOC : Device status ready
10/15/2011 4:59:43 PM.078:  68 03 6A 01 00
10/15/2011 4:59:43 PM.078:  RAD  --> DSP : Device status request
10/15/2011 4:59:43 PM.078:  6A 04 FF 02 00 93
10/15/2011 4:59:43 PM.078:  DSP  --> LOC : Device status ready
10/15/2011 4:59:48 PM.218:  3B 03 ED 01 D4
10/15/2011 4:59:48 PM.218:  GT   --> VID : Device status request
10/15/2011 4:59:48 PM.218:  ED 04 3B 02 00 D0
10/15/2011 4:59:48 PM.218:  VID  --> GT  : Device status ready
10/15/2011 4:59:49 PM.234:  3B 03 80 01 B9
10/15/2011 4:59:49 PM.234:  GT   --> IKE : Device status request
10/15/2011 4:59:49 PM.250:  80 04 BF 02 00 39
10/15/2011 4:59:49 PM.250:  IKE  --> GLO : Device status ready
10/15/2011 4:59:50 PM.265:  3B 03 6A 01 53
10/15/2011 4:59:50 PM.265:  GT   --> DSP : Device status request
10/15/2011 4:59:50 PM.281:  6A 04 FF 02 00 93
10/15/2011 4:59:50 PM.281:  DSP  --> LOC : Device status ready
10/15/2011 4:59:50 PM.328:  F0 03 68 01 9A
10/15/2011 4:59:50 PM.328:  BMBT --> RAD : Device status request
10/15/2011 4:59:50 PM.359:  68 04 BF 02 00 D1
10/15/2011 4:59:50 PM.359:  RAD  --> GLO : Device status ready
10/15/2011 4:59:50 PM.609:  68 03 18 01 72
10/15/2011 4:59:50 PM.609:  RAD  --> CDC : Device status request
10/15/2011 4:59:50 PM.625:  18 04 FF 02 00 E1
10/15/2011 4:59:50 PM.625:  CDC  --> LOC : Device status ready
10/15/2011 4:59:50 PM.640:  68 03 6A 01 00
10/15/2011 4:59:50 PM.640:  RAD  --> DSP : Device status request
10/15/2011 4:59:50 PM.656:  6A 04 FF 02 00 93
10/15/2011 4:59:50 PM.656:  DSP  --> LOC : Device status ready
10/15/2011 4:59:52 PM.218:  3B 03 C8 01 F1
10/15/2011 4:59:52 PM.218:  GT   --> TEL : Device status request
10/15/2011 4:59:52 PM.234:  C8 04 FF 02 30 01
10/15/2011 4:59:52 PM.234:  TEL  --> LOC : Device status ready Assist_ready_after_Reset Bit5
10/15/2011 4:59:55 PM.625:  7F 14 C8 A2 00 00 54 20 55 10 00 13 27 44 90 00 00 00 00 00 00 D0
10/15/2011 4:59:55 PM.625:  NAV  --> TEL : Current position: 54°20'55.1"N  13°27'44.9"E
10/15/2011 4:59:55 PM.671:  7F 23 C8 A4 00 01 50 55 54 42 55 53 00 00 00 00 00 00 00 00 00 00 00 00 00 00 00 00 00 00 00 00 00 00 00 00 24
10/15/2011 4:59:55 PM.671:  NAV  --> TEL : Current location: Town = PUTBUS
10/15/2011 4:59:55 PM.718:  7F 23 C8 A4 00 02 50 41 52 4B 3B 00 00 00 00 00 00 00 00 00 00 00 00 00 00 00 00 00 00 00 00 00 00 00 00 00 01
10/15/2011 4:59:55 PM.718:  NAV  --> TEL : Current location: Street = PARK;
10/15/2011 4:59:58 PM.187:  68 03 18 01 72
10/15/2011 4:59:58 PM.187:  RAD  --> CDC : Device status request
10/15/2011 4:59:58 PM.203:  18 04 FF 02 00 E1
10/15/2011 4:59:58 PM.203:  CDC  --> LOC : Device status ready
10/15/2011 4:59:58 PM.218:  3B 03 ED 01 D4
10/15/2011 4:59:58 PM.218:  GT   --> VID : Device status request
10/15/2011 4:59:58 PM.234:  ED 04 3B 02 00 D0
10/15/2011 4:59:58 PM.234:  VID  --> GT  : Device status ready
10/15/2011 4:59:58 PM.250:  68 03 6A 01 00
10/15/2011 4:59:58 PM.250:  RAD  --> DSP : Device status request
10/15/2011 4:59:58 PM.265:  6A 04 FF 02 00 93
10/15/2011 4:59:58 PM.265:  DSP  --> LOC : Device status ready
10/15/2011 4:59:59 PM.218:  3B 03 80 01 B9
10/15/2011 4:59:59 PM.218:  GT   --> IKE : Device status request
10/15/2011 4:59:59 PM.234:  80 04 BF 02 00 39
10/15/2011 4:59:59 PM.234:  IKE  --> GLO : Device status ready
10/15/2011 5:00:00 PM.328:  3B 03 6A 01 53
10/15/2011 5:00:00 PM.328:  GT   --> DSP : Device status request
10/15/2011 5:00:00 PM.328:  6A 04 FF 02 00 93
10/15/2011 5:00:00 PM.328:  DSP  --> LOC : Device status ready
10/15/2011 5:00:00 PM.359:  F0 03 68 01 9A
10/15/2011 5:00:00 PM.359:  BMBT --> RAD : Device status request
10/15/2011 5:00:00 PM.375:  68 04 BF 02 00 D1
10/15/2011 5:00:00 PM.375:  RAD  --> GLO : Device status ready
10/15/2011 5:00:02 PM.265:  3B 03 C8 01 F1
10/15/2011 5:00:02 PM.265:  GT   --> TEL : Device status request
10/15/2011 5:00:02 PM.281:  C8 04 FF 02 30 01
10/15/2011 5:00:02 PM.281:  TEL  --> LOC : Device status ready Assist_ready_after_Reset Bit5
10/15/2011 5:00:05 PM.765:  68 03 18 01 72
10/15/2011 5:00:05 PM.765:  RAD  --> CDC : Device status request
10/15/2011 5:00:05 PM.781:  18 04 FF 02 00 E1
10/15/2011 5:00:05 PM.781:  CDC  --> LOC : Device status ready
10/15/2011 5:00:05 PM.796:  68 03 6A 01 00
10/15/2011 5:00:05 PM.796:  RAD  --> DSP : Device status request
10/15/2011 5:00:05 PM.812:  6A 04 FF 02 00 93
10/15/2011 5:00:05 PM.812:  DSP  --> LOC : Device status ready
10/15/2011 5:00:08 PM.171:  3B 03 ED 01 D4
10/15/2011 5:00:08 PM.171:  GT   --> VID : Device status request
10/15/2011 5:00:08 PM.187:  ED 04 3B 02 00 D0
10/15/2011 5:00:08 PM.187:  VID  --> GT  : Device status ready
10/15/2011 5:00:09 PM.187:  3B 03 80 01 B9
10/15/2011 5:00:09 PM.187:  GT   --> IKE : Device status request
10/15/2011 5:00:09 PM.203:  80 04 BF 02 00 39
10/15/2011 5:00:09 PM.203:  IKE  --> GLO : Device status ready
10/15/2011 5:00:10 PM.234:  3B 03 6A 01 53
10/15/2011 5:00:10 PM.234:  GT   --> DSP : Device status request
10/15/2011 5:00:10 PM.234:  6A 04 FF 02 00 93
10/15/2011 5:00:10 PM.234:  DSP  --> LOC : Device status ready
10/15/2011 5:00:10 PM.375:  F0 03 68 01 9A
10/15/2011 5:00:10 PM.375:  BMBT --> RAD : Device status request
10/15/2011 5:00:10 PM.406:  68 04 BF 02 00 D1
10/15/2011 5:00:10 PM.406:  RAD  --> GLO : Device status ready
10/15/2011 5:00:12 PM.171:  3B 03 C8 01 F1
10/15/2011 5:00:12 PM.171:  GT   --> TEL : Device status request
10/15/2011 5:00:12 PM.187:  C8 04 FF 02 30 01
10/15/2011 5:00:12 PM.187:  TEL  --> LOC : Device status ready Assist_ready_after_Reset Bit5
10/15/2011 5:00:13 PM.437:  68 03 18 01 72
10/15/2011 5:00:13 PM.437:  RAD  --> CDC : Device status request
10/15/2011 5:00:13 PM.453:  18 04 FF 02 00 E1
10/15/2011 5:00:13 PM.453:  CDC  --> LOC : Device status ready
10/15/2011 5:00:13 PM.468:  68 03 6A 01 00
10/15/2011 5:00:13 PM.468:  RAD  --> DSP : Device status request
10/15/2011 5:00:13 PM.484:  6A 04 FF 02 00 93
10/15/2011 5:00:13 PM.484:  DSP  --> LOC : Device status ready
10/15/2011 5:00:18 PM.156:  3B 03 ED 01 D4
10/15/2011 5:00:18 PM.156:  GT   --> VID : Device status request
10/15/2011 5:00:18 PM.156:  ED 04 3B 02 00 D0
10/15/2011 5:00:18 PM.156:  VID  --> GT  : Device status ready
10/15/2011 5:00:19 PM.156:  3B 03 80 01 B9
10/15/2011 5:00:19 PM.156:  GT   --> IKE : Device status request
10/15/2011 5:00:19 PM.187:  80 04 BF 02 00 39
10/15/2011 5:00:19 PM.187:  IKE  --> GLO : Device status ready
10/15/2011 5:00:20 PM.203:  3B 03 6A 01 53
10/15/2011 5:00:20 PM.203:  GT   --> DSP : Device status request
10/15/2011 5:00:20 PM.218:  6A 04 FF 02 00 93
10/15/2011 5:00:20 PM.218:  DSP  --> LOC : Device status ready
10/15/2011 5:00:20 PM.390:  F0 03 68 01 9A
10/15/2011 5:00:20 PM.390:  BMBT --> RAD : Device status request
10/15/2011 5:00:20 PM.421:  68 04 BF 02 00 D1
10/15/2011 5:00:20 PM.421:  RAD  --> GLO : Device status ready
10/15/2011 5:00:21 PM.000:  68 03 18 01 72
10/15/2011 5:00:21 PM.000:  RAD  --> CDC : Device status request
10/15/2011 5:00:21 PM.015:  18 04 FF 02 00 E1
10/15/2011 5:00:21 PM.015:  CDC  --> LOC : Device status ready
10/15/2011 5:00:21 PM.031:  68 03 6A 01 00
10/15/2011 5:00:21 PM.031:  RAD  --> DSP : Device status request
10/15/2011 5:00:21 PM.046:  6A 04 FF 02 00 93
10/15/2011 5:00:21 PM.046:  DSP  --> LOC : Device status ready
10/15/2011 5:00:22 PM.156:  3B 03 C8 01 F1
10/15/2011 5:00:22 PM.156:  GT   --> TEL : Device status request
10/15/2011 5:00:22 PM.171:  C8 04 FF 02 30 01
10/15/2011 5:00:22 PM.171:  TEL  --> LOC : Device status ready Assist_ready_after_Reset Bit5
10/15/2011 5:00:25 PM.515:  7F 14 C8 A2 00 00 54 20 55 10 00 13 27 44 90 00 00 00 00 00 00 D0
10/15/2011 5:00:25 PM.515:  NAV  --> TEL : Current position: 54°20'55.1"N  13°27'44.9"E
10/15/2011 5:00:25 PM.578:  7F 23 C8 A4 00 01 50 55 54 42 55 53 00 00 00 00 00 00 00 00 00 00 00 00 00 00 00 00 00 00 00 00 00 00 00 00 24
10/15/2011 5:00:25 PM.578:  NAV  --> TEL : Current location: Town = PUTBUS
10/15/2011 5:00:25 PM.625:  7F 23 C8 A4 00 02 50 41 52 4B 3B 00 00 00 00 00 00 00 00 00 00 00 00 00 00 00 00 00 00 00 00 00 00 00 00 00 01
10/15/2011 5:00:25 PM.625:  NAV  --> TEL : Current location: Street = PARK;
10/15/2011 5:00:28 PM.125:  3B 03 ED 01 D4
10/15/2011 5:00:28 PM.125:  GT   --> VID : Device status request
10/15/2011 5:00:28 PM.140:  ED 04 3B 02 00 D0
10/15/2011 5:00:28 PM.140:  VID  --> GT  : Device status ready
10/15/2011 5:00:28 PM.593:  68 03 18 01 72
10/15/2011 5:00:28 PM.593:  RAD  --> CDC : Device status request
10/15/2011 5:00:28 PM.609:  18 04 FF 02 00 E1
10/15/2011 5:00:28 PM.609:  CDC  --> LOC : Device status ready
10/15/2011 5:00:28 PM.625:  68 03 6A 01 00
10/15/2011 5:00:28 PM.625:  RAD  --> DSP : Device status request
10/15/2011 5:00:28 PM.625:  6A 04 FF 02 00 93
10/15/2011 5:00:28 PM.625:  DSP  --> LOC : Device status ready
10/15/2011 5:00:29 PM.140:  3B 03 80 01 B9
10/15/2011 5:00:29 PM.140:  GT   --> IKE : Device status request
10/15/2011 5:00:29 PM.156:  80 04 BF 02 00 39
10/15/2011 5:00:29 PM.156:  IKE  --> GLO : Device status ready
10/15/2011 5:00:30 PM.187:  3B 03 6A 01 53
10/15/2011 5:00:30 PM.187:  GT   --> DSP : Device status request
10/15/2011 5:00:30 PM.203:  6A 04 FF 02 00 93
10/15/2011 5:00:30 PM.203:  DSP  --> LOC : Device status ready
10/15/2011 5:00:30 PM.406:  F0 03 68 01 9A
10/15/2011 5:00:30 PM.406:  BMBT --> RAD : Device status request
10/15/2011 5:00:30 PM.437:  68 04 BF 02 00 D1
10/15/2011 5:00:30 PM.437:  RAD  --> GLO : Device status ready
10/15/2011 5:00:32 PM.125:  3B 03 C8 01 F1
10/15/2011 5:00:32 PM.125:  GT   --> TEL : Device status request
10/15/2011 5:00:32 PM.140:  C8 04 FF 02 30 01
10/15/2011 5:00:32 PM.140:  TEL  --> LOC : Device status ready Assist_ready_after_Reset Bit5
10/15/2011 5:00:36 PM.125:  68 03 18 01 72
10/15/2011 5:00:36 PM.125:  RAD  --> CDC : Device status request
10/15/2011 5:00:36 PM.140:  18 04 FF 02 00 E1
10/15/2011 5:00:36 PM.140:  CDC  --> LOC : Device status ready
10/15/2011 5:00:36 PM.156:  68 03 6A 01 00
10/15/2011 5:00:36 PM.156:  RAD  --> DSP : Device status request
10/15/2011 5:00:36 PM.171:  6A 04 FF 02 00 93
10/15/2011 5:00:36 PM.171:  DSP  --> LOC : Device status ready
10/15/2011 5:00:38 PM.109:  3B 03 ED 01 D4
10/15/2011 5:00:38 PM.109:  GT   --> VID : Device status request
10/15/2011 5:00:38 PM.125:  ED 04 3B 02 00 D0
10/15/2011 5:00:38 PM.125:  VID  --> GT  : Device status ready
10/15/2011 5:00:39 PM.125:  3B 03 80 01 B9
10/15/2011 5:00:39 PM.125:  GT   --> IKE : Device status request
10/15/2011 5:00:39 PM.140:  80 04 BF 02 00 39
10/15/2011 5:00:39 PM.140:  IKE  --> GLO : Device status ready
10/15/2011 5:00:40 PM.171:  3B 03 6A 01 53
10/15/2011 5:00:40 PM.171:  GT   --> DSP : Device status request
10/15/2011 5:00:40 PM.171:  6A 04 FF 02 00 93
10/15/2011 5:00:40 PM.171:  DSP  --> LOC : Device status ready
10/15/2011 5:00:40 PM.437:  F0 03 68 01 9A
10/15/2011 5:00:40 PM.437:  BMBT --> RAD : Device status request
10/15/2011 5:00:40 PM.453:  68 04 BF 02 00 D1
10/15/2011 5:00:40 PM.453:  RAD  --> GLO : Device status ready
10/15/2011 5:00:42 PM.109:  3B 03 C8 01 F1
10/15/2011 5:00:42 PM.109:  GT   --> TEL : Device status request
10/15/2011 5:00:42 PM.109:  C8 04 FF 02 30 01
10/15/2011 5:00:42 PM.109:  TEL  --> LOC : Device status ready Assist_ready_after_Reset Bit5
10/15/2011 5:00:43 PM.687:  68 03 18 01 72
10/15/2011 5:00:43 PM.687:  RAD  --> CDC : Device status request
10/15/2011 5:00:43 PM.718:  18 04 FF 02 00 E1
10/15/2011 5:00:43 PM.718:  CDC  --> LOC : Device status ready
10/15/2011 5:00:43 PM.734:  68 03 6A 01 00
10/15/2011 5:00:43 PM.734:  RAD  --> DSP : Device status request
10/15/2011 5:00:43 PM.750:  6A 04 FF 02 00 93
10/15/2011 5:00:43 PM.750:  DSP  --> LOC : Device status ready
10/15/2011 5:00:48 PM.093:  3B 03 ED 01 D4
10/15/2011 5:00:48 PM.093:  GT   --> VID : Device status request
10/15/2011 5:00:48 PM.093:  ED 04 3B 02 00 D0
10/15/2011 5:00:48 PM.093:  VID  --> GT  : Device status ready
10/15/2011 5:00:49 PM.093:  3B 03 80 01 B9
10/15/2011 5:00:49 PM.093:  GT   --> IKE : Device status request
10/15/2011 5:00:49 PM.125:  80 04 BF 02 00 39
10/15/2011 5:00:49 PM.125:  IKE  --> GLO : Device status ready
10/15/2011 5:00:50 PM.140:  3B 03 6A 01 53
10/15/2011 5:00:50 PM.140:  GT   --> DSP : Device status request
10/15/2011 5:00:50 PM.156:  6A 04 FF 02 00 93
10/15/2011 5:00:50 PM.156:  DSP  --> LOC : Device status ready
10/15/2011 5:00:50 PM.453:  F0 03 68 01 9A
10/15/2011 5:00:50 PM.453:  BMBT --> RAD : Device status request
10/15/2011 5:00:50 PM.578:  68 04 BF 02 00 D1
10/15/2011 5:00:50 PM.578:  RAD  --> GLO : Device status ready
10/15/2011 5:00:51 PM.312:  68 03 18 01 72
10/15/2011 5:00:51 PM.312:  RAD  --> CDC : Device status request
10/15/2011 5:00:51 PM.312:  18 04 FF 02 00 E1
10/15/2011 5:00:51 PM.312:  CDC  --> LOC : Device status ready
10/15/2011 5:00:51 PM.343:  68 03 6A 01 00
10/15/2011 5:00:51 PM.343:  RAD  --> DSP : Device status request
10/15/2011 5:00:51 PM.343:  6A 04 FF 02 00 93
10/15/2011 5:00:51 PM.343:  DSP  --> LOC : Device status ready
10/15/2011 5:00:52 PM.093:  3B 03 C8 01 F1
10/15/2011 5:00:52 PM.093:  GT   --> TEL : Device status request
10/15/2011 5:00:52 PM.093:  C8 04 FF 02 30 01
10/15/2011 5:00:52 PM.093:  TEL  --> LOC : Device status ready Assist_ready_after_Reset Bit5
10/15/2011 5:00:55 PM.437:  7F 14 C8 A2 00 00 54 20 55 10 00 13 27 44 90 00 00 00 00 00 00 D0
10/15/2011 5:00:55 PM.437:  NAV  --> TEL : Current position: 54°20'55.1"N  13°27'44.9"E
10/15/2011 5:00:55 PM.484:  7F 23 C8 A4 00 01 50 55 54 42 55 53 00 00 00 00 00 00 00 00 00 00 00 00 00 00 00 00 00 00 00 00 00 00 00 00 24
10/15/2011 5:00:55 PM.484:  NAV  --> TEL : Current location: Town = PUTBUS
10/15/2011 5:00:55 PM.531:  7F 23 C8 A4 00 02 50 41 52 4B 3B 00 00 00 00 00 00 00 00 00 00 00 00 00 00 00 00 00 00 00 00 00 00 00 00 00 01
10/15/2011 5:00:55 PM.531:  NAV  --> TEL : Current location: Street = PARK;
10/15/2011 5:00:58 PM.062:  3B 03 ED 01 D4
10/15/2011 5:00:58 PM.062:  GT   --> VID : Device status request
10/15/2011 5:00:58 PM.078:  ED 04 3B 02 00 D0
10/15/2011 5:00:58 PM.078:  VID  --> GT  : Device status ready
10/15/2011 5:00:58 PM.953:  68 03 18 01 72
10/15/2011 5:00:58 PM.953:  RAD  --> CDC : Device status request
10/15/2011 5:00:58 PM.968:  18 04 FF 02 00 E1
10/15/2011 5:00:58 PM.968:  CDC  --> LOC : Device status ready
10/15/2011 5:00:58 PM.984:  68 03 6A 01 00
10/15/2011 5:00:58 PM.984:  RAD  --> DSP : Device status request
10/15/2011 5:00:59 PM.000:  6A 04 FF 02 00 93
10/15/2011 5:00:59 PM.000:  DSP  --> LOC : Device status ready
10/15/2011 5:00:59 PM.078:  3B 03 80 01 B9
10/15/2011 5:00:59 PM.078:  GT   --> IKE : Device status request
10/15/2011 5:00:59 PM.093:  80 04 BF 02 00 39
10/15/2011 5:00:59 PM.093:  IKE  --> GLO : Device status ready
10/15/2011 5:01:00 PM.093:  3B 06 80 40 01 11 01 EC
10/15/2011 5:01:00 PM.093:  GT   --> IKE : On-board computer set data: Set Time = 17:01
10/15/2011 5:01:00 PM.109:  3B 07 80 40 02 0F 0A 0B F0
10/15/2011 5:01:00 PM.109:  GT   --> IKE : On-board computer set data: Set Date = 15/10/11
10/15/2011 5:01:00 PM.125:  80 0F E7 24 02 00 31 35 2E 31 30 2E 32 30 31 31 49
10/15/2011 5:01:00 PM.125:  IKE  --> ANZV: Update Text:  Layout=Date  Flags=  F0="15.10.2011"
10/15/2011 5:01:00 PM.140:  3B 03 6A 01 53
10/15/2011 5:01:00 PM.140:  GT   --> DSP : Device status request
10/15/2011 5:01:00 PM.140:  6A 04 FF 02 00 93
10/15/2011 5:01:00 PM.140:  DSP  --> LOC : Device status ready
10/15/2011 5:01:00 PM.171:  80 0C E7 24 01 00 31 37 3A 30 31 20 20 73
10/15/2011 5:01:00 PM.171:  IKE  --> ANZV: Update Text:  Layout=Time  Flags=  F0="17:01  "
10/15/2011 5:01:00 PM.468:  F0 03 68 01 9A
10/15/2011 5:01:00 PM.468:  BMBT --> RAD : Device status request
10/15/2011 5:01:00 PM.484:  68 04 BF 02 00 D1
10/15/2011 5:01:00 PM.484:  RAD  --> GLO : Device status ready
10/15/2011 5:01:02 PM.062:  3B 03 C8 01 F1
10/15/2011 5:01:02 PM.062:  GT   --> TEL : Device status request
10/15/2011 5:01:02 PM.078:  C8 04 FF 02 30 01
10/15/2011 5:01:02 PM.078:  TEL  --> LOC : Device status ready Assist_ready_after_Reset Bit5
10/15/2011 5:01:05 PM.187:  ! Setting COM port parameters for COM3
10/15/2011 5:01:06 PM.609:  ! COM3 opened
10/15/2011 5:01:07 PM.828:  ! NavCoder logging stopped, NavCoder closed
10/15/2011 5:01:07 PM.828:  !
