05.08.2011 16:46:49.328:  !
05.08.2011 16:46:49.328:  ! NavCoder v2.8.350 [DE] [i/k-bus] logging started
05.08.2011 16:46:49.328:  ! Running on Windows XP Professional (Service Pack 3)  [de-DE]
05.08.2011 16:46:49.328:  ! [Procotol = i/k-bus]
05.08.2011 16:46:53.359:  ! Setting COM port parameters for COM4
05.08.2011 16:46:53.375:  ! COM4 opened
05.08.2011 16:46:53.734:  68 03 18 01 72
05.08.2011 16:46:53.734:  RAD  --> CDC : Device status request
05.08.2011 16:46:53.734:  68 03 6A 01 00
05.08.2011 16:46:53.734:  RAD  --> DSP : Device status request
05.08.2011 16:46:53.750:  6A 04 FF 02 00 93
05.08.2011 16:46:53.750:  DSP  --> LOC : Device status ready
05.08.2011 16:46:55.750:  3B 03 80 01 B9
05.08.2011 16:46:55.750:  GT   --> IKE : Device status request
05.08.2011 16:46:55.765:  3B 03 6A 01 53
05.08.2011 16:46:55.765:  GT   --> DSP : Device status request
05.08.2011 16:46:55.781:  6A 04 FF 02 00 93
05.08.2011 16:46:55.781:  DSP  --> LOC : Device status ready
05.08.2011 16:46:55.781:  3B 03 C8 01 F1
05.08.2011 16:46:55.781:  GT   --> TEL : Device status request
05.08.2011 16:46:55.796:  C8 04 FF 02 30 01
05.08.2011 16:46:55.796:  TEL  --> LOC : Device status ready Assist_ready_after_Reset Bit5
05.08.2011 16:46:55.812:  80 04 BF 02 00 39
05.08.2011 16:46:55.812:  IKE  --> GLO : Device status ready
05.08.2011 16:46:57.906:  F0 03 68 01 9A
05.08.2011 16:46:57.906:  BMBT --> RAD : Device status request
05.08.2011 16:46:57.937:  68 04 BF 02 00 D1
05.08.2011 16:46:57.937:  RAD  --> GLO : Device status ready
05.08.2011 16:46:57.984:  3B 03 ED 01 D4
05.08.2011 16:46:57.984:  GT   --> VID : Device status request
05.08.2011 16:46:57.984:  ED 04 3B 02 00 D0
05.08.2011 16:46:57.984:  VID  --> GT  : Device status ready
05.08.2011 16:46:58.062:  68 0F 7F A8 30 08 11 4E 29 55 30 83 D2 02 29 B8 59
05.08.2011 16:46:58.062:  RAD  --> NAV : TMC data:    Type30:  Group0Data="08 11 4E 29 55"    Type30:  Group8_TMC_Data:  User_Msg,Multi_Grp,First_Grp Loc=10680 Evnt=514 Dir=Neg Extnt=2 ConIndex=3
05.08.2011 16:47:01.125:  68 03 18 01 72
05.08.2011 16:47:01.125:  RAD  --> CDC : Device status request
05.08.2011 16:47:01.140:  68 03 6A 01 00
05.08.2011 16:47:01.140:  RAD  --> DSP : Device status request
05.08.2011 16:47:01.156:  6A 04 FF 02 00 93
05.08.2011 16:47:01.156:  DSP  --> LOC : Device status ready
05.08.2011 16:47:03.234:  7F 14 C8 A2 00 00 54 20 55 80 00 13 27 44 80 00 00 00 00 00 00 50
05.08.2011 16:47:03.234:  NAV  --> TEL : Current position: 54°20'55.8"N  13°27'44.8"E
05.08.2011 16:47:03.296:  7F 23 C8 A4 00 01 50 55 54 42 55 53 00 00 00 00 00 00 00 00 00 00 00 00 00 00 00 00 00 00 00 00 00 00 00 00 24
05.08.2011 16:47:03.296:  NAV  --> TEL : Current location: Town = PUTBUS
05.08.2011 16:47:03.343:  7F 23 C8 A4 00 02 50 41 52 4B 3B 00 00 00 00 00 00 00 00 00 00 00 00 00 00 00 00 00 00 00 00 00 00 00 00 00 01
05.08.2011 16:47:03.343:  NAV  --> TEL : Current location: Street = PARK;
05.08.2011 16:47:03.375:  68 0F 7F A8 30 83 51 51 F5 D2 30 83 0A F4 00 00 69
05.08.2011 16:47:03.375:  RAD  --> NAV : TMC data:    Type30:  Group8_TMC_Data:  User_Msg,Multi_Grp ConIndex=3    Type30:  Group8_TMC_Data:  User_Msg,Multi_Grp ConIndex=3
05.08.2011 16:47:05.734:  3B 03 80 01 B9
05.08.2011 16:47:05.734:  GT   --> IKE : Device status request
05.08.2011 16:47:05.750:  3B 03 6A 01 53
05.08.2011 16:47:05.750:  GT   --> DSP : Device status request
05.08.2011 16:47:05.765:  6A 04 FF 02 00 93
05.08.2011 16:47:05.765:  DSP  --> LOC : Device status ready
05.08.2011 16:47:05.781:  3B 03 C8 01 F1
05.08.2011 16:47:05.781:  GT   --> TEL : Device status request
05.08.2011 16:47:05.796:  C8 04 FF 02 30 01
05.08.2011 16:47:05.796:  TEL  --> LOC : Device status ready Assist_ready_after_Reset Bit5
05.08.2011 16:47:05.812:  80 04 BF 02 00 39
05.08.2011 16:47:05.812:  IKE  --> GLO : Device status ready
05.08.2011 16:47:07.968:  F0 03 68 01 9A
05.08.2011 16:47:07.968:  BMBT --> RAD : Device status request
05.08.2011 16:47:07.984:  68 04 BF 02 00 D1
05.08.2011 16:47:07.984:  RAD  --> GLO : Device status ready
05.08.2011 16:47:08.000:  3B 03 ED 01 D4
05.08.2011 16:47:08.000:  GT   --> VID : Device status request
05.08.2011 16:47:08.015:  ED 04 3B 02 00 D0
05.08.2011 16:47:08.015:  VID  --> GT  : Device status ready
05.08.2011 16:47:08.718:  68 0B 3B A5 62 01 02 20 50 20 34 20 D8
05.08.2011 16:47:08.718:  RAD  --> GT  : Screen Text:  Layout=RadioDisplay  FC2=0x01  Fld2,EndTx=" P 4 "
05.08.2011 16:47:08.734:  3B 05 68 22 00 00 74
05.08.2011 16:47:08.734:  GT   --> RAD : Text display confirmation: Screen Text: 1 text message acknowledged
05.08.2011 16:47:08.828:  68 1A 3B A5 62 01 06 20 20 20 20 20 4C 4F 43 41 4C 2D 20 33 20 20 20 20 20 20 20 FA
05.08.2011 16:47:08.828:  RAD  --> GT  : Screen Text:  Layout=RadioDisplay  FC2=0x01  Fld6,EndTx="     LOCAL- 3       "
05.08.2011 16:47:08.843:  3B 05 68 22 00 00 74
05.08.2011 16:47:08.843:  GT   --> RAD : Text display confirmation: Screen Text: 1 text message acknowledged
05.08.2011 16:47:08.859:  68 0B 3B A5 62 01 04 20 54 20 20 20 CE
05.08.2011 16:47:08.859:  RAD  --> GT  : Screen Text:  Layout=RadioDisplay  FC2=0x01  Fld4,EndTx=" T   "
05.08.2011 16:47:08.890:  3B 05 68 22 00 00 74
05.08.2011 16:47:08.890:  GT   --> RAD : Text display confirmation: Screen Text: 1 text message acknowledged
05.08.2011 16:47:08.906:  68 17 3B 23 62 30 20 07 20 20 20 20 20 08 57 69 6C 6C 69 61 6D 73 20 20 12
05.08.2011 16:47:08.906:  RAD  --> GT  : Display Text:  Layout=RadioDisplay  Flags=Bit4,CLS  F0=" "   F7:"     "   F8:"Williams  "
05.08.2011 16:47:08.921:  68 03 18 01 72
05.08.2011 16:47:08.921:  RAD  --> CDC : Device status request
05.08.2011 16:47:08.953:  68 03 6A 01 00
05.08.2011 16:47:08.953:  RAD  --> DSP : Device status request
05.08.2011 16:47:08.968:  6A 04 FF 02 00 93
05.08.2011 16:47:08.968:  DSP  --> LOC : Device status ready
05.08.2011 16:47:09.234:  68 0F 7F A8 30 24 98 6C 27 9A 30 41 B3 C4 EB C4 C4
05.08.2011 16:47:09.234:  RAD  --> NAV : TMC data:    Type30:  Group2: Data="24 98 6C 27 9A"    Type30:  Group4_Clock_Date_&_Time: UTC_2011/08/05_14:47_+2h
05.08.2011 16:47:13.562:  68 0B 3B A5 62 01 02 20 50 20 34 20 D8
05.08.2011 16:47:13.562:  RAD  --> GT  : Screen Text:  Layout=RadioDisplay  FC2=0x01  Fld2,EndTx=" P 4 "
05.08.2011 16:47:13.593:  3B 05 68 22 00 00 74
05.08.2011 16:47:13.593:  GT   --> RAD : Text display confirmation: Screen Text: 1 text message acknowledged
05.08.2011 16:47:13.609:  68 1A 3B A5 62 01 06 20 20 20 20 20 4C 4F 43 41 4C 2D 20 33 20 20 20 20 20 20 20 FA
05.08.2011 16:47:13.609:  RAD  --> GT  : Screen Text:  Layout=RadioDisplay  FC2=0x01  Fld6,EndTx="     LOCAL- 3       "
05.08.2011 16:47:13.625:  3B 05 68 22 00 00 74
05.08.2011 16:47:13.625:  GT   --> RAD : Text display confirmation: Screen Text: 1 text message acknowledged
05.08.2011 16:47:13.640:  68 0B 3B A5 62 01 04 20 54 20 20 20 CE
05.08.2011 16:47:13.640:  RAD  --> GT  : Screen Text:  Layout=RadioDisplay  FC2=0x01  Fld4,EndTx=" T   "
05.08.2011 16:47:13.656:  3B 05 68 22 00 00 74
05.08.2011 16:47:13.656:  GT   --> RAD : Text display confirmation: Screen Text: 1 text message acknowledged
05.08.2011 16:47:13.687:  68 17 3B 23 62 30 20 07 20 20 20 20 20 08 20 4E 44 52 20 32 20 20 20 20 50
05.08.2011 16:47:13.687:  RAD  --> GT  : Display Text:  Layout=RadioDisplay  Flags=Bit4,CLS  F0=" "   F7:"     "   F8:" NDR 2    "
05.08.2011 16:47:14.375:  ! ERROR: Cmd_Run_Click.CheckResponse
05.08.2011 16:47:14.375:  ! ERROR: PDC - Fehler - Keine Antwort vom Steuergerät (Timeout); ;  Kontrolliere die Schnittstelle-Anbindung, und ob das Steuergerät eingeschaltet ist.
05.08.2011 16:47:14.375:  ! ERROR: ibus Msg = 
05.08.2011 16:47:15.703:  3B 03 80 01 B9
05.08.2011 16:47:15.703:  GT   --> IKE : Device status request
05.08.2011 16:47:15.765:  80 04 BF 02 00 39
05.08.2011 16:47:15.765:  IKE  --> GLO : Device status ready
05.08.2011 16:47:15.781:  3B 03 6A 01 53
05.08.2011 16:47:15.781:  GT   --> DSP : Device status request
05.08.2011 16:47:15.796:  6A 04 FF 02 00 93
05.08.2011 16:47:15.796:  DSP  --> LOC : Device status ready
05.08.2011 16:47:15.828:  3B 03 C8 01 F1
05.08.2011 16:47:15.828:  GT   --> TEL : Device status request
05.08.2011 16:47:15.843:  C8 04 FF 02 30 01
05.08.2011 16:47:15.843:  TEL  --> LOC : Device status ready Assist_ready_after_Reset Bit5
05.08.2011 16:47:16.203:  68 03 18 01 72
05.08.2011 16:47:16.203:  RAD  --> CDC : Device status request
05.08.2011 16:47:16.218:  68 03 6A 01 00
05.08.2011 16:47:16.218:  RAD  --> DSP : Device status request
05.08.2011 16:47:16.250:  6A 04 FF 02 00 93
05.08.2011 16:47:16.250:  DSP  --> LOC : Device status ready
05.08.2011 16:47:17.937:  F0 03 68 01 9A
05.08.2011 16:47:17.937:  BMBT --> RAD : Device status request
05.08.2011 16:47:17.953:  3B 03 ED 01 D4
05.08.2011 16:47:17.953:  GT   --> VID : Device status request
05.08.2011 16:47:17.968:  ED 04 3B 02 00 D0
05.08.2011 16:47:17.968:  VID  --> GT  : Device status ready
05.08.2011 16:47:17.984:  68 04 BF 02 00 D1
05.08.2011 16:47:17.984:  RAD  --> GLO : Device status ready
05.08.2011 16:47:19.468:  68 0F 7F A8 30 04 42 28 00 00 30 A6 CC 27 6F 7F 83
05.08.2011 16:47:19.468:  RAD  --> NAV : TMC data:    Type30:  Group0Data="04 42 28 00 00"    Type30:  GroupA: Data="A6 CC 27 6F 7F"
05.08.2011 16:47:24.437:  68 03 18 01 72
05.08.2011 16:47:24.437:  RAD  --> CDC : Device status request
05.08.2011 16:47:24.453:  68 03 6A 01 00
05.08.2011 16:47:24.453:  RAD  --> DSP : Device status request
05.08.2011 16:47:24.453:  6A 04 FF 02 00 93
05.08.2011 16:47:24.453:  DSP  --> LOC : Device status ready
05.08.2011 16:47:25.687:  3B 03 80 01 B9
05.08.2011 16:47:25.687:  GT   --> IKE : Device status request
05.08.2011 16:47:25.703:  3B 03 6A 01 53
05.08.2011 16:47:25.703:  GT   --> DSP : Device status request
05.08.2011 16:47:25.703:  6A 04 FF 02 00 93
05.08.2011 16:47:25.703:  DSP  --> LOC : Device status ready
05.08.2011 16:47:25.718:  3B 03 C8 01 F1
05.08.2011 16:47:25.718:  GT   --> TEL : Device status request
05.08.2011 16:47:25.734:  C8 04 FF 02 30 01
05.08.2011 16:47:25.734:  TEL  --> LOC : Device status ready Assist_ready_after_Reset Bit5
05.08.2011 16:47:25.750:  80 04 BF 02 00 39
05.08.2011 16:47:25.750:  IKE  --> GLO : Device status ready
05.08.2011 16:47:27.921:  3B 03 ED 01 D4
05.08.2011 16:47:27.921:  GT   --> VID : Device status request
05.08.2011 16:47:27.921:  ED 04 3B 02 00 D0
05.08.2011 16:47:27.921:  VID  --> GT  : Device status ready
05.08.2011 16:47:27.953:  F0 03 68 01 9A
05.08.2011 16:47:27.953:  BMBT --> RAD : Device status request
05.08.2011 16:47:27.984:  68 04 BF 02 00 D1
05.08.2011 16:47:27.984:  RAD  --> GLO : Device status ready
05.08.2011 16:47:31.140:  68 03 18 01 72
05.08.2011 16:47:31.140:  RAD  --> CDC : Device status request
05.08.2011 16:47:31.156:  68 03 6A 01 00
05.08.2011 16:47:31.156:  RAD  --> DSP : Device status request
05.08.2011 16:47:31.171:  6A 04 FF 02 00 93
05.08.2011 16:47:31.171:  DSP  --> LOC : Device status ready
05.08.2011 16:47:33.140:  7F 14 C8 A2 00 00 54 20 55 80 00 13 27 44 80 00 00 00 00 00 00 50
05.08.2011 16:47:33.140:  NAV  --> TEL : Current position: 54°20'55.8"N  13°27'44.8"E
05.08.2011 16:47:33.187:  7F 23 C8 A4 00 01 50 55 54 42 55 53 00 00 00 00 00 00 00 00 00 00 00 00 00 00 00 00 00 00 00 00 00 00 00 00 24
05.08.2011 16:47:33.187:  NAV  --> TEL : Current location: Town = PUTBUS
05.08.2011 16:47:33.250:  7F 23 C8 A4 00 02 50 41 52 4B 3B 00 00 00 00 00 00 00 00 00 00 00 00 00 00 00 00 00 00 00 00 00 00 00 00 00 01
05.08.2011 16:47:33.250:  NAV  --> TEL : Current location: Street = PARK;
05.08.2011 16:47:34.234:  68 0F 7F A8 30 01 90 6C 30 58 30 01 41 C4 B0 00 11
05.08.2011 16:47:34.234:  RAD  --> NAV : TMC data:    Type30:  Group0Data="01 90 6C 30 58"    Type30:  Group0Data="01 41 C4 B0 00"
05.08.2011 16:47:35.656:  3B 03 80 01 B9
05.08.2011 16:47:35.656:  GT   --> IKE : Device status request
05.08.2011 16:47:35.687:  80 04 BF 02 00 39
05.08.2011 16:47:35.687:  IKE  --> GLO : Device status ready
05.08.2011 16:47:35.703:  3B 03 6A 01 53
05.08.2011 16:47:35.703:  GT   --> DSP : Device status request
05.08.2011 16:47:35.718:  6A 04 FF 02 00 93
05.08.2011 16:47:35.718:  DSP  --> LOC : Device status ready
05.08.2011 16:47:35.750:  3B 03 C8 01 F1
05.08.2011 16:47:35.750:  GT   --> TEL : Device status request
05.08.2011 16:47:35.765:  C8 04 FF 02 30 01
05.08.2011 16:47:35.765:  TEL  --> LOC : Device status ready Assist_ready_after_Reset Bit5
05.08.2011 16:47:37.890:  3B 03 ED 01 D4
05.08.2011 16:47:37.890:  GT   --> VID : Device status request
05.08.2011 16:47:37.906:  ED 04 3B 02 00 D0
05.08.2011 16:47:37.906:  VID  --> GT  : Device status ready
05.08.2011 16:47:37.968:  F0 03 68 01 9A
05.08.2011 16:47:37.968:  BMBT --> RAD : Device status request
05.08.2011 16:47:38.000:  68 04 BF 02 00 D1
05.08.2011 16:47:38.000:  RAD  --> GLO : Device status ready
05.08.2011 16:47:38.515:  68 03 18 01 72
05.08.2011 16:47:38.515:  RAD  --> CDC : Device status request
05.08.2011 16:47:38.562:  68 03 6A 01 00
05.08.2011 16:47:38.562:  RAD  --> DSP : Device status request
05.08.2011 16:47:38.578:  6A 04 FF 02 00 93
05.08.2011 16:47:38.578:  DSP  --> LOC : Device status ready
05.08.2011 16:47:40.343:  68 0F 7F A8 30 82 81 91 97 AC 30 82 6B 6F 45 E9 33
05.08.2011 16:47:40.343:  RAD  --> NAV : TMC data:    Type30:  Group8_TMC_Data:  User_Msg,Multi_Grp,First_Grp Loc=38828 Evnt=401 Dir=Neg Extnt=0 ConIndex=2    Type30:  Group8_TMC_Data:  User_Msg,Multi_Grp ConIndex=2
05.08.2011 16:47:43.640:  80 0A BF 17 A0 4E 03 80 1F 02 CC 9E
05.08.2011 16:47:43.640:  IKE  --> GLO : Odometer: 216.736 km
05.08.2011 16:47:45.640:  3B 03 80 01 B9
05.08.2011 16:47:45.640:  GT   --> IKE : Device status request
05.08.2011 16:47:45.656:  3B 03 6A 01 53
05.08.2011 16:47:45.656:  GT   --> DSP : Device status request
05.08.2011 16:47:45.687:  6A 04 FF 02 00 93
05.08.2011 16:47:45.687:  DSP  --> LOC : Device status ready
05.08.2011 16:47:45.703:  3B 03 C8 01 F1
05.08.2011 16:47:45.703:  GT   --> TEL : Device status request
05.08.2011 16:47:45.703:  80 04 BF 02 00 39
05.08.2011 16:47:45.703:  IKE  --> GLO : Device status ready
05.08.2011 16:47:45.718:  C8 04 FF 02 30 01
05.08.2011 16:47:45.718:  TEL  --> LOC : Device status ready Assist_ready_after_Reset Bit5
05.08.2011 16:47:46.000:  68 03 18 01 72
05.08.2011 16:47:46.000:  RAD  --> CDC : Device status request
05.08.2011 16:47:46.031:  68 03 6A 01 00
05.08.2011 16:47:46.031:  RAD  --> DSP : Device status request
05.08.2011 16:47:46.046:  6A 04 FF 02 00 93
05.08.2011 16:47:46.046:  DSP  --> LOC : Device status ready
05.08.2011 16:47:46.078:  68 15 7F A8 30 82 10 30 C8 8D 30 82 06 00 00 00 30 08 06 5B AE D1 D3
05.08.2011 16:47:46.078:  RAD  --> NAV : TMC data:    Type30:  Group8_TMC_Data:  User_Msg,Multi_Grp ConIndex=2    Type30:  Group8_TMC_Data:  User_Msg,Multi_Grp ConIndex=2    Type30:  Group0Data="08 06 5B AE D1"
05.08.2011 16:47:47.875:  3B 03 ED 01 D4
05.08.2011 16:47:47.875:  GT   --> VID : Device status request
05.08.2011 16:47:47.890:  ED 04 3B 02 00 D0
05.08.2011 16:47:47.890:  VID  --> GT  : Device status ready
05.08.2011 16:47:48.000:  F0 03 68 01 9A
05.08.2011 16:47:48.000:  BMBT --> RAD : Device status request
05.08.2011 16:47:48.015:  68 04 BF 02 00 D1
05.08.2011 16:47:48.015:  RAD  --> GLO : Device status ready
05.08.2011 16:47:53.375:  68 03 18 01 72
05.08.2011 16:47:53.375:  RAD  --> CDC : Device status request
05.08.2011 16:47:53.390:  68 03 6A 01 00
05.08.2011 16:47:53.390:  RAD  --> DSP : Device status request
05.08.2011 16:47:53.406:  6A 04 FF 02 00 93
05.08.2011 16:47:53.406:  DSP  --> LOC : Device status ready
05.08.2011 16:47:55.625:  3B 03 80 01 B9
05.08.2011 16:47:55.625:  GT   --> IKE : Device status request
05.08.2011 16:47:55.640:  3B 03 6A 01 53
05.08.2011 16:47:55.640:  GT   --> DSP : Device status request
05.08.2011 16:47:55.656:  6A 04 FF 02 00 93
05.08.2011 16:47:55.656:  DSP  --> LOC : Device status ready
05.08.2011 16:47:55.671:  3B 03 C8 01 F1
05.08.2011 16:47:55.671:  GT   --> TEL : Device status request
05.08.2011 16:47:55.687:  C8 04 FF 02 30 01
05.08.2011 16:47:55.687:  TEL  --> LOC : Device status ready Assist_ready_after_Reset Bit5
05.08.2011 16:47:55.703:  80 04 BF 02 00 39
05.08.2011 16:47:55.703:  IKE  --> GLO : Device status ready
05.08.2011 16:47:57.859:  3B 03 ED 01 D4
05.08.2011 16:47:57.859:  GT   --> VID : Device status request
05.08.2011 16:47:57.875:  ED 04 3B 02 00 D0
05.08.2011 16:47:57.875:  VID  --> GT  : Device status ready
05.08.2011 16:47:58.062:  F0 03 68 01 9A
05.08.2011 16:47:58.062:  BMBT --> RAD : Device status request
05.08.2011 16:47:58.078:  68 04 BF 02 00 D1
05.08.2011 16:47:58.078:  RAD  --> GLO : Device status ready
05.08.2011 16:47:58.515:  68 0F 7F A8 30 83 D1 91 D8 A6 30 A3 07 74 00 00 DD
05.08.2011 16:47:58.515:  RAD  --> NAV : TMC data:    Type30:  Group8_TMC_Data:  User_Msg,Multi_Grp,First_Grp Loc=55462 Evnt=401 Dir=Neg Extnt=2 ConIndex=3    Type30:  GroupA: Data="A3 07 74 00 00"
05.08.2011 16:48:00.078:  3B 06 80 40 01 10 30 DC
05.08.2011 16:48:00.078:  GT   --> IKE : On-board computer set data: Set Time = 16:48
05.08.2011 16:48:00.093:  3B 07 80 40 02 05 08 0B F8
05.08.2011 16:48:00.093:  GT   --> IKE : On-board computer set data: Set Date = 05/08/11
05.08.2011 16:48:00.109:  80 0C E7 24 01 00 31 36 3A 34 38 20 20 7F
05.08.2011 16:48:00.109:  IKE  --> ANZV: Update Text:  Layout=Time  Flags=  F0="16:48  "
05.08.2011 16:48:00.187:  80 0F E7 24 02 00 30 35 2E 30 38 2E 32 30 31 31 41
05.08.2011 16:48:00.187:  IKE  --> ANZV: Update Text:  Layout=Date  Flags=  F0="05.08.2011"
05.08.2011 16:48:00.796:  68 03 18 01 72
05.08.2011 16:48:00.796:  RAD  --> CDC : Device status request
05.08.2011 16:48:00.812:  68 03 6A 01 00
05.08.2011 16:48:00.812:  RAD  --> DSP : Device status request
05.08.2011 16:48:00.828:  6A 04 FF 02 00 93
05.08.2011 16:48:00.828:  DSP  --> LOC : Device status ready
05.08.2011 16:48:03.046:  7F 14 C8 A2 00 00 54 20 55 80 00 13 27 44 80 00 00 00 16 48 00 0E
05.08.2011 16:48:03.046:  NAV  --> TEL : Current position: 54°20'55.8"N  13°27'44.8"E
05.08.2011 16:48:03.093:  7F 23 C8 A4 00 01 50 55 54 42 55 53 00 00 00 00 00 00 00 00 00 00 00 00 00 00 00 00 00 00 00 00 00 00 00 00 24
05.08.2011 16:48:03.093:  NAV  --> TEL : Current location: Town = PUTBUS
05.08.2011 16:48:03.156:  7F 23 C8 A4 00 02 50 41 52 4B 3B 00 00 00 00 00 00 00 00 00 00 00 00 00 00 00 00 00 00 00 00 00 00 00 00 00 01
05.08.2011 16:48:03.156:  NAV  --> TEL : Current location: Street = PARK;
05.08.2011 16:48:05.593:  3B 03 80 01 B9
05.08.2011 16:48:05.593:  GT   --> IKE : Device status request
05.08.2011 16:48:05.625:  3B 03 6A 01 53
05.08.2011 16:48:05.625:  GT   --> DSP : Device status request
05.08.2011 16:48:05.640:  6A 04 FF 02 00 93
05.08.2011 16:48:05.640:  DSP  --> LOC : Device status ready
05.08.2011 16:48:05.671:  3B 03 C8 01 F1
05.08.2011 16:48:05.671:  GT   --> TEL : Device status request
05.08.2011 16:48:05.687:  80 04 BF 02 00 39
05.08.2011 16:48:05.687:  IKE  --> GLO : Device status ready
05.08.2011 16:48:05.703:  C8 04 FF 02 30 01
05.08.2011 16:48:05.703:  TEL  --> LOC : Device status ready Assist_ready_after_Reset Bit5
05.08.2011 16:48:07.750:  68 0F 7F A8 30 04 57 18 8D 9E 30 A4 09 32 2C 06 5D
05.08.2011 16:48:07.750:  RAD  --> NAV : TMC data:    Type30:  Group0Data="04 57 18 8D 9E"    Type30:  GroupA: Data="A4 09 32 2C 06"
05.08.2011 16:48:07.828:  3B 03 ED 01 D4
05.08.2011 16:48:07.828:  GT   --> VID : Device status request
05.08.2011 16:48:07.843:  ED 04 3B 02 00 D0
05.08.2011 16:48:07.843:  VID  --> GT  : Device status ready
05.08.2011 16:48:08.031:  F0 03 68 01 9A
05.08.2011 16:48:08.031:  BMBT --> RAD : Device status request
05.08.2011 16:48:08.046:  68 04 BF 02 00 D1
05.08.2011 16:48:08.046:  RAD  --> GLO : Device status ready
05.08.2011 16:48:08.187:  68 03 18 01 72
05.08.2011 16:48:08.187:  RAD  --> CDC : Device status request
05.08.2011 16:48:08.203:  68 03 6A 01 00
05.08.2011 16:48:08.203:  RAD  --> DSP : Device status request
05.08.2011 16:48:08.234:  6A 04 FF 02 00 93
05.08.2011 16:48:08.234:  DSP  --> LOC : Device status ready
05.08.2011 16:48:15.578:  3B 03 80 01 B9
05.08.2011 16:48:15.578:  GT   --> IKE : Device status request
05.08.2011 16:48:15.593:  3B 03 6A 01 53
05.08.2011 16:48:15.593:  GT   --> DSP : Device status request
05.08.2011 16:48:15.609:  6A 04 FF 02 00 93
05.08.2011 16:48:15.609:  DSP  --> LOC : Device status ready
05.08.2011 16:48:15.625:  3B 03 C8 01 F1
05.08.2011 16:48:15.625:  GT   --> TEL : Device status request
05.08.2011 16:48:15.656:  C8 04 FF 02 30 01
05.08.2011 16:48:15.656:  TEL  --> LOC : Device status ready Assist_ready_after_Reset Bit5
05.08.2011 16:48:15.671:  80 04 BF 02 00 39
05.08.2011 16:48:15.671:  IKE  --> GLO : Device status ready
05.08.2011 16:48:15.703:  68 03 18 01 72
05.08.2011 16:48:15.703:  RAD  --> CDC : Device status request
05.08.2011 16:48:15.718:  68 03 6A 01 00
05.08.2011 16:48:15.718:  RAD  --> DSP : Device status request
05.08.2011 16:48:15.750:  6A 04 FF 02 00 93
05.08.2011 16:48:15.750:  DSP  --> LOC : Device status ready
05.08.2011 16:48:15.906:  68 09 7F A8 30 05 82 BD 30 36 BA
05.08.2011 16:48:15.906:  RAD  --> NAV : TMC data:    Type30:  Group0Data="05 82 BD 30 36"
05.08.2011 16:48:17.812:  3B 03 ED 01 D4
05.08.2011 16:48:17.812:  GT   --> VID : Device status request
05.08.2011 16:48:17.828:  ED 04 3B 02 00 D0
05.08.2011 16:48:17.828:  VID  --> GT  : Device status ready
05.08.2011 16:48:18.046:  F0 03 68 01 9A
05.08.2011 16:48:18.046:  BMBT --> RAD : Device status request
05.08.2011 16:48:18.078:  68 04 BF 02 00 D1
05.08.2011 16:48:18.078:  RAD  --> GLO : Device status ready
05.08.2011 16:48:23.203:  68 03 18 01 72
05.08.2011 16:48:23.203:  RAD  --> CDC : Device status request
05.08.2011 16:48:23.234:  68 03 6A 01 00
05.08.2011 16:48:23.234:  RAD  --> DSP : Device status request
05.08.2011 16:48:23.250:  6A 04 FF 02 00 93
05.08.2011 16:48:23.250:  DSP  --> LOC : Device status ready
05.08.2011 16:48:25.250:  ! NavCoder logging stopped, NavCoder closed
05.08.2011 16:48:25.250:  !
