07.10.2011 15:07:45.234:  !
07.10.2011 15:07:45.234:  ! NavCoder v2.8.350 [DE] [i/k-bus] logging started
07.10.2011 15:07:45.250:  ! Running on Windows XP Professional (Service Pack 3)  [de-DE]
07.10.2011 15:07:45.250:  ! [Procotol = i/k-bus]
07.10.2011 15:07:45.406:  3B 03 6A 01 53
07.10.2011 15:07:45.406:  GT   --> DSP : Device status request
07.10.2011 15:07:45.421:  6A 04 FF 02 00 93
07.10.2011 15:07:45.421:  DSP  --> LOC : Device status ready
07.10.2011 15:07:46.078:  D0 07 BF 5B 00 00 00 00 33
07.10.2011 15:07:46.078:  LCM  --> GLO : Lamp status: All_Off  All_OK
07.10.2011 15:07:46.140:  80 05 BF 18 00 00 22
07.10.2011 15:07:46.140:  IKE  --> GLO : Speed/RPM: Speed 0 km/h, 0 RPM
07.10.2011 15:07:47.156:  80 06 BF 19 0E 0E 00 20
07.10.2011 15:07:47.156:  IKE  --> GLO : Temperature: Outside 14°C, Coolant 14°C
07.10.2011 15:07:47.359:  3B 03 C8 01 F1
07.10.2011 15:07:47.359:  GT   --> TEL : Device status request
07.10.2011 15:07:47.375:  C8 04 FF 02 30 01
07.10.2011 15:07:47.375:  TEL  --> LOC : Device status ready Assist_ready_after_Reset Bit5
07.10.2011 15:07:48.156:  80 05 BF 18 00 00 22
07.10.2011 15:07:48.156:  IKE  --> GLO : Speed/RPM: Speed 0 km/h, 0 RPM
07.10.2011 15:07:49.093:  D0 07 BF 5B 00 00 00 00 33
07.10.2011 15:07:49.093:  LCM  --> GLO : Lamp status: All_Off  All_OK
07.10.2011 15:07:50.171:  80 05 BF 18 00 00 22
07.10.2011 15:07:50.171:  IKE  --> GLO : Speed/RPM: Speed 0 km/h, 0 RPM
07.10.2011 15:07:52.093:  D0 07 BF 5B 00 00 00 00 33
07.10.2011 15:07:52.093:  LCM  --> GLO : Lamp status: All_Off  All_OK
07.10.2011 15:07:52.156:  80 05 BF 18 00 00 22
07.10.2011 15:07:52.156:  IKE  --> GLO : Speed/RPM: Speed 0 km/h, 0 RPM
07.10.2011 15:07:53.343:  3B 03 ED 01 D4
07.10.2011 15:07:53.343:  GT   --> VID : Device status request
07.10.2011 15:07:53.359:  ED 04 3B 02 00 D0
07.10.2011 15:07:53.359:  VID  --> GT  : Device status ready
07.10.2011 15:07:54.171:  80 05 BF 18 00 00 22
07.10.2011 15:07:54.171:  IKE  --> GLO : Speed/RPM: Speed 0 km/h, 0 RPM
07.10.2011 15:07:54.421:  3B 03 80 01 B9
07.10.2011 15:07:54.421:  GT   --> IKE : Device status request
07.10.2011 15:07:54.453:  80 04 BF 02 00 39
07.10.2011 15:07:54.453:  IKE  --> GLO : Device status ready
07.10.2011 15:07:55.015:  F0 03 68 01 9A
07.10.2011 15:07:55.015:  BMBT --> RAD : Device status request
07.10.2011 15:07:55.031:  68 04 BF 02 00 D1
07.10.2011 15:07:55.031:  RAD  --> GLO : Device status ready
07.10.2011 15:07:55.093:  D0 07 BF 5B 00 00 00 00 33
07.10.2011 15:07:55.093:  LCM  --> GLO : Lamp status: All_Off  All_OK
07.10.2011 15:07:55.359:  3B 03 6A 01 53
07.10.2011 15:07:55.359:  GT   --> DSP : Device status request
07.10.2011 15:07:55.375:  6A 04 FF 02 00 93
07.10.2011 15:07:55.375:  DSP  --> LOC : Device status ready
07.10.2011 15:07:56.171:  80 05 BF 18 00 00 22
07.10.2011 15:07:56.171:  IKE  --> GLO : Speed/RPM: Speed 0 km/h, 0 RPM
07.10.2011 15:07:57.171:  80 06 BF 19 0E 0E 00 20
07.10.2011 15:07:57.171:  IKE  --> GLO : Temperature: Outside 14°C, Coolant 14°C
07.10.2011 15:07:57.343:  3B 03 C8 01 F1
07.10.2011 15:07:57.343:  GT   --> TEL : Device status request
07.10.2011 15:07:57.343:  C8 04 FF 02 30 01
07.10.2011 15:07:57.343:  TEL  --> LOC : Device status ready Assist_ready_after_Reset Bit5
07.10.2011 15:07:58.109:  D0 07 BF 5B 00 00 00 00 33
07.10.2011 15:07:58.109:  LCM  --> GLO : Lamp status: All_Off  All_OK
07.10.2011 15:07:58.171:  80 05 BF 18 00 00 22
07.10.2011 15:07:58.171:  IKE  --> GLO : Speed/RPM: Speed 0 km/h, 0 RPM
07.10.2011 15:08:00.171:  80 05 BF 18 00 00 22
07.10.2011 15:08:00.171:  IKE  --> GLO : Speed/RPM: Speed 0 km/h, 0 RPM
07.10.2011 15:08:01.093:  D0 07 BF 5B 00 00 00 00 33
07.10.2011 15:08:01.093:  LCM  --> GLO : Lamp status: All_Off  All_OK
07.10.2011 15:08:02.171:  80 05 BF 18 00 00 22
07.10.2011 15:08:02.171:  IKE  --> GLO : Speed/RPM: Speed 0 km/h, 0 RPM
07.10.2011 15:08:03.312:  3B 03 ED 01 D4
07.10.2011 15:08:03.312:  GT   --> VID : Device status request
07.10.2011 15:08:03.328:  ED 04 3B 02 00 D0
07.10.2011 15:08:03.328:  VID  --> GT  : Device status ready
07.10.2011 15:08:04.046:  7F 14 C8 A2 00 00 54 20 42 40 00 13 25 41 00 00 00 00 00 00 00 00
07.10.2011 15:08:04.046:  NAV  --> TEL : Current position: 54°20'42.4"N  13°25'41.0"E
07.10.2011 15:08:04.093:  7F 23 C8 A4 00 01 50 55 54 42 55 53 00 00 00 00 00 00 00 00 00 00 00 00 00 00 00 00 00 00 00 00 00 00 00 00 24
07.10.2011 15:08:04.093:  NAV  --> TEL : Current location: Town = PUTBUS
07.10.2011 15:08:04.109:  D0 07 BF 5B 00 00 00 00 33
07.10.2011 15:08:04.109:  LCM  --> GLO : Lamp status: All_Off  All_OK
07.10.2011 15:08:04.156:  7F 23 C8 A4 00 02 4C 32 39 3B 00 00 00 00 00 00 00 00 00 00 00 00 00 00 00 00 00 00 00 00 00 00 00 00 00 00 4E
07.10.2011 15:08:04.156:  NAV  --> TEL : Current location: Street = L29;
07.10.2011 15:08:04.187:  80 05 BF 18 00 00 22
07.10.2011 15:08:04.187:  IKE  --> GLO : Speed/RPM: Speed 0 km/h, 0 RPM
07.10.2011 15:08:04.390:  3B 03 80 01 B9
07.10.2011 15:08:04.390:  GT   --> IKE : Device status request
07.10.2011 15:08:04.406:  80 04 BF 02 00 39
07.10.2011 15:08:04.406:  IKE  --> GLO : Device status ready
07.10.2011 15:08:05.015:  F0 03 68 01 9A
07.10.2011 15:08:05.015:  BMBT --> RAD : Device status request
07.10.2011 15:08:05.046:  68 04 BF 02 00 D1
07.10.2011 15:08:05.046:  RAD  --> GLO : Device status ready
07.10.2011 15:08:05.328:  3B 03 6A 01 53
07.10.2011 15:08:05.328:  GT   --> DSP : Device status request
07.10.2011 15:08:05.343:  6A 04 FF 02 00 93
07.10.2011 15:08:05.343:  DSP  --> LOC : Device status ready
07.10.2011 15:08:05.546:  3F 03 D0 00 EC
07.10.2011 15:08:05.546:  DIA  --> LCM : Read identity
07.10.2011 15:08:05.562:  D0 0F 3F A0 08 38 62 08 01 18 13 00 46 99 09 41 87
07.10.2011 15:08:05.562:  LCM  --> DIA : Diagnostic command acknowledged, Data="08 38 62 08 01 18 13 00 46 99 09 41"    [ 8b     F™ A]
07.10.2011 15:08:05.718:  3F 04 D0 08 00 E3
07.10.2011 15:08:05.718:  DIA  --> LCM : Read coding data, Data="00"    [ ]
07.10.2011 15:08:05.796:  D0 23 3F A0 00 86 00 08 01 00 65 6E 00 00 00 00 00 00 00 AD 00 4E 40 90 08 00 0B 80 00 00 00 28 2C 01 00 00 5D
07.10.2011 15:08:05.796:  LCM  --> DIA : Diagnostic command acknowledged, Data="00 86 00 08 01 00 65 6E 00 00 00 00 00 00 00 AD 00 4E 40 90 08 00 0B 80 00 00 00 28 2C 01 00 00"    [ †    en       ­ N@   €   (,   ]
07.10.2011 15:08:05.890:  ! LKM lesen - LKM Codierung erfolgreich gelesen.  NavCoder wurde mit den aktuellen LKM-Einstellungen aktualisiert.
07.10.2011 15:08:06.187:  80 05 BF 18 00 00 22
07.10.2011 15:08:06.187:  IKE  --> GLO : Speed/RPM: Speed 0 km/h, 0 RPM
07.10.2011 15:08:07.109:  D0 07 BF 5B 00 00 00 00 33
07.10.2011 15:08:07.109:  LCM  --> GLO : Lamp status: All_Off  All_OK
07.10.2011 15:08:07.187:  80 06 BF 19 0E 0E 00 20
07.10.2011 15:08:07.187:  IKE  --> GLO : Temperature: Outside 14°C, Coolant 14°C
07.10.2011 15:08:07.312:  3B 03 C8 01 F1
07.10.2011 15:08:07.312:  GT   --> TEL : Device status request
07.10.2011 15:08:07.328:  C8 04 FF 02 30 01
07.10.2011 15:08:07.328:  TEL  --> LOC : Device status ready Assist_ready_after_Reset Bit5
07.10.2011 15:08:08.187:  80 05 BF 18 00 00 22
07.10.2011 15:08:08.187:  IKE  --> GLO : Speed/RPM: Speed 0 km/h, 0 RPM
07.10.2011 15:08:10.109:  D0 07 BF 5B 00 00 00 00 33
07.10.2011 15:08:10.109:  LCM  --> GLO : Lamp status: All_Off  All_OK
07.10.2011 15:08:10.203:  80 05 BF 18 00 00 22
07.10.2011 15:08:10.203:  IKE  --> GLO : Speed/RPM: Speed 0 km/h, 0 RPM
07.10.2011 15:08:12.203:  80 05 BF 18 00 00 22
07.10.2011 15:08:12.203:  IKE  --> GLO : Speed/RPM: Speed 0 km/h, 0 RPM
07.10.2011 15:08:13.109:  D0 07 BF 5B 00 00 00 00 33
07.10.2011 15:08:13.109:  LCM  --> GLO : Lamp status: All_Off  All_OK
07.10.2011 15:08:13.296:  3B 03 ED 01 D4
07.10.2011 15:08:13.296:  GT   --> VID : Device status request
07.10.2011 15:08:13.296:  ED 04 3B 02 00 D0
07.10.2011 15:08:13.296:  VID  --> GT  : Device status ready
07.10.2011 15:08:13.921:  3F 04 D0 08 00 E3
07.10.2011 15:08:13.921:  DIA  --> LCM : Read coding data, Data="00"    [ ]
07.10.2011 15:08:14.015:  D0 23 3F A0 00 86 00 08 01 00 65 6E 00 00 00 00 00 00 00 AD 00 4E 40 90 08 00 0B 80 00 00 00 28 2C 01 00 00 5D
07.10.2011 15:08:14.015:  LCM  --> DIA : Diagnostic command acknowledged, Data="00 86 00 08 01 00 65 6E 00 00 00 00 00 00 00 AD 00 4E 40 90 08 00 0B 80 00 00 00 28 2C 01 00 00"    [ †    en       ­ N@   €   (,   ]
07.10.2011 15:08:14.171:  3F 23 D0 09 00 86 00 08 01 00 65 6E 00 00 00 00 00 00 00 2D 00 4E 40 90 00 00 0B 80 00 00 00 28 2C 01 00 00 7C
07.10.2011 15:08:14.171:  DIA  --> LCM : Write coding data, Data="00 86 00 08 01 00 65 6E 00 00 00 00 00 00 00 2D 00 4E 40 90 00 00 0B 80 00 00 00 28 2C 01 00 00"    [ †    en       - N@   €   (,   ]
07.10.2011 15:08:14.187:  D0 07 BF 5B 03 00 00 00 30
07.10.2011 15:08:14.187:  LCM  --> GLO : Lamp status: Park Low_Beam  All_OK
07.10.2011 15:08:14.187:  D0 05 BF 5C EB 00 DD
07.10.2011 15:08:14.187:  LCM  --> GLO : Light dimmer: 235
07.10.2011 15:08:14.203:  D0 03 3F A0 4C
07.10.2011 15:08:14.203:  LCM  --> DIA : Diagnostic command acknowledged
07.10.2011 15:08:14.218:  80 05 BF 18 00 00 22
07.10.2011 15:08:14.218:  IKE  --> GLO : Speed/RPM: Speed 0 km/h, 0 RPM
07.10.2011 15:08:14.281:  D0 07 BF 5B 00 00 00 00 33
07.10.2011 15:08:14.281:  LCM  --> GLO : Lamp status: All_Off  All_OK
07.10.2011 15:08:14.281:  D0 05 BF 5C FF 00 C9
07.10.2011 15:08:14.281:  LCM  --> GLO : Light dimmer: 255 (max)
07.10.2011 15:08:14.500:  ! LKM codieren - Das LKM hat die Codierung als erfolgreich bestätigt.  Bitte die Zündung ausschalten, warte 10s, dann schalten Sie die Zündung wieden ein, um das LKM zurückzusetzen.  Bitte kontrollieren Sie ob die geändetet Einstellung richtig funktioniert.
07.10.2011 15:08:14.515:  3B 03 80 01 B9
07.10.2011 15:08:14.515:  GT   --> IKE : Device status request
07.10.2011 15:08:14.531:  80 04 BF 02 00 39
07.10.2011 15:08:14.531:  IKE  --> GLO : Device status ready
07.10.2011 15:08:14.578:  D0 07 BF 5B 00 00 00 00 33
07.10.2011 15:08:14.578:  LCM  --> GLO : Lamp status: All_Off  All_OK
07.10.2011 15:08:15.046:  F0 03 68 01 9A
07.10.2011 15:08:15.046:  BMBT --> RAD : Device status request
07.10.2011 15:08:15.078:  68 04 BF 02 00 D1
07.10.2011 15:08:15.078:  RAD  --> GLO : Device status ready
07.10.2011 15:08:15.328:  3B 03 6A 01 53
07.10.2011 15:08:15.328:  GT   --> DSP : Device status request
07.10.2011 15:08:15.343:  6A 04 FF 02 00 93
07.10.2011 15:08:15.343:  DSP  --> LOC : Device status ready
07.10.2011 15:08:16.203:  80 05 BF 18 00 00 22
07.10.2011 15:08:16.203:  IKE  --> GLO : Speed/RPM: Speed 0 km/h, 0 RPM
07.10.2011 15:08:16.421:  3B 03 D0 5A B2
07.10.2011 15:08:16.421:  GT   --> LCM : Lamp status request
07.10.2011 15:08:16.437:  D0 07 BF 5B 00 00 00 00 33
07.10.2011 15:08:16.437:  LCM  --> GLO : Lamp status: All_Off  All_OK
07.10.2011 15:08:17.203:  80 06 BF 19 0E 0D 00 23
07.10.2011 15:08:17.203:  IKE  --> GLO : Temperature: Outside 14°C, Coolant 13°C
07.10.2011 15:08:17.296:  3B 03 C8 01 F1
07.10.2011 15:08:17.296:  GT   --> TEL : Device status request
07.10.2011 15:08:17.312:  C8 04 FF 02 30 01
07.10.2011 15:08:17.312:  TEL  --> LOC : Device status ready Assist_ready_after_Reset Bit5
07.10.2011 15:08:18.203:  80 05 BF 18 00 00 22
07.10.2011 15:08:18.203:  IKE  --> GLO : Speed/RPM: Speed 0 km/h, 0 RPM
07.10.2011 15:08:18.656:  3B 03 D0 5A B2
07.10.2011 15:08:18.656:  GT   --> LCM : Lamp status request
07.10.2011 15:08:18.671:  D0 07 BF 5B 00 00 00 00 33
07.10.2011 15:08:18.671:  LCM  --> GLO : Lamp status: All_Off  All_OK
07.10.2011 15:08:20.203:  80 05 BF 18 00 00 22
07.10.2011 15:08:20.203:  IKE  --> GLO : Speed/RPM: Speed 0 km/h, 0 RPM
07.10.2011 15:08:21.687:  D0 07 BF 5B 00 00 00 00 33
07.10.2011 15:08:21.687:  LCM  --> GLO : Lamp status: All_Off  All_OK
07.10.2011 15:08:21.859:  3B 03 80 10 A8
07.10.2011 15:08:21.859:  GT   --> IKE : Ignition status request
07.10.2011 15:08:21.875:  80 04 BF 11 03 29
07.10.2011 15:08:21.875:  IKE  --> GLO : Ignition status: Pos1_Acc Pos2_On
07.10.2011 15:08:22.218:  80 05 BF 18 00 00 22
07.10.2011 15:08:22.218:  IKE  --> GLO : Speed/RPM: Speed 0 km/h, 0 RPM
07.10.2011 15:08:23.265:  3B 03 ED 01 D4
07.10.2011 15:08:23.265:  GT   --> VID : Device status request
07.10.2011 15:08:23.296:  ED 04 3B 02 00 D0
07.10.2011 15:08:23.296:  VID  --> GT  : Device status ready
07.10.2011 15:08:24.218:  80 05 BF 18 00 00 22
07.10.2011 15:08:24.218:  IKE  --> GLO : Speed/RPM: Speed 0 km/h, 0 RPM
07.10.2011 15:08:24.500:  3B 03 80 01 B9
07.10.2011 15:08:24.500:  GT   --> IKE : Device status request
07.10.2011 15:08:24.531:  80 04 BF 02 00 39
07.10.2011 15:08:24.531:  IKE  --> GLO : Device status ready
07.10.2011 15:08:24.687:  D0 07 BF 5B 00 00 00 00 33
07.10.2011 15:08:24.687:  LCM  --> GLO : Lamp status: All_Off  All_OK
07.10.2011 15:08:25.078:  F0 03 68 01 9A
07.10.2011 15:08:25.078:  BMBT --> RAD : Device status request
07.10.2011 15:08:25.093:  68 04 BF 02 00 D1
07.10.2011 15:08:25.093:  RAD  --> GLO : Device status ready
07.10.2011 15:08:25.281:  3B 03 6A 01 53
07.10.2011 15:08:25.281:  GT   --> DSP : Device status request
07.10.2011 15:08:25.296:  6A 04 FF 02 00 93
07.10.2011 15:08:25.296:  DSP  --> LOC : Device status ready
07.10.2011 15:08:26.234:  80 05 BF 18 00 00 22
07.10.2011 15:08:26.234:  IKE  --> GLO : Speed/RPM: Speed 0 km/h, 0 RPM
07.10.2011 15:08:27.218:  80 06 BF 19 0E 0D 00 23
07.10.2011 15:08:27.218:  IKE  --> GLO : Temperature: Outside 14°C, Coolant 13°C
07.10.2011 15:08:27.265:  3B 03 C8 01 F1
07.10.2011 15:08:27.265:  GT   --> TEL : Device status request
07.10.2011 15:08:27.281:  C8 04 FF 02 30 01
07.10.2011 15:08:27.281:  TEL  --> LOC : Device status ready Assist_ready_after_Reset Bit5
07.10.2011 15:08:27.703:  D0 07 BF 5B 00 00 00 00 33
07.10.2011 15:08:27.703:  LCM  --> GLO : Lamp status: All_Off  All_OK
07.10.2011 15:08:28.234:  80 05 BF 18 00 00 22
07.10.2011 15:08:28.234:  IKE  --> GLO : Speed/RPM: Speed 0 km/h, 0 RPM
07.10.2011 15:08:30.234:  80 05 BF 18 00 00 22
07.10.2011 15:08:30.234:  IKE  --> GLO : Speed/RPM: Speed 0 km/h, 0 RPM
07.10.2011 15:08:30.703:  D0 07 BF 5B 00 00 00 00 33
07.10.2011 15:08:30.703:  LCM  --> GLO : Lamp status: All_Off  All_OK
07.10.2011 15:08:32.234:  80 05 BF 18 00 00 22
07.10.2011 15:08:32.234:  IKE  --> GLO : Speed/RPM: Speed 0 km/h, 0 RPM
07.10.2011 15:08:33.250:  3B 03 ED 01 D4
07.10.2011 15:08:33.250:  GT   --> VID : Device status request
07.10.2011 15:08:33.265:  ED 04 3B 02 00 D0
07.10.2011 15:08:33.265:  VID  --> GT  : Device status ready
07.10.2011 15:08:33.640:  00 05 BF 7A 53 5F CC
07.10.2011 15:08:33.640:  GM   --> GLO : Doors/flaps status: Open:  DvrDoorFr PgrDoorFr WndwDvr WndwPgr WndwDvrRr WndwPgrRr Sunroof Bonnet   Ctrl_Locking: Unlocked
07.10.2011 15:08:33.703:  D0 07 BF 5B 00 00 00 00 33
07.10.2011 15:08:33.703:  LCM  --> GLO : Lamp status: All_Off  All_OK
07.10.2011 15:08:33.937:  7F 14 C8 A2 00 00 54 20 42 40 00 13 25 41 00 00 00 00 00 00 00 00
07.10.2011 15:08:33.937:  NAV  --> TEL : Current position: 54°20'42.4"N  13°25'41.0"E
07.10.2011 15:08:34.000:  7F 23 C8 A4 00 01 50 55 54 42 55 53 00 00 00 00 00 00 00 00 00 00 00 00 00 00 00 00 00 00 00 00 00 00 00 00 24
07.10.2011 15:08:34.000:  NAV  --> TEL : Current location: Town = PUTBUS
07.10.2011 15:08:34.062:  7F 23 C8 A4 00 02 4C 32 39 3B 00 00 00 00 00 00 00 00 00 00 00 00 00 00 00 00 00 00 00 00 00 00 00 00 00 00 4E
07.10.2011 15:08:34.062:  NAV  --> TEL : Current location: Street = L29;
07.10.2011 15:08:34.234:  80 05 BF 18 00 00 22
07.10.2011 15:08:34.234:  IKE  --> GLO : Speed/RPM: Speed 0 km/h, 0 RPM
07.10.2011 15:08:34.390:  3B 03 80 01 B9
07.10.2011 15:08:34.390:  GT   --> IKE : Device status request
07.10.2011 15:08:34.406:  80 04 BF 02 00 39
07.10.2011 15:08:34.406:  IKE  --> GLO : Device status ready
07.10.2011 15:08:35.078:  F0 03 68 01 9A
07.10.2011 15:08:35.078:  BMBT --> RAD : Device status request
07.10.2011 15:08:35.109:  68 04 BF 02 00 D1
07.10.2011 15:08:35.109:  RAD  --> GLO : Device status ready
07.10.2011 15:08:35.296:  3B 03 6A 01 53
07.10.2011 15:08:35.296:  GT   --> DSP : Device status request
07.10.2011 15:08:35.312:  6A 04 FF 02 00 93
07.10.2011 15:08:35.312:  DSP  --> LOC : Device status ready
07.10.2011 15:08:36.250:  80 05 BF 18 00 00 22
07.10.2011 15:08:36.250:  IKE  --> GLO : Speed/RPM: Speed 0 km/h, 0 RPM
07.10.2011 15:08:36.703:  D0 07 BF 5B 00 00 00 00 33
07.10.2011 15:08:36.703:  LCM  --> GLO : Lamp status: All_Off  All_OK
07.10.2011 15:08:37.250:  80 06 BF 19 0E 0D 00 23
07.10.2011 15:08:37.250:  IKE  --> GLO : Temperature: Outside 14°C, Coolant 13°C
07.10.2011 15:08:37.265:  3B 03 C8 01 F1
07.10.2011 15:08:37.265:  GT   --> TEL : Device status request
07.10.2011 15:08:37.281:  C8 04 FF 02 30 01
07.10.2011 15:08:37.281:  TEL  --> LOC : Device status ready Assist_ready_after_Reset Bit5
07.10.2011 15:08:38.250:  80 05 BF 18 00 00 22
07.10.2011 15:08:38.250:  IKE  --> GLO : Speed/RPM: Speed 0 km/h, 0 RPM
07.10.2011 15:08:38.859:  80 0A BF 13 02 00 00 00 00 00 10 34
07.10.2011 15:08:38.859:  IKE  --> GLO : IKE sensor status: Oil_Pressure_Low 
07.10.2011 15:08:38.890:  80 04 BF 11 01 2B
07.10.2011 15:08:38.890:  IKE  --> GLO : Ignition status: Pos1_Acc
07.10.2011 15:08:38.921:  80 0A BF 13 00 00 00 00 00 00 10 36
07.10.2011 15:08:38.921:  IKE  --> GLO : IKE sensor status:
07.10.2011 15:08:38.953:  30 04 BF 51 04 DE
07.10.2011 15:08:38.953:  CCM  --> GLO : Checkcontrol sensors: Key_in_Ignition
07.10.2011 15:08:39.265:  80 04 BF 11 00 2A
07.10.2011 15:08:39.265:  IKE  --> GLO : Ignition status: Off
07.10.2011 15:08:39.296:  30 04 BF 51 04 DE
07.10.2011 15:08:39.296:  CCM  --> GLO : Checkcontrol sensors: Key_in_Ignition
07.10.2011 15:08:39.359:  30 19 80 1A 30 00 20 20 20 20 20 20 20 20 20 20 20 20 20 20 20 20 20 20 20 20 83
07.10.2011 15:08:39.359:  CCM  --> IKE : IKE Text/Gong: "                    " Immediate Clear Gong_off Warning_symbol_off
07.10.2011 15:08:39.390:  80 04 30 1B 00 AF
07.10.2011 15:08:39.390:  IKE  --> CCM : IKE text status: 0 text messages acknowledged
07.10.2011 15:08:39.703:  D0 07 BF 5B 00 00 00 00 33
07.10.2011 15:08:39.703:  LCM  --> GLO : Lamp status: All_Off  All_OK
07.10.2011 15:08:41.843:  68 09 7F A8 30 84 81 91 30 56 74
07.10.2011 15:08:41.843:  RAD  --> NAV : TMC