10/13/2011 9:05:42 PM.625:  !
10/13/2011 9:05:42 PM.625:  ! NavCoder v2.8.350 [DE] [i/k-bus] logging started
10/13/2011 9:05:42 PM.625:  ! Running on Windows XP Professional (Service Pack 3)  [de-DE]
10/13/2011 9:05:42 PM.625:  ! [Procotol = i/k-bus]
10/13/2011 9:05:45 PM.250:  F0 03 68 01 9A
10/13/2011 9:05:45 PM.250:  BMBT --> RAD : Device status request
10/13/2011 9:05:45 PM.296:  68 04 BF 02 00 D1
10/13/2011 9:05:45 PM.296:  RAD  --> GLO : Device status ready
10/13/2011 9:05:45 PM.484:  68 03 18 01 72
10/13/2011 9:05:45 PM.484:  RAD  --> CDC : Device status request
10/13/2011 9:05:45 PM.500:  18 04 FF 02 00 E1
10/13/2011 9:05:45 PM.500:  CDC  --> LOC : Device status ready
10/13/2011 9:05:45 PM.515:  3B 03 ED 01 D4
10/13/2011 9:05:45 PM.515:  GT   --> VID : Device status request
10/13/2011 9:05:45 PM.515:  ED 04 3B 02 00 D0
10/13/2011 9:05:45 PM.515:  VID  --> GT  : Device status ready
10/13/2011 9:05:45 PM.562:  68 03 6A 01 00
10/13/2011 9:05:45 PM.562:  RAD  --> DSP : Device status request
10/13/2011 9:05:45 PM.578:  6A 04 FF 02 00 93
10/13/2011 9:05:45 PM.578:  DSP  --> LOC : Device status ready
10/13/2011 9:05:51 PM.953:  3B 03 80 01 B9
10/13/2011 9:05:51 PM.953:  GT   --> IKE : Device status request
10/13/2011 9:05:51 PM.968:  3B 03 6A 01 53
10/13/2011 9:05:51 PM.968:  GT   --> DSP : Device status request
10/13/2011 9:05:51 PM.984:  6A 04 FF 02 00 93
10/13/2011 9:05:51 PM.984:  DSP  --> LOC : Device status ready
10/13/2011 9:05:52 PM.000:  3B 03 C8 01 F1
10/13/2011 9:05:52 PM.000:  GT   --> TEL : Device status request
10/13/2011 9:05:52 PM.015:  80 04 BF 02 00 39
10/13/2011 9:05:52 PM.015:  IKE  --> GLO : Device status ready
10/13/2011 9:05:52 PM.031:  C8 04 FF 02 30 01
10/13/2011 9:05:52 PM.031:  TEL  --> LOC : Device status ready Assist_ready_after_Reset Bit5
10/13/2011 9:05:52 PM.453:  3F 03 D0 00 EC
10/13/2011 9:05:52 PM.453:  DIA  --> LCM : Read identity
10/13/2011 9:05:52 PM.531:  D0 0F 3F A0 08 38 62 08 01 18 13 00 46 99 09 41 87
10/13/2011 9:05:52 PM.531:  LCM  --> DIA : Diagnostic command acknowledged, Data="08 38 62 08 01 18 13 00 46 99 09 41"    [ 8b     F™ A]
10/13/2011 9:05:52 PM.609:  3F 04 D0 08 00 E3
10/13/2011 9:05:52 PM.609:  DIA  --> LCM : Read coding data, Data="00"    [ ]
10/13/2011 9:05:52 PM.703:  D0 23 3F A0 00 86 00 08 01 00 01 6E 00 00 00 00 00 00 00 AD 00 4E 40 90 08 00 0B 80 00 00 00 28 2C 01 00 00 39
10/13/2011 9:05:52 PM.703:  LCM  --> DIA : Diagnostic command acknowledged, Data="00 86 00 08 01 00 01 6E 00 00 00 00 00 00 00 AD 00 4E 40 90 08 00 0B 80 00 00 00 28 2C 01 00 00"    [ †     n       ­ N@   €   (,   ]
10/13/2011 9:05:52 PM.812:  ! LKM lesen - LKM Codierung erfolgreich gelesen.  NavCoder wurde mit den aktuellen LKM-Einstellungen aktualisiert.
10/13/2011 9:05:52 PM.921:  68 03 18 01 72
10/13/2011 9:05:52 PM.921:  RAD  --> CDC : Device status request
10/13/2011 9:05:52 PM.937:  18 04 FF 02 00 E1
10/13/2011 9:05:52 PM.937:  CDC  --> LOC : Device status ready
10/13/2011 9:05:52 PM.953:  68 03 6A 01 00
10/13/2011 9:05:52 PM.953:  RAD  --> DSP : Device status request
10/13/2011 9:05:52 PM.968:  6A 04 FF 02 00 93
10/13/2011 9:05:52 PM.968:  DSP  --> LOC : Device status ready
10/13/2011 9:05:55 PM.265:  F0 03 68 01 9A
10/13/2011 9:05:55 PM.265:  BMBT --> RAD : Device status request
10/13/2011 9:05:55 PM.296:  68 04 BF 02 00 D1
10/13/2011 9:05:55 PM.296:  RAD  --> GLO : Device status ready
10/13/2011 9:05:55 PM.484:  3B 03 ED 01 D4
10/13/2011 9:05:55 PM.484:  GT   --> VID : Device status request
10/13/2011 9:05:55 PM.484:  ED 04 3B 02 00 D0
10/13/2011 9:05:55 PM.484:  VID  --> GT  : Device status ready
10/13/2011 9:05:57 PM.609:  7F 14 C8 A2 00 00 54 20 55 70 00 13 27 44 70 00 00 00 00 00 00 50
10/13/2011 9:05:57 PM.609:  NAV  --> TEL : Current position: 54°20'55.7"N  13°27'44.7"E
10/13/2011 9:05:57 PM.671:  7F 23 C8 A4 00 01 50 55 54 42 55 53 00 00 00 00 00 00 00 00 00 00 00 00 00 00 00 00 00 00 00 00 00 00 00 00 24
10/13/2011 9:05:57 PM.671:  NAV  --> TEL : Current location: Town = PUTBUS
10/13/2011 9:05:57 PM.718:  7F 23 C8 A4 00 02 50 41 52 4B 3B 00 00 00 00 00 00 00 00 00 00 00 00 00 00 00 00 00 00 00 00 00 00 00 00 00 01
10/13/2011 9:05:57 PM.718:  NAV  --> TEL : Current location: Street = PARK;
10/13/2011 9:05:58 PM.078:  68 0F 7F A8 30 08 0A BD D3 74 30 A4 0F D2 AF 40 3E
10/13/2011 9:05:58 PM.078:  RAD  --> NAV : TMC data:    Type30:  Group0Data="08 0A BD D3 74"    Type30:  GroupA: Data="A4 0F D2 AF 40"
10/13/2011 9:06:00 PM.484:  68 03 18 01 72
10/13/2011 9:06:00 PM.484:  RAD  --> CDC : Device status request
10/13/2011 9:06:00 PM.500:  18 04 FF 02 00 E1
10/13/2011 9:06:00 PM.500:  CDC  --> LOC : Device status ready
10/13/2011 9:06:00 PM.515:  68 03 6A 01 00
10/13/2011 9:06:00 PM.515:  RAD  --> DSP : Device status request
10/13/2011 9:06:00 PM.531:  6A 04 FF 02 00 93
10/13/2011 9:06:00 PM.531:  DSP  --> LOC : Device status ready
10/13/2011 9:06:01 PM.937:  3B 03 80 01 B9
10/13/2011 9:06:01 PM.937:  GT   --> IKE : Device status request
10/13/2011 9:06:01 PM.953:  3B 03 6A 01 53
10/13/2011 9:06:01 PM.953:  GT   --> DSP : Device status request
10/13/2011 9:06:01 PM.968:  6A 04 FF 02 00 93
10/13/2011 9:06:01 PM.968:  DSP  --> LOC : Device status ready
10/13/2011 9:06:01 PM.968:  3B 03 C8 01 F1
10/13/2011 9:06:01 PM.968:  GT   --> TEL : Device status request
10/13/2011 9:06:01 PM.984:  C8 04 FF 02 30 01
10/13/2011 9:06:01 PM.984:  TEL  --> LOC : Device status ready Assist_ready_after_Reset Bit5
10/13/2011 9:06:02 PM.000:  80 04 BF 02 00 39
10/13/2011 9:06:02 PM.000:  IKE  --> GLO : Device status ready
10/13/2011 9:06:05 PM.296:  F0 03 68 01 9A
10/13/2011 9:06:05 PM.296:  BMBT --> RAD : Device status request
10/13/2011 9:06:05 PM.312:  68 04 BF 02 00 D1
10/13/2011 9:06:05 PM.312:  RAD  --> GLO : Device status ready
10/13/2011 9:06:05 PM.453:  3B 03 ED 01 D4
10/13/2011 9:06:05 PM.453:  GT   --> VID : Device status request
10/13/2011 9:06:05 PM.468:  ED 04 3B 02 00 D0
10/13/2011 9:06:05 PM.468:  VID  --> GT  : Device status ready
10/13/2011 9:06:06 PM.296:  7F 0B 80 1F 40 19 05 13 00 10 20 11 85
10/13/2011 9:06:06 PM.296:  NAV  --> IKE : Time & date: UTC  19:05 13 October 2011
10/13/2011 9:06:08 PM.015:  68 03 18 01 72
10/13/2011 9:06:08 PM.015:  RAD  --> CDC : Device status request
10/13/2011 9:06:08 PM.031:  18 04 FF 02 00 E1
10/13/2011 9:06:08 PM.031:  CDC  --> LOC : Device status ready
10/13/2011 9:06:08 PM.046:  68 03 6A 01 00
10/13/2011 9:06:08 PM.046:  RAD  --> DSP : Device status request
10/13/2011 9:06:08 PM.062:  6A 04 FF 02 00 93
10/13/2011 9:06:08 PM.062:  DSP  --> LOC : Device status ready
10/13/2011 9:06:11 PM.921:  3B 03 80 01 B9
10/13/2011 9:06:11 PM.921:  GT   --> IKE : Device status request
10/13/2011 9:06:11 PM.937:  80 04 BF 02 00 39
10/13/2011 9:06:11 PM.937:  IKE  --> GLO : Device status ready
10/13/2011 9:06:11 PM.953:  3B 03 6A 01 53
10/13/2011 9:06:11 PM.953:  GT   --> DSP : Device status request
10/13/2011 9:06:11 PM.968:  6A 04 FF 02 00 93
10/13/2011 9:06:11 PM.968:  DSP  --> LOC : Device status ready
10/13/2011 9:06:11 PM.968:  3B 03 C8 01 F1
10/13/2011 9:06:11 PM.968:  GT   --> TEL : Device status request
10/13/2011 9:06:11 PM.984:  C8 04 FF 02 30 01
10/13/2011 9:06:11 PM.984:  TEL  --> LOC : Device status ready Assist_ready_after_Reset Bit5
10/13/2011 9:06:15 PM.312:  F0 03 68 01 9A
10/13/2011 9:06:15 PM.312:  BMBT --> RAD : Device status request
10/13/2011 9:06:15 PM.343:  68 04 BF 02 00 D1
10/13/2011 9:06:15 PM.343:  RAD  --> GLO : Device status ready
10/13/2011 9:06:15 PM.437:  3B 03 ED 01 D4
10/13/2011 9:06:15 PM.437:  GT   --> VID : Device status request
10/13/2011 9:06:15 PM.453:  ED 04 3B 02 00 D0
10/13/2011 9:06:15 PM.453:  VID  --> GT  : Device status ready
10/13/2011 9:06:15 PM.609:  68 03 18 01 72
10/13/2011 9:06:15 PM.609:  RAD  --> CDC : Device status request
10/13/2011 9:06:15 PM.640:  18 04 FF 02 00 E1
10/13/2011 9:06:15 PM.640:  CDC  --> LOC : Device status ready
10/13/2011 9:06:15 PM.656:  68 03 6A 01 00
10/13/2011 9:06:15 PM.656:  RAD  --> DSP : Device status request
10/13/2011 9:06:15 PM.656:  6A 04 FF 02 00 93
10/13/2011 9:06:15 PM.656:  DSP  --> LOC : Device status ready
10/13/2011 9:06:21 PM.890:  3B 03 80 01 B9
10/13/2011 9:06:21 PM.890:  GT   --> IKE : Device status request
10/13/2011 9:06:21 PM.906:  3B 03 6A 01 53
10/13/2011 9:06:21 PM.906:  GT   --> DSP : Device status request
10/13/2011 9:06:21 PM.921:  6A 04 FF 02 00 93
10/13/2011 9:06:21 PM.921:  DSP  --> LOC : Device status ready
10/13/2011 9:06:21 PM.937:  80 04 BF 02 00 39
10/13/2011 9:06:21 PM.937:  IKE  --> GLO : Device status ready
10/13/2011 9:06:21 PM.953:  3B 03 C8 01 F1
10/13/2011 9:06:21 PM.953:  GT   --> TEL : Device status request
10/13/2011 9:06:21 PM.953:  C8 04 FF 02 30 01
10/13/2011 9:06:21 PM.953:  TEL  --> LOC : Device status ready Assist_ready_after_Reset Bit5
10/13/2011 9:06:23 PM.046:  68 03 18 01 72
10/13/2011 9:06:23 PM.046:  RAD  --> CDC : Device status request
10/13/2011 9:06:23 PM.062:  18 04 FF 02 00 E1
10/13/2011 9:06:23 PM.062:  CDC  --> LOC : Device status ready
10/13/2011 9:06:23 PM.078:  68 03 6A 01 00
10/13/2011 9:06:23 PM.078:  RAD  --> DSP : Device status request
10/13/2011 9:06:23 PM.093:  6A 04 FF 02 00 93
10/13/2011 9:06:23 PM.093:  DSP  --> LOC : Device status ready
10/13/2011 9:06:25 PM.328:  F0 03 68 01 9A
10/13/2011 9:06:25 PM.328:  BMBT --> RAD : Device status request
10/13/2011 9:06:25 PM.343:  68 04 BF 02 00 D1
10/13/2011 9:06:25 PM.343:  RAD  --> GLO : Device status ready
10/13/2011 9:06:25 PM.406:  3B 03 ED 01 D4
10/13/2011 9:06:25 PM.406:  GT   --> VID : Device status request
10/13/2011 9:06:25 PM.421:  ED 04 3B 02 00 D0
10/13/2011 9:06:25 PM.421:  VID  --> GT  : Device status ready
10/13/2011 9:06:27 PM.515:  7F 14 C8 A2 00 00 54 20 55 70 00 13 27 44 70 00 00 00 00 00 00 50
10/13/2011 9:06:27 PM.515:  NAV  --> TEL : Current position: 54°20'55.7"N  13°27'44.7"E
10/13/2011 9:06:27 PM.578:  7F 23 C8 A4 00 01 50 55 54 42 55 53 00 00 00 00 00 00 00 00 00 00 00 00 00 00 00 00 00 00 00 00 00 00 00 00 24
10/13/2011 9:06:27 PM.578:  NAV  --> TEL : Current location: Town = PUTBUS
10/13/2011 9:06:27 PM.625:  7F 23 C8 A4 00 02 50 41 52 4B 3B 00 00 00 00 00 00 00 00 00 00 00 00 00 00 00 00 00 00 00 00 00 00 00 00 00 01
10/13/2011 9:06:27 PM.625:  NAV  --> TEL : Current location: Street = PARK;
10/13/2011 9:06:28 PM.906:  3F 04 D0 08 00 E3
10/13/2011 9:06:28 PM.906:  DIA  --> LCM : Read coding data, Data="00"    [ ]
10/13/2011 9:06:29 PM.000:  D0 23 3F A0 00 86 00 08 01 00 01 6E 00 00 00 00 00 00 00 AD 00 4E 40 90 08 00 0B 80 00 00 00 28 2C 01 00 00 39
10/13/2011 9:06:29 PM.000:  LCM  --> DIA : Diagnostic command acknowledged, Data="00 86 00 08 01 00 01 6E 00 00 00 00 00 00 00 AD 00 4E 40 90 08 00 0B 80 00 00 00 28 2C 01 00 00"    [ †     n       ­ N@   €   (,   ]
10/13/2011 9:06:29 PM.156:  3F 23 D0 09 00 86 00 08 01 00 1D 6E 00 00 00 00 00 00 00 AD 00 4E 40 90 08 00 0B 80 00 00 00 28 2C 01 00 00 8C
10/13/2011 9:06:29 PM.156:  DIA  --> LCM : Write coding data, Data="00 86 00 08 01 00 1D 6E 00 00 00 00 00 00 00 AD 00 4E 40 90 08 00 0B 80 00 00 00 28 2C 01 00 00"    [ †     n       ­ N@   €   (,   ]
10/13/2011 9:06:29 PM.171:  D0 03 3F A0 4C
10/13/2011 9:06:29 PM.171:  LCM  --> DIA : Diagnostic command acknowledged
10/13/2011 9:06:29 PM.343:  ! LKM codieren - Das LKM hat die Codierung als erfolgreich bestätigt.  Bitte die Zündung ausschalten, warte 10s, dann schalten Sie die Zündung wieden ein, um das LKM zurückzusetzen.  Bitte kontrollieren Sie ob die geändetet Einstellung richtig funktioniert.
10/13/2011 9:06:30 PM.515:  68 03 18 01 72
10/13/2011 9:06:30 PM.515:  RAD  --> CDC : Device status request
10/13/2011 9:06:30 PM.531:  18 04 FF 02 00 E1
10/13/2011 9:06:30 PM.531:  CDC  --> LOC : Device status ready
10/13/2011 9:06:30 PM.546:  68 03 6A 01 00
10/13/2011 9:06:30 PM.546:  RAD  --> DSP : Device status request
10/13/2011 9:06:30 PM.562:  6A 04 FF 02 00 93
10/13/2011 9:06:30 PM.562:  DSP  --> LOC : Device status ready
10/13/2011 9:06:31 PM.875:  3B 03 80 01 B9
10/13/2011 9:06:31 PM.875:  GT   --> IKE : Device status request
10/13/2011 9:06:31 PM.890:  3B 03 6A 01 53
10/13/2011 9:06:31 PM.890:  GT   --> DSP : Device status request
10/13/2011 9:06:31 PM.906:  6A 04 FF 02 00 93
10/13/2011 9:06:31 PM.906:  DSP  --> LOC : Device status ready
10/13/2011 9:06:31 PM.921:  3B 03 C8 01 F1
10/13/2011 9:06:31 PM.921:  GT   --> TEL : Device status request
10/13/2011 9:06:31 PM.921:  C8 04 FF 02 30 01
10/13/2011 9:06:31 PM.921:  TEL  --> LOC : Device status ready Assist_ready_after_Reset Bit5
10/13/2011 9:06:31 PM.937:  80 04 BF 02 00 39
10/13/2011 9:06:31 PM.937:  IKE  --> GLO : Device status ready
10/13/2011 9:06:34 PM.640:  ! NavCoder logging stopped, NavCoder closed
10/13/2011 9:06:34 PM.640:  !
