2012-02-04 11:31:22.986:  !
2012-02-04 11:31:22.986:  ! NavCoder v2.9.154.Beta [DE] [Multi-protocol] logging started
2012-02-04 11:31:22.986:  ! Running on Windows XP Professional (Service Pack 3)  [de-DE]
2012-02-04 11:31:22.986:  ! [Debug Mode]
2012-02-04 11:31:22.986:  ! [Multi-procotol enabled]
2012-02-04 11:31:22.986:  ! [Procotol = i/k-bus]
2012-02-04 11:31:23.266:  7F 04 68 A7 36 82
2012-02-04 11:31:23.266:  NAV  --> RAD : TMC status request, Update_Class=36
2012-02-04 11:31:24.027:  68 11 7F A8 30 A5 4E 93 B6 00 30 26 C9 8D 27 DF 32 3A F2
2012-02-04 11:31:24.027:  RAD  --> NAV : TMC data, Type30:  GroupA: Data="A5 4E 93 B6 00"   Type30:  Group2: Data="26 C9 8D 27 DF"   Type32: Data="3A"
2012-02-04 11:31:25.439:  F0 04 FF 48 34 77
2012-02-04 11:31:25.439:  BMBT --> LOC : BM Button, MENU_pressed
2012-02-04 11:31:25.529:  F0 04 FF 48 B4 F7
2012-02-04 11:31:25.529:  BMBT --> LOC : BM Button, MENU_released
2012-02-04 11:31:25.599:  7F 04 43 AB 21 B2
2012-02-04 11:31:25.599:  NAV  --> GTF : Remote control status, , Data="21"
2012-02-04 11:31:26.601:  F0 04 3B 49 01 87
2012-02-04 11:31:26.601:  BMBT --> GT  : BM_Knob, Left 1 step
2012-02-04 11:31:27.061:  F0 04 3B 49 81 07
2012-02-04 11:31:27.061:  BMBT --> GT  : BM_Knob, Right 1 step
2012-02-04 11:31:27.602:  F0 04 3B 48 05 82
2012-02-04 11:31:27.602:  BMBT --> GT  : BM Button, BM_Knob_pressed
2012-02-04 11:31:27.662:  F0 04 3B 48 85 02
2012-02-04 11:31:27.662:  BMBT --> GT  : BM Button, BM_Knob_released
2012-02-04 11:31:27.692:  3B 05 FF 20 02 0C EF
2012-02-04 11:31:27.692:  GT   --> LOC : Display status, TEL_short Show_TEL_Menu Show_TEL_Main
2012-02-04 11:31:27.732:  C8 1F 3B 21 80 01 20 06 4B 6F 6E 74 6F 73 74 61 6E 64 06 58 74 72 61 20 4B 6F 6E 74 6F 73 65 72 7B
2012-02-04 11:31:27.732:  TEL  --> GT  : Menu Text, Layout=0x80:  Flags=CLS  F0=  Btn1"Kontostand"  Btn2"Xtra Kontoser"
2012-02-04 11:31:27.762:  C8 05 3B 23 81 20 74
2012-02-04 11:31:27.762:  TEL  --> GT  : Display Text, Layout=0x81:  Flags=CLS  F0=
2012-02-04 11:31:27.782:  E8 05 D0 59 50 00 34
2012-02-04 11:31:27.782:  RLS  --> LCM : Light control status, Control: Turn_lights_off Sensor_OK Level_Signal_invalid Reason:Data="50 00"
2012-02-04 11:31:27.812:  68 03 6A 01 00
2012-02-04 11:31:27.812:  RAD  --> DSP : Device status request
2012-02-04 11:31:27.843:  3B 04 C8 22 00 D5
2012-02-04 11:31:27.843:  GT   --> TEL : Text display confirmation, Menu Text: 1 text message acknowledged
2012-02-04 11:31:27.863:  F0 03 68 01 9A
2012-02-04 11:31:27.863:  BMBT --> RAD : Device status request
2012-02-04 11:31:27.893:  68 05 BF 02 00 03 D3
2012-02-04 11:31:27.893:  RAD  --> GLO : Device status ready, 
2012-02-04 11:31:28.323:  F0 04 3B 49 01 87
2012-02-04 11:31:28.323:  BMBT --> GT  : BM_Knob, Left 1 step
2012-02-04 11:31:28.664:  F0 04 3B 49 01 87
2012-02-04 11:31:28.664:  BMBT --> GT  : BM_Knob, Left 1 step
2012-02-04 11:31:29.054:  F0 04 3B 48 05 82
2012-02-04 11:31:29.054:  BMBT --> GT  : BM Button, BM_Knob_pressed
2012-02-04 11:31:29.084:  3B 06 C8 31 80 01 02 47
2012-02-04 11:31:29.084:  GT   --> TEL : Button, Button_2_pressed
2012-02-04 11:31:29.114:  C8 15 3B 23 81 20 58 74 72 61 20 4B 6F 6E 74 6F 73 65 72 76 65 72 2F
2012-02-04 11:31:29.114:  TEL  --> GT  : Display Text, Layout=0x81:  Flags=CLS  F0="Xtra Kontoserver"
2012-02-04 11:31:29.144:  F0 04 3B 48 85 02
2012-02-04 11:31:29.144:  BMBT --> GT  : BM Button, BM_Knob_released
2012-02-04 11:31:29.164:  3B 06 C8 31 80 01 42 07
2012-02-04 11:31:29.164:  GT   --> TEL : Button, Button_2_released
2012-02-04 11:31:29.245:  3B 03 C8 01 F1
2012-02-04 11:31:29.245:  GT   --> TEL : Device status request
2012-02-04 11:31:29.265:  C8 04 FF 02 30 01
2012-02-04 11:31:29.265:  TEL  --> LOC : Device status ready, Assist_ready_after_Reset Bit5
2012-02-04 11:31:29.715:  68 05 76 38 00 00 23
2012-02-04 11:31:29.715:  RAD  --> CDCD: CD_control, Status_Request
2012-02-04 11:31:29.745:  68 05 18 38 00 00 4D
2012-02-04 11:31:29.745:  RAD  --> CDC : CD_control, Status_Request
2012-02-04 11:31:30.336:  68 15 7F A8 30 26 4E 93 F2 00 30 81 90 C9 31 C0 30 A1 5E 93 EF D2 EB
2012-02-04 11:31:30.336:  RAD  --> NAV : TMC data, Type30:  Group2: Data="26 4E 93 F2 00"   Type30:  Group8_TMC_Data:  User_Msg,Multi_Grp,First_Grp Loc=12736 Evnt=201 Dir=Neg Extnt=2 ConIndex=1   Type30:  GroupA: Data="A1 5E 93 EF D2"
2012-02-04 11:31:31.297:  F0 04 3B 49 81 07
2012-02-04 11:31:31.297:  BMBT --> GT  : BM_Knob, Right 1 step
2012-02-04 11:31:31.648:  F0 04 3B 49 81 07
2012-02-04 11:31:31.648:  BMBT --> GT  : BM_Knob, Right 1 step
2012-02-04 11:31:32.059:  C8 09 3B 23 82 20 32 30 30 30 79
2012-02-04 11:31:32.059:  TEL  --> GT  : Display Text, Layout=0x82:  Flags=CLS  F0="2000"
2012-02-04 11:31:32.329:  F0 04 3B 49 81 07
2012-02-04 11:31:32.329:  BMBT --> GT  : BM_Knob, Right 1 step
2012-02-04 11:31:33.441:  F0 04 3B 48 05 82
2012-02-04 11:31:33.441:  BMBT --> GT  : BM Button, BM_Knob_pressed
2012-02-04 11:31:33.471:  3B 04 FF 48 08 80
2012-02-04 11:31:33.471:  GT   --> LOC : BM Button, TELEPHONE_pressed
2012-02-04 11:31:33.521:  F0 04 3B 48 85 02
2012-02-04 11:31:33.521:  BMBT --> GT  : BM Button, BM_Knob_released
2012-02-04 11:31:33.551:  3B 04 FF 48 88 00
2012-02-04 11:31:33.551:  GT   --> LOC : BM Button, TELEPHONE_released
2012-02-04 11:31:33.981:  C8 04 E7 2C 11 16
2012-02-04 11:31:33.981:  TEL  --> ANZV: Telephone status, Hands_Free Phone_On
2012-02-04 11:31:34.011:  C8 06 E7 23 02 00 C6 CE
2012-02-04 11:31:34.011:  TEL  --> ANZV: Display Text, Layout=Date  Flags=  F0="Æ"
2012-02-04 11:31:34.041:  C8 04 E7 2C 31 36
2012-02-04 11:31:34.041:  TEL  --> ANZV: Telephone status, Hands_Free Phone_On Phone_Active
2012-02-04 11:31:34.061:  C8 06 E7 23 02 00 C6 CE
2012-02-04 11:31:34.061:  TEL  --> ANZV: Display Text, Layout=Date  Flags=  F0="Æ"
2012-02-04 11:31:34.612:  C8 07 E7 23 01 00 C7 C8 05
2012-02-04 11:31:34.612:  TEL  --> ANZV: Display Text, Layout=Time  Flags=  F0="ÇÈ"
2012-02-04 11:31:34.642:  C8 04 E7 2B 10 10
2012-02-04 11:31:34.642:  TEL  --> ANZV: Telephone indicators, Green
2012-02-04 11:31:36.174:  C8 05 E7 A6 F0 00 7C
2012-02-04 11:31:36.174:  TEL  --> ANZV: Special indicators, Acknowledge
2012-02-04 11:31:37.777:  E8 05 D0 59 50 00 34
2012-02-04 11:31:37.777:  RLS  --> LCM : Light control status, Control: Turn_lights_off Sensor_OK Level_Signal_invalid Reason:Data="50 00"
2012-02-04 11:31:37.887:  F0 03 68 01 9A
2012-02-04 11:31:37.887:  BMBT --> RAD : Device status request
2012-02-04 11:31:37.907:  68 05 BF 02 00 03 D3
2012-02-04 11:31:37.907:  RAD  --> GLO : Device status ready, 
2012-02-04 11:31:38.838:  F0 04 C8 32 10 1E
2012-02-04 11:31:38.838:  BMBT --> TEL : Volume Control, Decrease 1 step
2012-02-04 11:31:38.908:  F0 04 C8 32 10 1E
2012-02-04 11:31:38.908:  BMBT --> TEL : Volume Control, Decrease 1 step
2012-02-04 11:31:39.009:  F0 04 C8 32 10 1E
2012-02-04 11:31:39.009:  BMBT --> TEL : Volume Control, Decrease 1 step
2012-02-04 11:31:39.069:  F0 04 C8 32 10 1E
2012-02-04 11:31:39.069:  BMBT --> TEL : Volume Control, Decrease 1 step
2012-02-04 11:31:39.229:  F0 04 C8 32 10 1E
2012-02-04 11:31:39.229:  BMBT --> TEL : Volume Control, Decrease 1 step
2012-02-04 11:31:39.259:  3B 03 ED 01 D4
2012-02-04 11:31:39.259:  GT   --> VID : Device status request
2012-02-04 11:31:39.279:  ED 04 3B 02 00 D0
2012-02-04 11:31:39.279:  VID  --> GT  : Device status ready, 
2012-02-04 11:31:39.399:  F0 04 C8 32 10 1E
2012-02-04 11:31:39.399:  BMBT --> TEL : Volume Control, Decrease 1 step
2012-02-04 11:31:39.439:  7F 14 C8 A2 01 00 50 48 11 40 00 11 34 52 00 01 77 00 10 31 36 5F
2012-02-04 11:31:39.439:  NAV  --> TEL : Current position, GPS fix; 50°48'11.4"N  11°34'52.0"E; Alt 177m;  UTC 10:31:36
2012-02-04 11:31:39.479:  7F 23 C8 A4 00 01 50 45 52 4E 49 4B 00 00 00 00 00 00 00 00 00 00 00 00 00 00 00 00 00 00 00 00 00 00 00 00 3A
2012-02-04 11:31:39.479:  NAV  --> TEL : Current location, Town = PERNIK
2012-02-04 11:31:39.529:  68 0F 7F A8 30 81 0F 60 00 00 30 22 C8 D4 2B BA F1
2012-02-04 11:31:39.529:  RAD  --> NAV : TMC data, Type30:  Group8_TMC_Data:  User_Msg,Multi_Grp ConIndex=1   Type30:  Group2: Data="22 C8 D4 2B BA"
2012-02-04 11:31:39.569:  F0 04 C8 32 10 1E
2012-02-04 11:31:39.569:  BMBT --> TEL : Volume Control, Decrease 1 step
2012-02-04 11:31:39.720:  F0 04 C8 32 10 1E
2012-02-04 11:31:39.720:  BMBT --> TEL : Volume Control, Decrease 1 step
2012-02-04 11:31:39.850:  F0 04 C8 32 10 1E
2012-02-04 11:31:39.850:  BMBT --> TEL : Volume Control, Decrease 1 step
2012-02-04 11:31:39.950:  F0 04 C8 32 10 1E
2012-02-04 11:31:39.950:  BMBT --> TEL : Volume Control, Decrease 1 step
2012-02-04 11:31:40.080:  F0 04 C8 32 10 1E
2012-02-04 11:31:40.080:  BMBT --> TEL : Volume Control, Decrease 1 step
2012-02-04 11:31:40.180:  F0 04 C8 32 10 1E
2012-02-04 11:31:40.180:  BMBT --> TEL : Volume Control, Decrease 1 step
2012-02-04 11:31:40.250:  F0 04 C8 32 10 1E
2012-02-04 11:31:40.250:  BMBT --> TEL : Volume Control, Decrease 1 step
2012-02-04 11:31:40.701:  F0 04 C8 32 10 1E
2012-02-04 11:31:40.701:  BMBT --> TEL : Volume Control, Decrease 1 step
2012-02-04 11:31:40.931:  F0 04 C8 32 10 1E
2012-02-04 11:31:40.931:  BMBT --> TEL : Volume Control, Decrease 1 step
2012-02-04 11:31:41.232:  F0 04 C8 32 10 1E
2012-02-04 11:31:41.232:  BMBT --> TEL : Volume Control, Decrease 1 step
2012-02-04 11:31:42.013:  F0 04 C8 32 11 1F
2012-02-04 11:31:42.013:  BMBT --> TEL : Volume Control, Increase 1 step
2012-02-04 11:31:42.504:  F0 04 C8 32 10 1E
2012-02-04 11:31:42.504:  BMBT --> TEL : Volume Control, Decrease 1 step
2012-02-04 11:31:42.964:  F0 04 C8 32 10 1E
2012-02-04 11:31:42.964:  BMBT --> TEL : Volume Control, Decrease 1 step
2012-02-04 11:31:43.485:  F0 04 C8 32 10 1E
2012-02-04 11:31:43.485:  BMBT --> TEL : Volume Control, Decrease 1 step
2012-02-04 11:31:43.916:  F0 04 C8 32 10 1E
2012-02-04 11:31:43.916:  BMBT --> TEL : Volume Control, Decrease 1 step
2012-02-04 11:31:46.890:  F0 04 C8 32 10 1E
2012-02-04 11:31:46.890:  BMBT --> TEL : Volume Control, Decrease 1 step
2012-02-04 11:31:46.930:  68 0F 7F A8 30 A8 49 47 29 AC 30 23 93 2F 30 E2 DE
2012-02-04 11:31:46.930:  RAD  --> NAV : TMC data, Type30:  GroupA: Data="A8 49 47 29 AC"   Type30:  Group2: Data="23 93 2F 30 E2"
2012-02-04 11:31:47.791:  E8 05 D0 59 50 00 34
2012-02-04 11:31:47.791:  RLS  --> LCM : Light control status, Control: Turn_lights_off Sensor_OK Level_Signal_invalid Reason:Data="50 00"
2012-02-04 11:31:47.811:  68 03 6A 01 00
2012-02-04 11:31:47.811:  RAD  --> DSP : Device status request
2012-02-04 11:31:47.901:  F0 03 68 01 9A
2012-02-04 11:31:47.901:  BMBT --> RAD : Device status request
2012-02-04 11:31:47.931:  68 05 BF 02 00 03 D3
2012-02-04 11:31:47.931:  RAD  --> GLO : Device status ready, 
2012-02-04 11:31:49.223:  3B 03 F0 01 C9
2012-02-04 11:31:49.223:  GT   --> BMBT: Device status request
2012-02-04 11:31:49.243:  F0 04 3B 02 30 FD
2012-02-04 11:31:49.243:  BMBT --> GT  : Device status ready, Bit4 Bit5
2012-02-04 11:31:49.714:  68 05 76 38 00 00 23
2012-02-04 11:31:49.714:  RAD  --> CDCD: CD_control, Status_Request
2012-02-04 11:31:49.744:  68 05 18 38 00 00 4D
2012-02-04 11:31:49.744:  RAD  --> CDC : CD_control, Status_Request
2012-02-04 11:31:53.299:  F0 04 C8 32 11 1F
2012-02-04 11:31:53.299:  BMBT --> TEL : Volume Control, Increase 1 step
2012-02-04 11:31:53.820:  F0 04 C8 32 11 1F
2012-02-04 11:31:53.820:  BMBT --> TEL : Volume Control, Increase 1 step
2012-02-04 11:31:54.090:  F0 04 C8 32 11 1F
2012-02-04 11:31:54.090:  BMBT --> TEL : Volume Control, Increase 1 step
2012-02-04 11:31:54.381:  F0 04 C8 32 11 1F
2012-02-04 11:31:54.381:  BMBT --> TEL : Volume Control, Increase 1 step
2012-02-04 11:31:54.611:  F0 04 C8 32 11 1F
2012-02-04 11:31:54.611:  BMBT --> TEL : Volume Control, Increase 1 step
2012-02-04 11:31:55.002:  F0 04 C8 32 11 1F
2012-02-04 11:31:55.002:  BMBT --> TEL : Volume Control, Increase 1 step
2012-02-04 11:31:55.262:  F0 04 C8 32 11 1F
2012-02-04 11:31:55.262:  BMBT --> TEL : Volume Control, Increase 1 step
2012-02-04 11:31:55.853:  F0 04 C8 32 11 1F
2012-02-04 11:31:55.853:  BMBT --> TEL : Volume Control, Increase 1 step
2012-02-04 11:31:56.133:  68 15 7F A8 30 03 5E 91 03 D2 30 23 07 D4 00 00 30 A8 43 EE 28 8F D5
2012-02-04 11:31:56.133:  RAD  --> NAV : TMC data, Type30:  Group0Data="03 5E 91 03 D2"   Type30:  Group2: Data="23 07 D4 00 00"   Type30:  GroupA: Data="A8 43 EE 28 8F"
2012-02-04 11:31:57.806:  E8 05 D0 59 50 00 34
2012-02-04 11:31:57.806:  RLS  --> LCM : Light control status, Control: Turn_lights_off Sensor_OK Level_Signal_invalid Reason:Data="50 00"
2012-02-04 11:31:57.916:  F0 03 68 01 9A
2012-02-04 11:31:57.916:  BMBT --> RAD : Device status request
2012-02-04 11:31:57.946:  68 05 BF 02 00 03 D3
2012-02-04 11:31:57.946:  RAD  --> GLO : Device status ready, 
2012-02-04 11:31:58.547:  F0 04 3B 49 01 87
2012-02-04 11:31:58.547:  BMBT --> GT  : BM_Knob, Left 1 step
2012-02-04 11:31:58.587:  80 0C E7 24 01 00 31 31 3A 33 34 20 20 73
2012-02-04 11:31:58.587:  IKE  --> ANZV: Update Text, Layout=Time  Flags=  F0="11:34  "
2012-02-04 11:31:58.957:  F0 04 3B 48 05 82
2012-02-04 11:31:58.957:  BMBT --> GT  : BM Button, BM_Knob_pressed
2012-02-04 11:31:58.987:  3B 06 C8 31 80 07 1E 5D
2012-02-04 11:31:58.987:  GT   --> TEL : Button, Button_E_pressed
2012-02-04 11:31:59.007:  C8 06 3B 21 42 02 20 B4
2012-02-04 11:31:59.007:  TEL  --> GT  : Menu Text, Layout=0x42:  Flags=CLS  F0=
2012-02-04 11:31:59.037:  C8 05 3B 23 63 20 96
2012-02-04 11:31:59.037:  TEL  --> GT  : Display Text, Layout=0x63:  Flags=CLS  F0=
2012-02-04 11:31:59.057:  F0 04 3B 48 85 02
2012-02-04 11:31:59.057:  BMBT --> GT  : BM Button, BM_Knob_released
2012-02-04 11:31:59.087:  C8 06 E7 23 02 00 C6 CE
2012-02-04 11:31:59.087:  TEL  --> ANZV: Display Text, Layout=Date  Flags=  F0="Æ"
2012-02-04 11:31:59.107:  3B 04 C8 22 00 D5
2012-02-04 11:31:59.107:  GT   --> TEL : Text display confirmation, Menu Text: 1 text message acknowledged
2012-02-04 11:31:59.218:  3B 03 80 01 B9
2012-02-04 11:31:59.218:  GT   --> IKE : Device status request
2012-02-04 11:31:59.238:  80 04 BF 02 00 39
2012-02-04 11:31:59.238:  IKE  --> GLO : Device status ready, 
2012-02-04 11:32:00.379:  F0 04 3B 49 81 07
2012-02-04 11:32:00.379:  BMBT --> GT  : BM_Knob, Right 1 step
2012-02-04 11:32:00.610:  F0 04 3B 49 81 07
2012-02-04 11:32:00.610:  BMBT --> GT  : BM_Knob, Right 1 step
2012-02-04 11:32:00.950:  F0 04 3B 49 81 07
2012-02-04 11:32:00.950:  BMBT --> GT  : BM_Knob, Right 1 step
2012-02-04 11:32:01.761:  F0 04 3B 49 81 07
2012-02-04 11:32:01.761:  BMBT --> GT  : BM_Knob, Right 1 step
2012-02-04 11:32:02.122:  68 09 7F A8 30 28 08 3F 32 8D 26
2012-02-04 11:32:02.122:  RAD  --> NAV : TMC data, Type30:  Group2: Data="28 08 3F 32 8D"
2012-02-04 11:32:02.222:  F0 04 3B 49 81 07
2012-02-04 11:32:02.222:  BMBT --> GT  : BM_Knob, Right 1 step
2012-02-04 11:32:02.562:  F0 04 3B 49 81 07
2012-02-04 11:32:02.562:  BMBT --> GT  : BM_Knob, Right 1 step
2012-02-04 11:32:03.013:  F0 04 3B 49 01 87
2012-02-04 11:32:03.013:  BMBT --> GT  : BM_Knob, Left 1 step
2012-02-04 11:32:03.243:  F0 04 3B 49 01 87
2012-02-04 11:32:03.243:  BMBT --> GT  : BM_Knob, Left 1 step
2012-02-04 11:32:03.474:  F0 04 3B 49 01 87
2012-02-04 11:32:03.474:  BMBT --> GT  : BM_Knob, Left 1 step
2012-02-04 11:32:03.814:  F0 04 3B 49 01 87
2012-02-04 11:32:03.814:  BMBT --> GT  : BM_Knob, Left 1 step
2012-02-04 11:32:04.275:  F0 04 3B 49 01 87
2012-02-04 11:32:04.275:  BMBT --> GT  : BM_Knob, Left 1 step
2012-02-04 11:32:04.505:  F0 04 3B 49 01 87
2012-02-04 11:32:04.505:  BMBT --> GT  : BM_Knob, Left 1 step
2012-02-04 11:32:04.615:  F0 04 3B 49 02 84
2012-02-04 11:32:04.615:  BMBT --> GT  : BM_Knob, Left 2 steps
2012-02-04 11:32:04.736:  F0 04 3B 49 03 85
2012-02-04 11:32:04.736:  BMBT --> GT  : BM_Knob, Left 3 steps
2012-02-04 11:32:05.076:  F0 04 3B 49 01 87
2012-02-04 11:32:05.076:  BMBT --> GT  : BM_Knob, Left 1 step
2012-02-04 11:32:05.196:  F0 04 3B 49 01 87
2012-02-04 11:32:05.196:  BMBT --> GT  : BM_Knob, Left 1 step
2012-02-04 11:32:05.417:  F0 04 3B 49 02 84
2012-02-04 11:32:05.417:  BMBT --> GT  : BM_Knob, Left 2 steps
2012-02-04 11:32:07.249:  F0 04 3B 49 81 07
2012-02-04 11:32:07.249:  BMBT --> GT  : BM_Knob, Right 1 step
2012-02-04 11:32:07.540:  68 15 7F A8 30 41 B5 32 A8 02 30 88 70 3F 30 05 30 28 0B 5A 2C 02 53
2012-02-04 11:32:07.540:  RAD  --> NAV : TMC data, Type30:  Group4_Clock_Date_&_Time: UTC_2012/02/04_10:32_+1h   Type30:  Group8_TMC_Data:  User_Msg, Loc=12293 Evnt=63 Dir=Neg Extnt=6 Dur=0   Type30:  Group2: Data="28 0B 5A 2C 02"
2012-02-04 11:32:07.820:  68 03 6A 01 00
2012-02-04 11:32:07.820:  RAD  --> DSP : Device status request
2012-02-04 11:32:07.840:  E8 05 D0 59 50 00 34
2012-02-04 11:32:07.840:  RLS  --> LCM : Light control status, Control: Turn_lights_off Sensor_OK Level_Signal_invalid Reason:Data="50 00"
2012-02-04 11:32:07.940:  F0 03 68 01 9A
2012-02-04 11:32:07.940:  BMBT --> RAD : Device status request
2012-02-04 11:32:07.970:  68 05 BF 02 00 03 D3
2012-02-04 11:32:07.970:  RAD  --> GLO : Device status ready, 
2012-02-04 11:32:09.202:  3B 03 C8 01 F1
2012-02-04 11:32:09.202:  GT   --> TEL : Device status request
2012-02-04 11:32:09.232:  C8 04 FF 02 30 01
2012-02-04 11:32:09.232:  TEL  --> LOC : Device status ready, Assist_ready_after_Reset Bit5
2012-02-04 11:32:09.382:  7F 14 C8 A2 01 00 50 48 11 40 00 11 34 52 00 01 76 00 10 32 06 6D
2012-02-04 11:32:09.382:  NAV  --> TEL : Current position, GPS fix; 50°48'11.4"N  11°34'52.0"E; Alt 176m;  UTC 10:32:06
2012-02-04 11:32:09.432:  7F 23 C8 A4 00 01 50 45 52 4E 49 4B 00 00 00 00 00 00 00 00 00 00 00 00 00 00 00 00 00 00 00 00 00 00 00 00 3A
2012-02-04 11:32:09.432:  NAV  --> TEL : Current location, Town = PERNIK
2012-02-04 11:32:09.723:  68 05 76 38 00 00 23
2012-02-04 11:32:09.723:  RAD  --> CDCD: CD_control, Status_Request
2012-02-04 11:32:09.743:  68 05 18 38 00 00 4D
2012-02-04 11:32:09.743:  RAD  --> CDC : CD_control, Status_Request
2012-02-04 11:32:09.863:  7F 0B 80 1F 40 10 32 04 00 02 20 12 BD
2012-02-04 11:32:09.863:  NAV  --> IKE : Time & date, UTC  10:32 04 Februar 2012
2012-02-04 11:32:10.233:  F0 04 FF 48 08 4B
2012-02-04 11:32:10.233:  BMBT --> LOC : BM Button, TELEPHONE_pressed
2012-02-04 11:32:10.364:  C8 07 E7 23 01 00 C7 C8 05
2012-02-04 11:32:10.364:  TEL  --> ANZV: Display Text, Layout=Time  Flags=  F0="ÇÈ"
2012-02-04 11:32:10.404:  C8 1F 3B 21 80 01 20 06 4B 6F 6E 74 6F 73 74 61 6E 64 06 58 74 72 61 20 4B 6F 6E 74 6F 73 65 72 7B
2012-02-04 11:32:10.404:  TEL  --> GT  : Menu Text, Layout=0x80:  Flags=CLS  F0=  Btn1"Kontostand"  Btn2"Xtra Kontoser"
2012-02-04 11:32:10.434:  C8 05 3B 23 81 20 74
2012-02-04 11:32:10.434:  TEL  --> GT  : Display Text, Layout=0x81:  Flags=CLS  F0=
2012-02-04 11:32:10.464:  F0 04 FF 48 88 CB
2012-02-04 11:32:10.464:  BMBT --> LOC : BM Button, TELEPHONE_released
2012-02-04 11:32:10.484:  C8 06 E7 23 02 00 C6 CE
2012-02-04 11:32:10.484:  TEL  --> ANZV: Display Text, Layout=Date  Flags=  F0="Æ"
2012-02-04 11:32:10.514:  3B 04 C8 22 00 D5
2012-02-04 11:32:10.514:  GT   --> TEL : Text display confirmation, Menu Text: 1 text message acknowledged
2012-02-04 11:32:11.545:  C8 04 E7 2B 00 00
2012-02-04 11:32:11.545:  TEL  --> ANZV: Telephone indicators, All_off
2012-02-04 11:32:11.605:  C8 04 E7 2C 30 37
2012-02-04 11:32:11.605:  TEL  --> ANZV: Telephone status, Phone_On Phone_Active
2012-02-04 11:32:11.625:  C8 06 E7 23 02 00 20 28
2012-02-04 11:32:11.625:  TEL  --> ANZV: Display Text, Layout=Date  Flags=  F0=" "
2012-02-04 11:32:11.666:  C8 04 E7 2C 10 17
2012-02-04 11:32:11.666:  TEL  --> ANZV: Telephone status, Phone_On
2012-02-04 11:32:11.696:  C8 04 E7 2C 10 17
2012-02-04 11:32:11.696:  TEL  --> ANZV: Telephone status, Phone_On
2012-02-04 11:32:11.716:  F0 04 3B 48 05 82
2012-02-04 11:32:11.716:  BMBT --> GT  : BM Button, BM_Knob_pressed
2012-02-04 11:32:11.746:  3B 06 C8 31 80 07 1E 5D
2012-02-04 11:32:11.746:  GT   --> TEL : Button, Button_E_pressed
2012-02-04 11:32:11.766:  C8 06 3B 21 42 02 20 B4
2012-02-04 11:32:11.766:  TEL  --> GT  : Menu Text, Layout=0x42:  Flags=CLS  F0=
2012-02-04 11:32:11.816:  F0 04 3B 48 85 02
2012-02-04 11:32:11.816:  BMBT --> GT  : BM Button, BM_Knob_released
2012-02-04 11:32:11.836:  3B 04 C8 22 00 D5
2012-02-04 11:32:11.836:  GT   --> TEL : Text display confirmation, Menu Text: 1 text message acknowledged
2012-02-04 11:32:13.528:  68 0F 7F A8 30 A4 8B 2F 2F 7F 30 A4 41 51 E4 00 B0
2012-02-04 11:32:13.528:  RAD  --> NAV : TMC data, Type30:  GroupA: Data="A4 8B 2F 2F 7F"   Type30:  GroupA: Data="A4 41 51 E4 00"
2012-02-04 11:32:17.654:  F0 04 3B 48 05 82
2012-02-04 11:32:17.654:  BMBT --> GT  : BM Button, BM_Knob_pressed
2012-02-04 11:32:17.684:  3B 06 C8 31 42 02 00 84
2012-02-04 11:32:17.684:  GT   --> TEL : Button, Button_0_pressed
2012-02-04 11:32:17.714:  C8 07 3B 23 63 20 30 5F FB
2012-02-04 11:32:17.714:  TEL  --> GT  : Display Text, Layout=0x63:  Flags=CLS  F0="0_"
2012-02-04 11:32:17.844:  E8 05 D0 59 50 00 34
2012-02-04 11:32:17.844:  RLS  --> LCM : Light control status, Control: Turn_lights_off Sensor_OK Level_Signal_invalid Reason:Data="50 00"
2012-02-04 11:32:17.955:  F0 03 68 01 9A
2012-02-04 11:32:17.955:  BMBT --> RAD : Device status request
2012-02-04 11:32:17.985:  68 05 BF 02 00 03 D3
2012-02-04 11:32:17.985:  RAD  --> GLO : Device status ready, 
2012-02-04 11:32:18.425:  F0 04 3B 48 45 C2
2012-02-04 11:32:18.425:  BMBT --> GT  : BM Button, BM_Knob_long
2012-02-04 11:32:18.455:  3B 06 C8 31 42 02 20 A4
2012-02-04 11:32:18.455:  GT   --> TEL : Button, Button_0_pressed_long
2012-02-04 11:32:18.475:  C8 07 3B 23 63 20 2B 5F E0
2012-02-04 11:32:18.475:  TEL  --> GT  : Display Text, Layout=0x63:  Flags=CLS  F0="+_"
2012-02-04 11:32:19.196:  3B 03 ED 01 D4
2012-02-04 11:32:19.196:  GT   --> VID : Device status request
2012-02-04 11:32:19.216:  ED 04 3B 02 00 D0
2012-02-04 11:32:19.216:  VID  --> GT  : Device status ready, 
2012-02-04 11:32:23.112:  F0 04 3B 48 85 02
2012-02-04 11:32:23.112:  BMBT --> GT  : BM Button, BM_Knob_released
2012-02-04 11:32:23.142:  3B 06 C8 31 42 02 40 C4
2012-02-04 11:32:23.142:  GT   --> TEL : Button, Button_0_released
2012-02-04 11:32:27.819:  68 03 6A 01 00
2012-02-04 11:32:27.819:  RAD  --> DSP : Device status request
2012-02-04 11:32:27.859:  E8 05 D0 59 50 00 34
2012-02-04 11:32:27.859:  RLS  --> LCM : Light control status, Control: Turn_lights_off Sensor_OK Level_Signal_invalid Reason:Data="50 00"
2012-02-04 11:32:27.979:  F0 03 68 01 9A
2012-02-04 11:32:27.979:  BMBT --> RAD : Device status request
2012-02-04 11:32:27.999:  68 05 BF 02 00 03 D3
2012-02-04 11:32:27.999:  RAD  --> GLO : Device status ready, 
2012-02-04 11:32:28.139:  7F 04 68 A7 37 83
2012-02-04 11:32:28.139:  NAV  --> RAD : TMC status request, Update_Class=37
2012-02-04 11:32:29.181:  3B 03 F0 01 C9
2012-02-04 11:32:29.181:  GT   --> BMBT: Device status request
2012-02-04 11:32:29.211:  F0 04 3B 02 30 FD
2012-02-04 11:32:29.211:  BMBT --> GT  : Device status ready, Bit4 Bit5
2012-02-04 11:32:29.351:  68 1B 7F A8 30 05 92 BD 2A 7B 30 05 51 51 CB D2 30 25 0C A8 00 00 33 C5 81 07 D3 C2 13
2012-02-04 11:32:29.351:  RAD  --> NAV : TMC data, Type30:  Group0Data="05 92 BD 2A 7B"   Type30:  Group0Data="05 51 51 CB D2"   Type30:  Group2: Data="25 0C A8 00 00"   Type33:  GroupC: Data="C5 81 07 D3 C2"
2012-02-04 11:32:29.371:  7F 05 68 A7 34 03 82
2012-02-04 11:32:29.371:  NAV  --> RAD : TMC status request, Update_Class=34
2012-02-04 11:32:29.401:  68 05 7F A8 34 03 8D
2012-02-04 11:32:29.401:  RAD  --> NAV : TMC data, Type34: Data="03"
2012-02-04 11:32:29.721:  68 05 76 38 00 00 23
2012-02-04 11:32:29.721:  RAD  --> CDCD: CD_control, Status_Request
2012-02-04 11:32:29.742:  68 05 18 38 00 00 4D
2012-02-04 11:32:29.742:  RAD  --> CDC : CD_control, Status_Request
2012-02-04 11:32:30.613:  F0 04 3B 49 81 07
2012-02-04 11:32:30.613:  BMBT --> GT  : BM_Knob, Right 1 step
2012-02-04 11:32:30.953:  F0 04 3B 49 01 87
2012-02-04 11:32:30.953:  BMBT --> GT  : BM_Knob, Left 1 step
2012-02-04 11:32:31.294:  F0 04 3B 49 01 87
2012-02-04 11:32:31.294:  BMBT --> GT  : BM_Knob, Left 1 step
2012-02-04 11:32:31.855:  F0 04 3B 48 05 82
2012-02-04 11:32:31.855:  BMBT --> GT  : BM Button, BM_Knob_pressed
2012-02-04 11:32:31.875:  3B 06 C8 31 42 02 09 8D
2012-02-04 11:32:31.875:  GT   --> TEL : Button, Button_9_pressed
2012-02-04 11:32:31.905:  C8 08 3B 23 63 20 2B 39 5F D6
2012-02-04 11:32:31.905:  TEL  --> GT  : Display Text, Layout=0x63:  Flags=CLS  F0="+9_"
2012-02-04 11:32:32.626:  F0 04 3B 48 45 C2
2012-02-04 11:32:32.626:  BMBT --> GT  : BM Button, BM_Knob_long
2012-02-04 11:32:32.646:  3B 06 C8 31 42 02 29 AD
2012-02-04 11:32:32.646:  GT   --> TEL : Button, Button_9_pressed_long
2012-02-04 11:32:34.078:  F0 04 3B 48 85 02
2012-02-04 11:32:34.078:  BMBT --> GT  : BM Button, BM_Knob_released
2012-02-04 11:32:34.098:  3B 06 C8 31 42 02 49 CD
2012-02-04 11:32:34.098:  GT   --> TEL : Button, Button_9_released
2012-02-04 11:32:34.629:  C8 05 E7 A6 F0 00 7C
2012-02-04 11:32:34.629:  TEL  --> ANZV: Special indicators, Acknowledge
2012-02-04 11:32:35.930:  68 0F 7F A8 30 A6 93 09 2D 98 30 86 41 51 AE 00 01
2012-02-04 11:32:35.930:  RAD  --> NAV : TMC data, Type30:  GroupA: Data="A6 93 09 2D 98"   Type30:  Group8_TMC_Data:  User_Msg,Multi_Grp ConIndex=6
2012-02-04 11:32:37.463:  F0 04 3B 48 05 82
2012-02-04 11:32:37.463:  BMBT --> GT  : BM Button, BM_Knob_pressed
2012-02-04 11:32:37.493:  3B 06 C8 31 42 02 09 8D
2012-02-04 11:32:37.493:  GT   --> TEL : Button, Button_9_pressed
2012-02-04 11:32:37.513:  C8 09 3B 23 63 20 2B 39 39 5F EE
2012-02-04 11:32:37.513:  TEL  --> GT  : Display Text, Layout=0x63:  Flags=CLS  F0="+99_"
2012-02-04 11:32:37.543:  F0 04 3B 48 85 02
2012-02-04 11:32:37.543:  BMBT --> GT  : BM Button, BM_Knob_released
2012-02-04 11:32:37.583:  3B 06 C8 31 42 02 49 CD
2012-02-04 11:32:37.583:  GT   --> TEL : Button, Button_9_released
2012-02-04 11:32:37.873:  E8 05 D0 59 50 00 34
2012-02-04 11:32:37.873:  RLS  --> LCM : Light control status, Control: Turn_lights_off Sensor_OK Level_Signal_invalid Reason:Data="50 00"
2012-02-04 11:32:37.993:  F0 03 68 01 9A
2012-02-04 11:32:37.993:  BMBT --> RAD : Device status request
2012-02-04 11:32:38.023:  68 05 BF 02 00 03 D3
2012-02-04 11:32:38.023:  RAD  --> GLO : Device status ready, 
2012-02-04 11:32:38.644:  F0 04 3B 48 05 82
2012-02-04 11:32:38.644:  BMBT --> GT  : BM Button, BM_Knob_pressed
2012-02-04 11:32:38.664:  3B 06 C8 31 42 02 09 8D
2012-02-04 11:32:38.664:  GT   --> TEL : Button, Button_9_pressed
2012-02-04 11:32:38.694:  C8 0A 3B 23 63 20 2B 39 39 39 5F D4
2012-02-04 11:32:38.694:  TEL  --> GT  : Display Text, Layout=0x63:  Flags=CLS  F0="+999_"
2012-02-04 11:32:38.714:  F0 04 3B 48 85 02
2012-02-04 11:32:38.714:  BMBT --> GT  : BM Button, BM_Knob_released
2012-02-04 11:32:38.754:  3B 06 C8 31 42 02 49 CD
2012-02-04 11:32:38.754:  GT   --> TEL : Button, Button_9_released
2012-02-04 11:32:38.885:  F0 04 3B 48 05 82
2012-02-04 11:32:38.885:  BMBT --> GT  : BM Button, BM_Knob_pressed
2012-02-04 11:32:38.915:  3B 06 C8 31 42 02 09 8D
2012-02-04 11:32:38.915:  GT   --> TEL : Button, Button_9_pressed
2012-02-04 11:32:38.935:  C8 0B 3B 23 63 20 2B 39 39 39 39 5F EC
2012-02-04 11:32:38.935:  TEL  --> GT  : Display Text, Layout=0x63:  Flags=CLS  F0="+9999_"
2012-02-04 11:32:38.965:  F0 04 3B 48 85 02
2012-02-04 11:32:38.965:  BMBT --> GT  : BM Button, BM_Knob_released
2012-02-04 11:32:39.005:  3B 06 C8 31 42 02 49 CD
2012-02-04 11:32:39.005:  GT   --> TEL : Button, Button_9_released
2012-02-04 11:32:39.135:  F0 04 3B 48 05 82
2012-02-04 11:32:39.135:  BMBT --> GT  : BM Button, BM_Knob_pressed
2012-02-04 11:32:39.155:  3B 06 C8 31 42 02 09 8D
2012-02-04 11:32:39.155:  GT   --> TEL : Button, Button_9_pressed
2012-02-04 11:32:39.185:  C8 0C 3B 23 63 20 2B 39 39 39 39 39 5F D2
2012-02-04 11:32:39.185:  TEL  --> GT  : Display Text, Layout=0x63:  Flags=CLS  F0="+99999_"
2012-02-04 11:32:39.215:  3B 03 80 01 B9
2012-02-04 11:32:39.215:  GT   --> IKE : Device status request
2012-02-04 11:32:39.235:  F0 04 3B 48 85 02
2012-02-04 11:32:39.235:  BMBT --> GT  : BM Button, BM_Knob_released
2012-02-04 11:32:39.265:  80 04 BF 02 00 39
2012-02-04 11:32:39.265:  IKE  --> GLO : Device status ready, 
2012-02-04 11:32:39.285:  3B 06 C8 31 42 02 49 CD
2012-02-04 11:32:39.285:  GT   --> TEL : Button, Button_9_released
2012-02-04 11:32:39.345:  7F 14 C8 A2 01 00 50 48 11 40 00 11 34 52 00 01 76 00 10 32 36 5D
2012-02-04 11:32:39.345:  NAV  --> TEL : Current position, GPS fix; 50°48'11.4"N  11°34'52.0"E; Alt 176m;  UTC 10:32:36
2012-02-04 11:32:39.385:  7F 23 C8 A4 00 01 50 45 52 4E 49 4B 00 00 00 00 00 00 00 00 00 00 00 00 00 00 00 00 00 00 00 00 00 00 00 00 3A
2012-02-04 11:32:39.385:  NAV  --> TEL : Current location, Town = PERNIK
2012-02-04 11:32:39.996:  F0 04 3B 49 01 87
2012-02-04 11:32:39.996:  BMBT --> GT  : BM_Knob, Left 1 step
2012-02-04 11:32:40.116:  F0 04 3B 49 01 87
2012-02-04 11:32:40.116:  BMBT --> GT  : BM_Knob, Left 1 step
2012-02-04 11:32:40.227:  F0 04 3B 49 01 87
2012-02-04 11:32:40.227:  BMBT --> GT  : BM_Knob, Left 1 step
2012-02-04 11:32:40.457:  F0 04 3B 49 01 87
2012-02-04 11:32:40.457:  BMBT --> GT  : BM_Knob, Left 1 step
2012-02-04 11:32:40.948:  F0 04 3B 48 05 82
2012-02-04 11:32:40.948:  BMBT --> GT  : BM Button, BM_Knob_pressed
2012-02-04 11:32:40.968:  3B 06 C8 31 42 02 05 81
2012-02-04 11:32:40.968:  GT   --> TEL : Button, Button_5_pressed
2012-02-04 11:32:40.998:  C8 0D 3B 23 63 20 2B 39 39 39 39 39 35 5F E6
2012-02-04 11:32:40.998:  TEL  --> GT  : Display Text, Layout=0x63:  Flags=CLS  F0="+999995_"
2012-02-04 11:32:41.038:  F0 04 3B 48 85 02
2012-02-04 11:32:41.038:  BMBT --> GT  : BM Button, BM_Knob_released
2012-02-04 11:32:41.078:  3B 06 C8 31 42 02 45 C1
2012-02-04 11:32:41.078:  GT   --> TEL : Button, Button_5_released
2012-02-04 11:32:41.488:  F0 04 3B 49 02 84
2012-02-04 11:32:41.488:  BMBT --> GT  : BM_Knob, Left 2 steps
2012-02-04 11:32:41.719:  F0 04 3B 49 01 87
2012-02-04 11:32:41.719:  BMBT --> GT  : BM_Knob, Left 1 step
2012-02-04 11:32:42.179:  F0 04 3B 49 01 87
2012-02-04 11:32:42.179:  BMBT --> GT  : BM_Knob, Left 1 step
2012-02-04 11:32:42.650:  F0 04 3B 48 05 82
2012-02-04 11:32:42.650:  BMBT --> GT  : BM Button, BM_Knob_pressed
2012-02-04 11:32:42.670:  3B 06 C8 31 42 02 01 85
2012-02-04 11:32:42.670:  GT   --> TEL : Button, Button_1_pressed
2012-02-04 11:32:42.700:  C8 0E 3B 23 63 20 2B 39 39 39 39 39 35 31 5F D4
2012-02-04 11:32:42.700:  TEL  --> GT  : Display Text, Layout=0x63:  Flags=CLS  F0="+9999951_"
2012-02-04 11:32:42.730:  F0 04 3B 48 85 02
2012-02-04 11:32:42.730:  BMBT --> GT  : BM Button, BM_Knob_released
2012-02-04 11:32:42.770:  3B 06 C8 31 42 02 41 C5
2012-02-04 11:32:42.770:  GT   --> TEL : Button, Button_1_released
2012-02-04 11:32:42.941:  68 0F 7F A8 30 21 C7 C6 D4 61 30 21 58 ED E9 57 0F
2012-02-04 11:32:42.941:  RAD  --> NAV : TMC data, Type30:  Group2: Data="21 C7 C6 D4 61"   Type30:  Group2: Data="21 58 ED E9 57"
2012-02-04 11:32:43.431:  F0 04 3B 49 81 07
2012-02-04 11:32:43.431:  BMBT --> GT  : BM_Knob, Right 1 step
2012-02-04 11:32:43.772:  F0 04 3B 48 05 82
2012-02-04 11:32:43.772:  BMBT --> GT  : BM Button, BM_Knob_pressed
2012-02-04 11:32:43.802:  3B 06 C8 31 42 02 02 86
2012-02-04 11:32:43.802:  GT   --> TEL : Button, Button_2_pressed
2012-02-04 11:32:43.832:  C8 0F 3B 23 63 20 2B 39 39 39 39 39 35 31 32 5F E7
2012-02-04 11:32:43.832:  TEL  --> GT  : Display Text, Layout=0x63:  Flags=CLS  F0="+99999512_"
2012-02-04 11:32:43.852:  F0 04 3B 48 85 02
2012-02-04 11:32:43.852:  BMBT --> GT  : BM Button, BM_Knob_released
2012-02-04 11:32:43.902:  3B 06 C8 31 42 02 42 C6
2012-02-04 11:32:43.902:  GT   --> TEL : Button, Button_2_released
2012-02-04 11:32:44.232:  F0 04 3B 49 81 07
2012-02-04 11:32:44.232:  BMBT --> GT  : BM_Knob, Right 1 step
2012-02-04 11:32:44.563:  F0 04 3B 48 05 82
2012-02-04 11:32:44.563:  BMBT --> GT  : BM Button, BM_Knob_pressed
2012-02-04 11:32:44.583:  3B 06 C8 31 42 02 03 87
2012-02-04 11:32:44.583:  GT   --> TEL : Button, Button_3_pressed
2012-02-04 11:32:44.613:  C8 10 3B 23 63 20 2B 39 39 39 39 39 35 31 32 33 5F CB
2012-02-04 11:32:44.613:  TEL  --> GT  : Display Text, Layout=0x63:  Flags=CLS  F0="+999995123_"
2012-02-04 11:32:44.653:  F0 04 3B 48 85 02
2012-02-04 11:32:44.653:  BMBT --> GT  : BM Button, BM_Knob_released
2012-02-04 11:32:44.693:  3B 06 C8 31 42 02 43 C7
2012-02-04 11:32:44.693:  GT   --> TEL : Button, Button_3_released
2012-02-04 11:32:45.034:  F0 04 3B 49 81 07
2012-02-04 11:32:45.044:  BMBT --> GT  : BM_Knob, Right 1 step
2012-02-04 11:32:45.384:  F0 04 3B 48 05 82
2012-02-04 11:32:45.384:  BMBT --> GT  : BM Button, BM_Knob_pressed
2012-02-04 11:32:45.404:  3B 06 C8 31 42 02 04 80
2012-02-04 11:32:45.404:  GT   --> TEL : Button, Button_4_pressed
2012-02-04 11:32:45.434:  C8 11 3B 23 63 20 2B 39 39 39 39 39 35 31 32 33 34 5F FE
2012-02-04 11:32:45.434:  TEL  --> GT  : Display Text, Layout=0x63:  Flags=CLS  F0="+9999951234_"
2012-02-04 11:32:45.454:  F0 04 3B 48 85 02
2012-02-04 11:32:45.454:  BMBT --> GT  : BM Button, BM_Knob_released
2012-02-04 11:32:45.504:  3B 06 C8 31 42 02 44 C0
2012-02-04 11:32:45.504:  GT   --> TEL : Button, Button_4_released
2012-02-04 11:32:45.835:  F0 04 3B 49 81 07
2012-02-04 11:32:45.835:  BMBT --> GT  : BM_Knob, Right 1 step
2012-02-04 11:32:46.185:  F0 04 3B 48 05 82
2012-02-04 11:32:46.185:  BMBT --> GT  : BM Button, BM_Knob_pressed
2012-02-04 11:32:46.205:  3B 06 C8 31 42 02 05 81
2012-02-04 11:32:46.205:  GT   --> TEL : Button, Button_5_pressed
2012-02-04 11:32:46.235:  C8 12 3B 23 63 20 2B 39 39 39 39 39 35 31 32 33 34 35 5F C8
2012-02-04 11:32:46.235:  TEL  --> GT  : Display Text, Layout=0x63:  Flags=CLS  F0="+99999512345_"
2012-02-04 11:32:46.265:  F0 04 3B 48 85 02
2012-02-04 11:32:46.265:  BMBT --> GT  : BM Button, BM_Knob_released
2012-02-04 11:32:46.315:  3B 06 C8 31 42 02 45 C1
2012-02-04 11:32:46.315:  GT   --> TEL : Button, Button_5_released
2012-02-04 11:32:46.646:  F0 04 3B 49 81 07
2012-02-04 11:32:46.646:  BMBT --> GT  : BM_Knob, Right 1 step
2012-02-04 11:32:46.936:  F0 04 3B 48 05 82
2012-02-04 11:32:46.936:  BMBT --> GT  : BM Button, BM_Knob_pressed
2012-02-04 11:32:46.956:  3B 06 C8 31 42 02 06 82
2012-02-04 11:32:46.956:  GT   --> TEL : Button, Button_6_pressed
2012-02-04 11:32:46.986:  C8 13 3B 23 63 20 2B 39 39 39 39 39 35 31 32 33 34 35 36 5F FF
2012-02-04 11:32:46.986:  TEL  --> GT  : Display Text, Layout=0x63:  Flags=CLS  F0="+999995123456_"
2012-02-04 11:32:47.016:  F0 04 3B 48 85 02
2012-02-04 11:32:47.016:  BMBT --> GT  : BM Button, BM_Knob_released
2012-02-04 11:32:47.066:  3B 06 C8 31 42 02 46 C2
2012-02-04 11:32:47.066:  GT   --> TEL : Button, Button_6_released
2012-02-04 11:32:47.327:  F0 04 3B 49 81 07
2012-02-04 11:32:47.327:  BMBT --> GT  : BM_Knob, Right 1 step
2012-02-04 11:32:47.667:  F0 04 3B 48 05 82
2012-02-04 11:32:47.667:  BMBT --> GT  : BM Button, BM_Knob_pressed
2012-02-04 11:32:47.697:  3B 06 C8 31 42 02 07 83
2012-02-04 11:32:47.697:  GT   --> TEL : Button, Button_7_pressed
2012-02-04 11:32:47.727:  C8 14 3B 23 63 20 2B 39 39 39 39 39 35 31 32 33 34 35 36 37 5F CF
2012-02-04 11:32:47.727:  TEL  --> GT  : Display Text, Layout=0x63:  Flags=CLS  F0="+9999951234567_"
2012-02-04 11:32:47.747:  F0 04 3B 48 85 02
2012-02-04 11:32:47.747:  BMBT --> GT  : BM Button, BM_Knob_released
2012-02-04 11:32:47.797:  3B 06 C8 31 42 02 47 C3
2012-02-04 11:32:47.797:  GT   --> TEL : Button, Button_7_released
2012-02-04 11:32:47.828:  68 03 6A 01 00
2012-02-04 11:32:47.828:  RAD  --> DSP : Device status request
2012-02-04 11:32:47.898:  E8 05 D0 59 50 00 34
2012-02-04 11:32:47.908:  RLS  --> LCM : Light control status, Control: Turn_lights_off Sensor_OK Level_Signal_invalid Reason:Data="50 00"
2012-02-04 11:32:48.018:  F0 03 68 01 9A
2012-02-04 11:32:48.018:  BMBT --> RAD : Device status request
2012-02-04 11:32:48.038:  68 05 BF 02 00 03 D3
2012-02-04 11:32:48.038:  RAD  --> GLO : Device status ready, 
2012-02-04 11:32:48.128:  F0 04 3B 49 81 07
2012-02-04 11:32:48.128:  BMBT --> GT  : BM_Knob, Right 1 step
2012-02-04 11:32:48.639:  F0 04 3B 48 05 82
2012-02-04 11:32:48.639:  BMBT --> GT  : BM Button, BM_Knob_pressed
2012-02-04 11:32:48.659:  3B 06 C8 31 42 02 08 8C
2012-02-04 11:32:48.659:  GT   --> TEL : Button, Button_8_pressed
2012-02-04 11:32:48.689:  C8 15 3B 23 63 20 2B 39 39 39 39 39 35 31 32 33 34 35 36 37 38 5F F6
2012-02-04 11:32:48.689:  TEL  --> GT  : Display Text, Layout=0x63:  Flags=CLS  F0="+99999512345678_"
2012-02-04 11:32:48.729:  F0 04 3B 48 85 02
2012-02-04 11:32:48.729:  BMBT --> GT  : BM Button, BM_Knob_released
2012-02-04 11:32:48.759:  68 0F 7F A8 30 21 0A 00 00 00 30 82 D7 0A 32 94 62
2012-02-04 11:32:48.759:  RAD  --> NAV : TMC data, Type30:  Group2: Data="21 0A 00 00 00"   Type30:  Group8_TMC_Data:  User_Msg,Multi_Grp,First_Grp Loc=12948 Evnt=1802 Dir=Neg Extnt=2 ConIndex=2
2012-02-04 11:32:48.779:  3B 06 C8 31 42 02 48 CC
2012-02-04 11:32:48.779:  GT   --> TEL : Button, Button_8_released
2012-02-04 11:32:49.159:  F0 04 3B 49 81 07
2012-02-04 11:32:49.159:  BMBT --> GT  : BM_Knob, Right 1 step
2012-02-04 11:32:49.189:  3B 03 C8 01 F1
2012-02-04 11:32:49.189:  GT   --> TEL : Device status request
2012-02-04 11:32:49.210:  C8 04 FF 02 30 01
2012-02-04 11:32:49.210:  TEL  --> LOC : Device status ready, Assist_ready_after_Reset Bit5
2012-02-04 11:32:49.500:  F0 04 3B 48 05 82
2012-02-04 11:32:49.500:  BMBT --> GT  : BM Button, BM_Knob_pressed
2012-02-04 11:32:49.530:  3B 06 C8 31 42 02 09 8D
2012-02-04 11:32:49.530:  GT   --> TEL : Button, Button_9_pressed
2012-02-04 11:32:49.560:  C8 15 3B 23 63 20 39 39 39 39 39 35 31 32 33 34 35 36 37 38 39 5F E4
2012-02-04 11:32:49.560:  TEL  --> GT  : Display Text, Layout=0x63:  Flags=CLS  F0="999995123456789_"
2012-02-04 11:32:49.580:  F0 04 3B 48 85 02
2012-02-04 11:32:49.580:  BMBT --> GT  : BM Button, BM_Knob_released
2012-02-04 11:32:49.630:  3B 06 C8 31 42 02 49 CD
2012-02-04 11:32:49.630:  GT   --> TEL : Button, Button_9_released
2012-02-04 11:32:49.720:  68 05 76 38 00 00 23
2012-02-04 11:32:49.720:  RAD  --> CDCD: CD_control, Status_Request
2012-02-04 11:32:49.750:  68 05 18 38 00 00 4D
2012-02-04 11:32:49.750:  RAD  --> CDC : CD_control, Status_Request
2012-02-04 11:32:49.961:  F0 04 3B 49 81 07
2012-02-04 11:32:49.961:  BMBT --> GT  : BM_Knob, Right 1 step
2012-02-04 11:32:50.291:  F0 04 3B 48 05 82
2012-02-04 11:32:50.291:  BMBT --> GT  : BM Button, BM_Knob_pressed
2012-02-04 11:32:50.311:  3B 06 C8 31 42 02 00 84
2012-02-04 11:32:50.311:  GT   --> TEL : Button, Button_0_pressed
2012-02-04 11:32:50.341:  C8 15 3B 23 63 20 39 39 39 39 35 31 32 33 34 35 36 37 38 39 30 5F ED
2012-02-04 11:32:50.341:  TEL  --> GT  : Display Text, Layout=0x63:  Flags=CLS  F0="999951234567890_"
2012-02-04 11:32:50.381:  F0 04 3B 48 85 02
2012-02-04 11:32:50.381:  BMBT --> GT  : BM Button, BM_Knob_released
2012-02-04 11:32:50.421:  3B 06 C8 31 42 02 40 C4
2012-02-04 11:32:50.421:  GT   --> TEL : Button, Button_0_released
2012-02-04 11:32:50.762:  F0 04 3B 49 81 07
2012-02-04 11:32:50.762:  BMBT --> GT  : BM_Knob, Right 1 step
2012-02-04 11:32:51.042:  F0 04 3B 48 05 82
2012-02-04 11:32:51.042:  BMBT --> GT  : BM Button, BM_Knob_pressed
2012-02-04 11:32:51.062:  3B 06 C8 31 42 02 1A 9E
2012-02-04 11:32:51.062:  GT   --> TEL : Button, Button_A_pressed
2012-02-04 11:32:51.092:  C8 15 3B 23 63 20 39 39 39 35 31 32 33 34 35 36 37 38 39 30 2A 5F FE
2012-02-04 11:32:51.092:  TEL  --> GT  : Display Text, Layout=0x63:  Flags=CLS  F0="99951234567890*_"
2012-02-04 11:32:51.122:  F0 04 3B 48 85 02
2012-02-04 11:32:51.122:  BMBT --> GT  : BM Button, BM_Knob_released
2012-02-04 11:32:51.172:  3B 06 C8 31 42 02 5A DE
2012-02-04 11:32:51.172:  GT   --> TEL : Button, Button_A_released
2012-02-04 11:32:51.453:  F0 04 3B 49 81 07
2012-02-04 11:32:51.453:  BMBT --> GT  : BM_Knob, Right 1 step
2012-02-04 11:32:51.773:  F0 04 3B 48 05 82
2012-02-04 11:32:51.773:  BMBT --> GT  : BM Button, BM_Knob_pressed
2012-02-04 11:32:51.803:  3B 06 C8 31 42 02 1B 9F
2012-02-04 11:32:51.803:  GT   --> TEL : Button, Button_B_pressed
2012-02-04 11:32:51.833:  C8 15 3B 23 63 20 39 39 35 31 32 33 34 35 36 37 38 39 30 2A 23 5F E4
2012-02-04 11:32:51.833:  TEL  --> GT  : Display Text, Layout=0x63:  Flags=CLS  F0="9951234567890*#_"
2012-02-04 11:32:51.853:  F0 04 3B 48 85 02
2012-02-04 11:32:51.853:  BMBT --> GT  : BM Button, BM_Knob_released
2012-02-04 11:32:51.903:  3B 06 C8 31 42 02 5B DF
2012-02-04 11:32:51.903:  GT   --> TEL : Button, Button_B_released
2012-02-04 11:32:52.254:  F0 04 3B 49 81 07
2012-02-04 11:32:52.254:  BMBT --> GT  : BM_Knob, Right 1 step
2012-02-04 11:32:53.345:  F0 04 3B 48 05 82
2012-02-04 11:32:53.345:  BMBT --> GT  : BM Button, BM_Knob_pressed
2012-02-04 11:32:53.376:  3B 06 C8 31 42 02 0A 8E
2012-02-04 11:32:53.376:  GT   --> TEL : Button, Button_A_pressed
2012-02-04 11:32:53.406:  C8 15 3B 23 63 20 39 39 39 35 31 32 33 34 35 36 37 38 39 30 2A 5F FE
2012-02-04 11:32:53.406:  TEL  --> GT  : Display Text, Layout=0x63:  Flags=CLS  F0="99951234567890*_"
2012-02-04 11:32:53.426:  F0 04 3B 48 85 02
2012-02-04 11:32:53.426:  BMBT --> GT  : BM Button, BM_Knob_released
2012-02-04 11:32:53.476:  3B 06 C8 31 42 02 4A CE
2012-02-04 11:32:53.476:  GT   --> TEL : Button, Button_A_released
2012-02-04 11:32:53.786:  F0 04 3B 48 05 82
2012-02-04 11:32:53.786:  BMBT --> GT  : BM Button, BM_Knob_pressed
2012-02-04 11:32:53.816:  3B 06 C8 31 42 02 0A 8E
2012-02-04 11:32:53.816:  GT   --> TEL : Button, Button_A_pressed
2012-02-04 11:32:53.846:  C8 15 3B 23 63 20 39 39 39 39 35 31 32 33 34 35 36 37 38 39 30 5F ED
2012-02-04 11:32:53.846:  TEL  --> GT  : Display Text, Layout=0x63:  Flags=CLS  F0="999951234567890_"
2012-02-04 11:32:53.866:  F0 04 3B 48 85 02
2012-02-04 11:32:53.866:  BMBT --> GT  : BM Button, BM_Knob_released
2012-02-04 11:32:53.916:  3B 06 C8 31 42 02 4A CE
2012-02-04 11:32:53.916:  GT   --> TEL : Button, Button_A_released
2012-02-04 11:32:54.067:  F0 04 3B 48 05 82
2012-02-04 11:32:54.067:  BMBT --> GT  : BM Button, BM_Knob_pressed
2012-02-04 11:32:54.087:  3B 06 C8 31 42 02 0A 8E
2012-02-04 11:32:54.087:  GT   --> TEL : Button, Button_A_pressed
2012-02-04 11:32:54.117:  C8 15 3B 23 63 20 39 39 39 39 39 35 31 32 33 34 35 36 37 38 39 5F E4
2012-02-04 11:32:54.117:  TEL  --> GT  : Display Text, Layout=0x63:  Flags=CLS  F0="999995123456789_"
2012-02-04 11:32:54.147:  F0 04 3B 48 85 02
2012-02-04 11:32:54.147:  BMBT --> GT  : BM Button, BM_Knob_released
2012-02-04 11:32:54.197:  3B 06 C8 31 42 02 4A CE
2012-02-04 11:32:54.197:  GT   --> TEL : Button, Button_A_released
2012-02-04 11:32:54.327:  F0 04 3B 48 05 82
2012-02-04 11:32:54.327:  BMBT --> GT  : BM Button, BM_Knob_pressed
2012-02-04 11:32:54.347:  3B 06 C8 31 42 02 0A 8E
2012-02-04 11:32:54.347:  GT   --> TEL : Button, Button_A_pressed
2012-02-04 11:32:54.387:  C8 15 3B 23 63 20 2B 39 39 39 39 39 35 31 32 33 34 35 36 37 38 5F F6
2012-02-04 11:32:54.387:  TEL  --> GT  : Display Text, Layout=0x63:  Flags=CLS  F0="+99999512345678_"
2012-02-04 11:32:54.407:  F0 04 3B 48 85 02
2012-02-04 11:32:54.407:  BMBT --> GT  : BM Button, BM_Knob_released
2012-02-04 11:32:54.457:  3B 06 C8 31 42 02 4A CE
2012-02-04 11:32:54.457:  GT   --> TEL : Button, Button_A_released
2012-02-04 11:32:54.557:  F0 04 3B 48 05 82
2012-02-04 11:32:54.557:  BMBT --> GT  : BM Button, BM_Knob_pressed
2012-02-04 11:32:54.587:  3B 06 C8 31 42 02 0A 8E
2012-02-04 11:32:54.587:  GT   --> TEL : Button, Button_A_pressed
2012-02-04 11:32:54.617:  C8 14 3B 23 63 20 2B 39 39 39 39 39 35 31 32 33 34 35 36 37 5F CF
2012-02-04 11:32:54.617:  TEL  --> GT  : Display Text, Layout=0x63:  Flags=CLS  F0="+9999951234567_"
2012-02-04 11:32:54.637:  F0 04 3B 48 85 02
2012-02-04 11:32:54.637:  BMBT --> GT  : BM Button, BM_Knob_released
2012-02-04 11:32:54.687:  3B 06 C8 31 42 02 4A CE
2012-02-04 11:32:54.687:  GT   --> TEL : Button, Button_A_released
2012-02-04 11:32:54.788:  F0 04 3B 48 05 82
2012-02-04 11:32:54.788:  BMBT --> GT  : BM Button, BM_Knob_pressed
2012-02-04 11:32:54.808:  3B 06 C8 31 42 02 0A 8E
2012-02-04 11:32:54.808:  GT   --> TEL : Button, Button_A_pressed
2012-02-04 11:32:54.838:  C8 13 3B 23 63 20 2B 39 39 39 39 39 35 31 32 33 34 35 36 5F FF
2012-02-04 11:32:54.838:  TEL  --> GT  : Display Text, Layout=0x63:  Flags=CLS  F0="+999995123456_"
2012-02-04 11:32:54.868:  F0 04 3B 48 85 02
2012-02-04 11:32:54.868:  BMBT --> GT  : BM Button, BM_Knob_released
2012-02-04 11:32:54.918:  3B 06 C8 31 42 02 4A CE
2012-02-04 11:32:54.918:  GT   --> TEL : Button, Button_A_released
2012-02-04 11:32:55.018:  F0 04 3B 48 05 82
2012-02-04 11:32:55.018:  BMBT --> GT  : BM Button, BM_Knob_pressed
2012-02-04 11:32:55.038:  3B 06 C8 31 42 02 0A 8E
2012-02-04 11:32:55.038:  GT   --> TEL : Button, Button_A_pressed
2012-02-04 11:32:55.068:  C8 12 3B 23 63 20 2B 39 39 39 39 39 35 31 32 33 34 35 5F C8
2012-02-04 11:32:55.068:  TEL  --> GT  : Display Text, Layout=0x63:  Flags=CLS  F0="+99999512345_"
2012-02-04 11:32:55.098:  F0 04 3B 48 85 02
2012-02-04 11:32:55.098:  BMBT --> GT  : BM Button, BM_Knob_released
2012-02-04 11:32:55.138:  3B 06 C8 31 42 02 4A CE
2012-02-04 11:32:55.138:  GT   --> TEL : Button, Button_A_released
2012-02-04 11:32:55.208:  F0 04 3B 48 05 82
2012-02-04 11:32:55.208:  BMBT --> GT  : BM Button, BM_Knob_pressed
2012-02-04 11:32:55.238:  3B 06 C8 31 42 02 0A 8E
2012-02-04 11:32:55.238:  GT   --> TEL : Button, Button_A_pressed
2012-02-04 11:32:55.268:  C8 11 3B 23 63 20 2B 39 39 39 39 39 35 31 32 33 34 5F FE
2012-02-04 11:32:55.268:  TEL  --> GT  : Display Text, Layout=0x63:  Flags=CLS  F0="+9999951234_"
2012-02-04 11:32:55.308:  F0 04 3B 48 85 02
2012-02-04 11:32:55.308:  BMBT --> GT  : BM Button, BM_Knob_released
2012-02-04 11:32:55.338:  3B 06 C8 31 42 02 4A CE
2012-02-04 11:32:55.338:  GT   --> TEL : Button, Button_A_released
2012-02-04 11:32:55.418:  F0 04 3B 48 05 82
2012-02-04 11:32:55.418:  BMBT --> GT  : BM Button, BM_Knob_pressed
2012-02-04 11:32:55.448:  3B 06 C8 31 42 02 0A 8E
2012-02-04 11:32:55.448:  GT   --> TEL : Button, Button_A_pressed
2012-02-04 11:32:55.479:  C8 10 3B 23 63 20 2B 39 39 39 39 39 35 31 32 33 5F CB
2012-02-04 11:32:55.479:  TEL  --> GT  : Display Text, Layout=0x63:  Flags=CLS  F0="+999995123_"
2012-02-04 11:32:55.519:  F0 04 3B 48 85 02
2012-02-04 11:32:55.519:  BMBT --> GT  : BM Button, BM_Knob_released
2012-02-04 11:32:55.569:  3B 06 C8 31 42 02 4A CE
2012-02-04 11:32:55.569:  GT   --> TEL : Button, Button_A_released
2012-02-04 11:32:55.639:  68 0F 7F A8 30 82 41 C0 00 00 30 28 07 0A A5 96 A5
2012-02-04 11:32:55.639:  RAD  --> NAV : TMC data, Type30:  Group8_TMC_Data:  User_Msg,Multi_Grp ConIndex=2   Type30:  Group2: Data="28 07 0A A5 96"
2012-02-04 11:32:55.659:  F0 04 3B 48 05 82
2012-02-04 11:32:55.659:  BMBT --> GT  : BM Button, BM_Knob_pressed
2012-02-04 11:32:55.689:  3B 06 C8 31 42 02 0A 8E
2012-02-04 11:32:55.689:  GT   --> TEL : Button, Button_A_pressed
2012-02-04 11:32:55.719:  C8 0F 3B 23 63 20 2B 39 39 39 39 39 35 31 32 5F E7
2012-02-04 11:32:55.719:  TEL  --> GT  : Display Text, Layout=0x63:  Flags=CLS  F0="+99999512_"
2012-02-04 11:32:55.739:  F0 04 3B 48 85 02
2012-02-04 11:32:55.739:  BMBT --> GT  : BM Button, BM_Knob_released
2012-02-04 11:32:55.809:  3B 06 C8 31 42 02 4A CE
2012-02-04 11:32:55.809:  GT   --> TEL : Button, Button_A_released
2012-02-04 11:32:55.839:  F0 04 3B 48 05 82
2012-02-04 11:32:55.839:  BMBT --> GT  : BM Button, BM_Knob_pressed
2012-02-04 11:32:55.859:  3B 06 C8 31 42 02 0A 8E
2012-02-04 11:32:55.859:  GT   --> TEL : Button, Button_A_pressed
2012-02-04 11:32:55.889:  C8 0E 3B 23 63 20 2B 39 39 39 39 39 35 31 5F D4
2012-02-04 11:32:55.889:  TEL  --> GT  : Display Text, Layout=0x63:  Flags=CLS  F0="+9999951_"
2012-02-04 11:32:56.600:  F0 04 3B 48 45 C2
2012-02-04 11:32:56.600:  BMBT --> GT  : BM Button, BM_Knob_long
2012-02-04 11:32:56.630:  3B 06 C8 31 42 02 2A AE
2012-02-04 11:32:56.630:  GT   --> TEL : Button, Button_A_pressed_long
2012-02-04 11:32:56.650:  C8 05 3B 23 63 20 96
2012-02-04 11:32:56.650:  TEL  --> GT  : Display Text, Layout=0x63:  Flags=CLS  F0=
2012-02-04 11:32:57.071:  F0 04 3B 48 85 02
2012-02-04 11:32:57.071:  BMBT --> GT  : BM Button, BM_Knob_released
2012-02-04 11:32:57.101:  3B 06 C8 31 42 02 4A CE
2012-02-04 11:32:57.101:  GT   --> TEL : Button, Button_A_released
2012-02-04 11:32:57.902:  E8 05 D0 59 50 00 34
2012-02-04 11:32:57.902:  RLS  --> LCM : Light control status, Control: Turn_lights_off Sensor_OK Level_Signal_invalid Reason:Data="50 00"
2012-02-04 11:32:58.032:  F0 03 68 01 9A
2012-02-04 11:32:58.032:  BMBT --> RAD : Device status request
2012-02-04 11:32:58.062:  68 05 BF 02 00 03 D3
2012-02-04 11:32:58.062:  RAD  --> GLO : Device status ready, 
2012-02-04 11:32:58.202:  F0 04 3B 49 01 87
2012-02-04 11:32:58.202:  BMBT --> GT  : BM_Knob, Left 1 step
2012-02-04 11:32:58.433:  F0 04 3B 49 01 87
2012-02-04 11:32:58.433:  BMBT --> GT  : BM_Knob, Left 1 step
2012-02-04 11:32:58.553:  80 0C E7 24 01 00 31 31 3A 33 35 20 20 72
2012-02-04 11:32:58.553:  IKE  --> ANZV: Update Text, Layout=Time  Flags=  F0="11:35  "
2012-02-04 11:32:58.583:  F0 04 3B 49 01 87
2012-02-04 11:32:58.583:  BMBT --> GT  : BM_Knob, Left 1 step
2012-02-04 11:32:58.663:  F0 04 3B 49 01 87
2012-02-04 11:32:58.663:  BMBT --> GT  : BM_Knob, Left 1 step
2012-02-04 11:32:58.783:  F0 04 3B 49 01 87
2012-02-04 11:32:58.783:  BMBT --> GT  : BM_Knob, Left 1 step
2012-02-04 11:32:58.893:  F0 04 3B 49 01 87
2012-02-04 11:32:58.893:  BMBT --> GT  : BM_Knob, Left 1 step
2012-02-04 11:32:59.004:  F0 04 3B 49 01 87
2012-02-04 11:32:59.004:  BMBT --> GT  : BM_Knob, Left 1 step
2012-02-04 11:32:59.124:  F0 04 3B 49 01 87
2012-02-04 11:32:59.124:  BMBT --> GT  : BM_Knob, Left 1 step
2012-02-04 11:32:59.164:  3B 03 ED 01 D4
2012-02-04 11:32:59.164:  GT   --> VID : Device status request
2012-02-04 11:32:59.184:  ED 04 3B 02 00 D0
2012-02-04 11:32:59.184:  VID  --> GT  : Device status ready, 
2012-02-04 11:32:59.234:  F0 04 3B 49 01 87
2012-02-04 11:32:59.234:  BMBT --> GT  : BM_Knob, Left 1 step
2012-02-04 11:32:59.584:  F0 04 3B 49 02 84
2012-02-04 11:32:59.584:  BMBT --> GT  : BM_Knob, Left 2 steps
2012-02-04 11:32:59.805:  F0 04 3B 49 01 87
2012-02-04 11:32:59.805:  BMBT --> GT  : BM_Knob, Left 1 step
2012-02-04 11:32:59.925:  F0 04 3B 49 01 87
2012-02-04 11:32:59.925:  BMBT --> GT  : BM_Knob, Left 1 step
2012-02-04 11:33:00.386:  F0 04 3B 49 01 87
2012-02-04 11:33:00.386:  BMBT --> GT  : BM_Knob, Left 1 step
2012-02-04 11:33:00.726:  F0 04 3B 48 05 82
2012-02-04 11:33:00.726:  BMBT --> GT  : BM Button, BM_Knob_pressed
2012-02-04 11:33:00.756:  3B 06 C8 31 42 08 0A 84
2012-02-04 11:33:00.756:  GT   --> TEL : Button, Button_A_pressed
2012-02-04 11:33:00.786:  C8 05 3B 23 63 20 96
2012-02-04 11:33:00.786:  TEL  --> GT  : Display Text, Layout=0x63:  Flags=CLS  F0=
2012-02-04 11:33:00.806:  F0 04 3B 48 85 02
2012-02-04 11:33:00.806:  BMBT --> GT  : BM Button, BM_Knob_released
2012-02-04 11:33:00.836:  C8 0C 3B 24 91 00 5F B7 B6 B5 B4 B3 B2 14
2012-02-04 11:33:00.836:  TEL  --> GT  : Update Text, Layout=0x91:  Flags=  F0="_·¶µ´³²"
2012-02-04 11:33:00.866:  3B 06 C8 31 42 08 4A C4
2012-02-04 11:33:00.866:  GT   --> TEL : Button, Button_A_released
2012-02-04 11:33:00.896:  C8 0B 3B 24 93 00 20 20 20 20 20 30 5F
2012-02-04 11:33:00.896:  TEL  --> GT  : Update Text, Layout=0x93:  Flags=  F0="     0"
2012-02-04 11:33:00.916:  C8 0C 3B 24 94 00 20 20 20 20 20 20 30 7F
2012-02-04 11:33:00.916:  TEL  --> GT  : Update Text, Layout=0x94:  Flags=  F0="      0"
2012-02-04 11:33:00.946:  C8 08 3B 24 96 00 20 20 30 79
2012-02-04 11:33:00.946:  TEL  --> GT  : Update Text, Layout=0x96:  Flags=  F0="  0"
2012-02-04 11:33:00.976:  C8 07 3B 24 97 00 20 30 57
2012-02-04 11:33:00.976:  TEL  --> GT  : Update Text, Layout=0x97:  Flags=  F0=" 0"
2012-02-04 11:33:00.996:  C8 08 3B 24 96 00 20 20 30 79
2012-02-04 11:33:00.996:  TEL  --> GT  : Update Text, Layout=0x96:  Flags=  F0="  0"
2012-02-04 11:33:01.027:  C8 07 3B 24 97 00 33 32 46
2012-02-04 11:33:01.027:  TEL  --> GT  : Update Text, Layout=0x97:  Flags=  F0="32"
2012-02-04 11:33:01.998:  F0 04 3B 48 05 82
2012-02-04 11:33:01.998:  BMBT --> GT  : BM Button, BM_Knob_pressed
2012-02-04 11:33:02.028:  3B 06 C8 31 20 07 1E FD
2012-02-04 11:33:02.028:  GT   --> TEL : Button, Button_E_pressed
2012-02-04 11:33:02.048:  C8 06 3B 21 42 02 20 B4
2012-02-04 11:33:02.048:  TEL  --> GT  : Menu Text, Layout=0x42:  Flags=CLS  F0=
2012-02-04 11:33:02.078:  C8 05 3B 23 63 20 96
2012-02-04 11:33:02.078:  TEL  --> GT  : Display Text, Layout=0x63:  Flags=CLS  F0=
2012-02-04 11:33:02.098:  F0 04 3B 48 85 02
2012-02-04 11:33:02.098:  BMBT --> GT  : BM Button, BM_Knob_released
2012-02-04 11:33:02.128:  3B 04 C8 22 00 D5
2012-02-04 11:33:02.128:  GT   --> TEL : Text display confirmation, Menu Text: 1 text message acknowledged
2012-02-04 11:33:02.158:  68 15 7F A8 30 83 99 39 31 ED 30 A3 42 58 00 00 30 24 99 91 2C A5 79
2012-02-04 11:33:02.158:  RAD  --> NAV : TMC data, Type30:  Group8_TMC_Data:  User_Msg,Multi_Grp,First_Grp Loc=12781 Evnt=313 Dir=Neg Extnt=3 ConIndex=3   Type30:  GroupA: Data="A3 42 58 00 00"   Type30:  Group2: Data="24 99 91 2C A5"
2012-02-04 11:33:03.670:  F0 04 FF 48 34 77
2012-02-04 11:33:03.670:  BMBT --> LOC : BM Button, MENU_pressed
2012-02-04 11:33:03.690:  F0 04 FF 48 B4 F7
2012-02-04 11:33:03.690:  BMBT --> LOC : BM Button, MENU_released
2012-02-04 11:33:03.720:  7F 04 43 AB 21 B2
2012-02-04 11:33:03.720:  NAV  --> GTF : Remote control status, , Data="21"
2012-02-04 11:33:03.740:  F0 04 FF 48 34 77
2012-02-04 11:33:03.740:  BMBT --> LOC : BM Button, MENU_pressed
2012-02-04 11:33:03.770:  F0 04 FF 48 B4 F7
2012-02-04 11:33:03.770:  BMBT --> LOC : BM Button, MENU_released
2012-02-04 11:33:04.502:  F0 04 3B 49 01 87
2012-02-04 11:33:04.502:  BMBT --> GT  : BM_Knob, Left 1 step
2012-02-04 11:33:04.852:  F0 04 3B 49 01 87
2012-02-04 11:33:04.852:  BMBT --> GT  : BM_Knob, Left 1 step
2012-02-04 11:33:05.192:  F0 04 3B 49 01 87
2012-02-04 11:33:05.192:  BMBT --> GT  : BM_Knob, Left 1 step
2012-02-04 11:33:05.533:  F0 04 3B 49 01 87
2012-02-04 11:33:05.533:  BMBT --> GT  : BM_Knob, Left 1 step
2012-02-04 11:33:05.873:  F0 04 3B 49 01 87
2012-02-04 11:33:05.873:  BMBT --> GT  : BM_Knob, Left 1 step
2012-02-04 11:33:06.564:  F0 04 3B 49 81 07
2012-02-04 11:33:06.564:  BMBT --> GT  : BM_Knob, Right 1 step
2012-02-04 11:33:06.905:  F0 04 3B 49 81 07
2012-02-04 11:33:06.905:  BMBT --> GT  : BM_Knob, Right 1 step
2012-02-04 11:33:07.826:  68 03 6A 01 00
2012-02-04 11:33:07.826:  RAD  --> DSP : Device status request
2012-02-04 11:33:07.846:  68 0F 7F A8 30 41 B5 32 A8 42 30 04 41 41 18 0C 8C
2012-02-04 11:33:07.846:  RAD  --> NAV : TMC data, Type30:  Group4_Clock_Date_&_Time: UTC_2012/02/04_10:33_+1h   Type30:  Group0Data="04 41 41 18 0C"
2012-02-04 11:33:07.926:  E8 05 D0 59 50 00 34
2012-02-04 11:33:07.926:  RLS  --> LCM : Light control status, Control: Turn_lights_off Sensor_OK Level_Signal_invalid Reason:Data="50 00"
2012-02-04 11:33:08.057:  F0 03 68 01 9A
2012-02-04 11:33:08.057:  BMBT --> RAD : Device status request
2012-02-04 11:33:08.077:  68 05 BF 02 00 03 D3
2012-02-04 11:33:08.077:  RAD  --> GLO : Device status ready, 
2012-02-04 11:33:08.167:  F0 04 3B 49 81 07
2012-02-04 11:33:08.167:  BMBT --> GT  : BM_Knob, Right 1 step
2012-02-04 11:33:09.148:  3B 03 F0 01 C9
2012-02-04 11:33:09.148:  GT   --> BMBT: Device status request
2012-02-04 11:33:09.168:  F0 04 3B 02 30 FD
2012-02-04 11:33:09.168:  BMBT --> GT  : Device status ready, Bit4 Bit5
2012-02-04 11:33:09.288:  7F 14 C8 A2 01 00 50 48 11 40 00 11 34 52 00 01 77 00 10 33 06 6D
2012-02-04 11:33:09.288:  NAV  --> TEL : Current position, GPS fix; 50°48'11.4"N  11°34'52.0"E; Alt 177m;  UTC 10:33:06
2012-02-04 11:33:09.338:  7F 23 C8 A4 00 01 50 45 52 4E 49 4B 00 00 00 00 00 00 00 00 00 00 00 00 00 00 00 00 00 00 00 00 00 00 00 00 3A
2012-02-04 11:33:09.338:  NAV  --> TEL : Current location, Town = PERNIK
2012-02-04 11:33:09.719:  68 05 76 38 00 00 23
2012-02-04 11:33:09.719:  RAD  --> CDCD: CD_control, Status_Request
2012-02-04 11:33:09.749:  68 05 18 38 00 00 4D
2012-02-04 11:33:09.749:  RAD  --> CDC : CD_control, Status_Request
2012-02-04 11:33:09.809:  7F 0B 80 1F 40 10 33 04 00 02 20 12 BC
2012-02-04 11:33:09.809:  NAV  --> IKE : Time & date, UTC  10:33 04 Februar 2012
2012-02-04 11:33:13.945:  68 15 7F A8 30 A5 88 3F 28 68 30 85 4E 93 F6 00 30 28 0F EE 28 68 EF
2012-02-04 11:33:13.945:  RAD  --> NAV : TMC data, Type30:  GroupA: Data="A5 88 3F 28 68"   Type30:  Group8_TMC_Data:  User_Msg,Multi_Grp ConIndex=5   Type30:  Group2: Data="28 0F EE 28 68"
2012-02-04 11:33:17.941:  E8 05 D0 59 50 00 34
2012-02-04 11:33:17.941:  RLS  --> LCM : Light control status, Control: Turn_lights_off Sensor_OK Level_Signal_invalid Reason:Data="50 00"
2012-02-04 11:33:18.071:  F0 03 68 01 9A
2012-02-04 11:33:18.071:  BMBT --> RAD : Device status request
2012-02-04 11:33:18.101:  68 05 BF 02 00 03 D3
2012-02-04 11:33:18.101:  RAD  --> GLO : Device status ready, 
2012-02-04 11:33:18.542:  ! NavCoder logging stopped by user
